LDEO LADCP software: Version IX_10
#################### step 1: LOAD LADCP DATA #########################
LOADING CHECKPOINT checkpoints/027_0
RE-LOADING PER-CAST PARAMETERS
{Warning: Directory already exists.} 
{> In <a href="matlab: opentoline('U:\LADCP\HUD2014017_Flem\proc\set_cast_params.m',38,1)">set_cast_params at 38</a>
  In <a href="matlab: opentoline('U:\LADCP\HUD2014017_Flem\begin_processing_step.m',23,1)">begin_processing_step at 23</a>
  In <a href="matlab: opentoline('U:\LADCP\HUD2014017_Flem\process_cast.m',162,1)">process_cast at 162</a>} 
LOADRDI:
 loading down-data raw/027AD000.000
 DETECTED BEAM coordinates: rotating to EARTH coordinates
 3359 3-beam solutions calculated (7% of total)
 read 4416 ensembles with 20 bins each
 DETECTED BEAM bottom track coordinates!
 0 3-beam solutions calculated (0% of total)
 loading up-data raw/027AU000.000
 DETECTED BEAM coordinates: rotating to EARTH coordinates
 2835 3-beam solutions calculated (6% of total)
 read 4414 ensemble and 20 bins 
 WARNING WARNING WARNING WARNING WARNING WARNING WARNING WARNING 
 warning instruments have no fixed ping rate 
  down dt for common ping number:1.8998  up dt :1.902 hours 
 find best time match of up-looking ADCP to down looking ADCP
 up instrument is different by 0 ensembles
 WARNING WARNING WARNING WARNING WARNING WARNING WARNING WARNING 
 bestlag removed 149 spikes
 try to shift timeseries by lag: 0 correlation: 0.99042
 shift ADCP timeseries by 0 ensembles
 number of joint ensembles is : 4416
 found 887 finite RDI bottom velocities
 removed 1 values because of error velocity > 0.5 m/s
 removed 107 bottom-track values because of error velocity > 0.5 m/s
 removed   9 values ( 0.20 %) because of horizontal speed > 2.5 m/s
 using whole profile since no start time was given
 removed 7 profiles due to tilt derivative > 4 degrees
 multiply weight of bin 1 by 0
 Outlier discarded 4657 bins down looking
 Outlier discarded 84 bottom track
 Outlier discarded 2537 bins up looking
 found local lookup table for serial # to instid 
 FINDLOG: search near file: raw/027AD000.000
 READSERIAL_WH: parse file raw/027AD000.LOG
 serial number is : 16389
 down looking serial number is : 16389
 FINDLOG: search near file: raw/027AU000.000
 READSERIAL_WH: parse file raw/027AU000.LOG
 serial number is : 13984
   up looking serial number is : 13984
==> STEP 1 TOOK 118.0 seconds
#################### step 2: FIX LADCP-DATA PROBLEMS #################
==> STEP 2 TOOK 0.0 seconds
#################### step 3: LOAD GPS DATA ###########################
LOADNAV: load NAV time series CTD/017a027.cnv
 number of NAV scans: 4965  delta t : 0.99999 seconds
executing magdec -45.7817 48.8986 2014 7 7
 corrected for magnetic declination of -17.7 deg
==> STEP 3 TOOK 1.0 seconds
#################### step 4: GET BOTTOM-TRACK DATA ###################
GETBTRACK creates own bottom track in addition to RDI
  in: p.btrk_mode 3 and p.btrk_used 1
 using increased bottom echo amplitudes to create bottom track
 localmax2: found 2389 valid values
 found 45 bottom depth below btrk_range 50
 use 0.5 bins below maximum target strength for own bottom track velocity
 created 1354 bottom distances keeping original
 removed 106 bottom track profiles W_btrk - W_ref difference > 0.05
 boutlier removed 12 bottom track velocities 
 created 742 bottom track velocities keeping original
 out: p.btrk_mode 3 and p.btrk_used 1
==> STEP 4 TOOK 0.9 seconds
#################### step 5: LOAD CTD PROFILE ########################
==> STEP 5 TOOK 0.0 seconds
#################### step 6: LOAD CTD TIME SERIES ####################
LOADCTD: load CTD time series CTD/017a027.cnv
 read 4965 CTD scans; median delta_t = 1.00 seconds
 interpolated to 4964 CTD scans; delta_t = 1.00 seconds
 90% LADCP depth  2099 at 07-Jul-2014 00:51:52
 90% CTD pressure 2137 at 07-Jul-2014 00:31:36
 adjusting GPS time to CTD time (+1215 seconds)
 Changed Start Time : 06-Jul-2014 23:50:31  to 07-Jul-2014 00:15:41
 Changed End   Time : 07-Jul-2014 01:44:33  to 07-Jul-2014 01:35:14
 median CTD time difference 0.99999 s
 removed 0 pressure spikes
 use 1 time base for W_ctd
 CTD max depth : 2341
 bestlag removed 18 spikes
 lag: 4  correlation: 0.95572
 bestlag removed 22 spikes
 lag: 4  correlation: 0.94998
 bestlag removed 24 spikes
 lag: 4  correlation: 0.96756
 bestlag removed 20 spikes
 lag: 4  correlation: 0.96495
 bestlag removed 22 spikes
 lag: 4  correlation: 0.99334
 bestlag removed 19 spikes
 lag: 4  correlation: 0.96032
 bestlag removed 20 spikes
 lag: 4  correlation: 0.96745
 bestlag removed 21 spikes
 lag: 4  correlation: 0.96192
 bestlag removed 20 spikes
 lag: 4  correlation: 0.95419
 bestlag removed 22 spikes
 lag: 4  correlation: 0.94972
 median lag 4
 most popular lag 4
 best correlated lag 4
 BESTTLAG:  lag is: 4  for which 111% of 9 lags agree
 best lag W: 4 CTD scans ~ -4 seconds  corr:0.99334
 adjust ADCP time to CTD time and shift depth record 
 made CTD profile from time series data. 
 update start pos  from:NaN°N     NaN'  NaN°E     NaN'
			to:48°N 53.8080'   45°W 47.3629'
 update end pos    from:NaN°N     NaN'  NaN°E     NaN'
			to:48°N 54.0491'   45°W 46.4429'
==> STEP 6 TOOK 1.8 seconds
#################### step 7: FIND SURFACE & SEA BED ##################
GETDPTHI: Depth from vertical velocity inverse method
 starting run 1 to get LADCP depth
 take soundspeed from CTD profile 
 correct velocities for sound speed 
 use CTD time series depth, will not do depth inversion 
 LADCP minus CTD depth mean: -5.2456  std: 5.6432
 maximum depth from int W is :2340
 should be                   :2340
  bottom found at 2343 +/- 1 m
 correct bin length for sound speed
 removing 1259 values below bottom
==> STEP 7 TOOK 1.4 seconds
#################### step 8: APPLY PITCH/ROLL CORRECTIONS ############
==> STEP 8 TOOK 0.0 seconds
#################### step 9: EDIT DATA ###############################
 bin masking               : set 3315 weights to NaN
 side-lobe contamination   : set 1089 weights to NaN
==> STEP 9 TOOK 0.3 seconds
#################### step 10: FORM SUPER ENSEMBLES ###################
PREPINV: prepare data for inversion, form Super-Ensembles
 average profiles over (p.avdz) 9.8893 meter
 discarded 2 bottom tracks velocities because of height above bottom < 50
 reduce weight for larger tilts 0.5 at 10 degree
 mean compass offset based on velocity is 0.54796 deg
 mean compass offset based on tilt is -0.28956 deg
 rot up2down use mean up/down compass
 will not correct for sound speed twice
 remove reference velocity and average ensembles 
 Outlier discarded 338 bins down looking
 Outlier discarded 394 bins up looking
 found 0 bottom track std==0 set to 0.1 m/s
 found 25 finite bottom track ensembles
 discarded 2 bottom tracks velocities because of wstd  > 0.21717
 set 61 weight values to nan  because super ensemble std =0 
 set 102 values to minimum super ensemble std 0.037981
 reduced ensemble size is 375
==> STEP 10 TOOK 7.9 seconds
#################### step 11: REMOVE SUPER-ENSEMBLE OUTLIERS #########
==> STEP 11 TOOK 1.2 seconds
#################### step 12: RE-FORM SUPER ENSEMBLES ################
 mean compass offset based on tilt is -0.28956 deg
 remove first guess ocean velocity from raw data
 adjusted for velocity offset in up and down looking ADCP
 remove first guess ocean velocity from raw data
 rot up2down use mean up/down compass
 rotated earlier, use difference 
 will not correct for sound speed twice
 remove reference velocity and average ensembles 
 Outlier discarded 346 bins down looking
 Outlier discarded 392 bins up looking
 found 0 bottom track std==0 set to 0.1 m/s
 found 25 finite bottom track ensembles
 discarded 2 bottom tracks velocities because of wstd  > 0.21717
 set 65 weight values to nan  because super ensemble std =0 
 set 101 values to minimum super ensemble std 0.037981
 reduced ensemble size is 375
==> STEP 12 TOOK 8.9 seconds
#################### step 13: (RE-)LOAD SADCP DATA ###################
LOADSADCP: load SADCP data file SADCP/SADCP_hud2014017.mat
 found 5 SADCP profiles 
==> STEP 13 TOOK 0.2 seconds
#################### step 14: CALCULATE INVERSE SOLUTION #############
GETINV:  compute best velocity profile
 Barotropic velocity error 0.012571 [m/s]
 super ensemble velocity error 0.022246 [m/s]
 set velocity error to:0.036995 [m/s]
 vertical resolution (ps.dz) is 9.8839 [m]
 use super ensemble std based weights normalized by 0.036995 m/s 
 preaveraged GPS ships vel 1 times 
 remove 696 constaints below minimum weight 
 smooth Ocean velocity profile
 found 2 ill constrained elements will smooth 
 smooth CTD velocity profile
 no smoothness constraint applied 
 bottom inversion 
 23 bottom track ctd-vel weights of about : 1.7033
 weight for bottom track is (ps.botfac) 1
 mean sadcp weight : 0.47178
 weight for SADCP vel is (ps.sadcpfac) 1
 lainbaro: 2% of profile have no useful data 
 normalized barotropic constrain weight: 2.5391
 mean individual ctd velocity weight : 180.354
 ready for inversion  length of  d:  10110
           (CTD vel)  length of A1:    375
         (ocean vel)  length of A2:    235
Moore-Penrose inverse
 solve only down trace
 smooth Ocean velocity profile
 found 2 ill constrained elements will smooth 
 smooth CTD velocity profile
 no smoothness constraint applied 
Moore-Penrose inverse w/o errors
 solve only up trace
 smooth Ocean velocity profile
 found 2 ill constrained elements will smooth 
 smooth CTD velocity profile
 found 1 ill constrained elements will smooth 
Moore-Penrose inverse w/o errors
CHECKINV all values are given in [m/s] 
 Velocity profile error:  0.034  should be about noise:  0.026
 Check bottom track rms:  0.022  should be smaller than  0.071 /  1.000
 Check SADCP        rms:  0.034  should be smaller than  0.082 /  1.000
 GPS-LADCP ship spd diff: 0.001  should be smaller than  0.013 /  1.000
 use reference layer W
CHECKBTRK: check bottom track against U_ctd solution 
 profiles within give acceptable range: 320
  U bias : 0.008 [m/s]  std: 0.047 [m/s]
  V bias :-0.001 [m/s]  std: 0.055 [m/s]
  W bias : 0.004 [m/s]  std: 0.030 [m/s]
  W slope fact :0.0054 [1/m] lower W below bottom 
  W diff :0.2906 [m/s] ping to ping w difference 
  H std :   2.3 [m]  large means bottom is rough/sloped
  Tilt mean :1.8 +/- 0.8 [^o]  
==> STEP 14 TOOK 5.4 seconds
#################### step 15: CALCULATE SHEAR SOLUTION ###############
GETSHEAR2: average shear profile over (ps.dz) 9.8839 [m]
 maximum std (stdf) 2 of data 
 minimum weight  0.1 of data 
 will use 100 % of data 
==> STEP 15 TOOK 0.4 seconds
#################### step 16: CALCULATE DIFFUSIVITY PROFILE ##########
==> STEP 16 TOOK 0.0 seconds
#################### step 17: PLOT RESULTS & SHOW WARNINGS ###########
 do not know calibration of this instrument make a guess: 
 Battery Voltage is 51.8 V
LADCP WARNINGS                               
 warning instruments have no fixed ping rate 
 
 LADCP processing warnings: 
==> STEP 17 TOOK 0.5 seconds
#################### step 18: SAVE OUTPUT ############################
 save results 
