LDEO LADCP software: Version IX_10
#################### step 1: LOAD LADCP DATA #########################
LOADING CHECKPOINT checkpoints/036_0
RE-LOADING PER-CAST PARAMETERS
{Warning: Directory already exists.} 
{> In <a href="matlab: opentoline('U:\LADCP\HUD2014017_Flem\proc\set_cast_params.m',38,1)">set_cast_params at 38</a>
  In <a href="matlab: opentoline('U:\LADCP\HUD2014017_Flem\begin_processing_step.m',23,1)">begin_processing_step at 23</a>
  In <a href="matlab: opentoline('U:\LADCP\HUD2014017_Flem\process_cast.m',162,1)">process_cast at 162</a>} 
LOADRDI:
 loading down-data raw/036AD000.000
 DETECTED BEAM coordinates: rotating to EARTH coordinates
 2761 3-beam solutions calculated (6% of total)
 read 3502 ensembles with 20 bins each
 DETECTED BEAM bottom track coordinates!
 0 3-beam solutions calculated (0% of total)
 loading up-data raw/036AU000.000
 DETECTED BEAM coordinates: rotating to EARTH coordinates
 2619 3-beam solutions calculated (6% of total)
 read 3501 ensemble and 20 bins 
 WARNING WARNING WARNING WARNING WARNING WARNING WARNING WARNING 
 warning instruments have no fixed ping rate 
  down dt for common ping number:1.5068  up dt :1.509 hours 
 find best time match of up-looking ADCP to down looking ADCP
 up instrument is different by 0 ensembles
 WARNING WARNING WARNING WARNING WARNING WARNING WARNING WARNING 
 bestlag removed 135 spikes
 try to shift timeseries by lag: 1 correlation: 0.98934
 shift ADCP timeseries by 1 ensembles
 number of joint ensembles is : 3501
 found 854 finite RDI bottom velocities
 removed 4 values because of error velocity > 0.5 m/s
 removed 66 bottom-track values because of error velocity > 0.5 m/s
 removed  19 values ( 0.54 %) because of horizontal speed > 2.5 m/s
 using whole profile since no start time was given
 multiply weight of bin 1 by 0
 Outlier discarded 3651 bins down looking
 Outlier discarded 108 bottom track
 Outlier discarded 2509 bins up looking
 found local lookup table for serial # to instid 
 FINDLOG: search near file: raw/036AD000.000
 READSERIAL_WH: parse file raw/036AD000.LOG
 serial number is : 16389
 down looking serial number is : 16389
 FINDLOG: search near file: raw/036AU000.000
 READSERIAL_WH: parse file raw/036AU000.LOG
 serial number is : 13984
   up looking serial number is : 13984
==> STEP 1 TOOK 99.6 seconds
#################### step 2: FIX LADCP-DATA PROBLEMS #################
==> STEP 2 TOOK 0.0 seconds
#################### step 3: LOAD GPS DATA ###########################
LOADNAV: load NAV time series CTD/017a036.cnv
 number of NAV scans: 4730  delta t : 0.99999 seconds
executing magdec -46.6678 48.4449 2014 7 9
 corrected for magnetic declination of -17.8 deg
==> STEP 3 TOOK 1.3 seconds
#################### step 4: GET BOTTOM-TRACK DATA ###################
GETBTRACK creates own bottom track in addition to RDI
  in: p.btrk_mode 3 and p.btrk_used 1
 using increased bottom echo amplitudes to create bottom track
 localmax2: found 2373 valid values
 found 46 bottom depth below btrk_range 50
 use 0.5 bins below maximum target strength for own bottom track velocity
 created 1304 bottom distances keeping original
 removed 77 bottom track profiles W_btrk - W_ref difference > 0.05
 boutlier removed 28 bottom track velocities 
 created 730 bottom track velocities keeping original
 out: p.btrk_mode 3 and p.btrk_used 1
==> STEP 4 TOOK 0.9 seconds
#################### step 5: LOAD CTD PROFILE ########################
==> STEP 5 TOOK 0.0 seconds
#################### step 6: LOAD CTD TIME SERIES ####################
LOADCTD: load CTD time series CTD/017a036.cnv
 read 4730 CTD scans; median delta_t = 1.00 seconds
 interpolated to 4729 CTD scans; delta_t = 1.00 seconds
 90% LADCP depth  1935 at 09-Jul-2014 20:45:15
 90% CTD pressure 1949 at 09-Jul-2014 20:41:07
 adjusting GPS time to CTD time (+247 seconds)
 Changed Start Time : 09-Jul-2014 20:00:05  to 09-Jul-2014 20:09:36
 Changed End   Time : 09-Jul-2014 21:30:30  to 09-Jul-2014 21:25:23
 median CTD time difference 0.99999 s
 removed 0 pressure spikes
 use 1 time base for W_ctd
 CTD max depth : 2136
 bestlag removed 15 spikes
 lag: 7  correlation: 0.92054
 bestlag removed 16 spikes
 lag: 7  correlation: 0.94053
 bestlag removed 20 spikes
 lag: 7  correlation: 0.94246
 bestlag removed 18 spikes
 lag: 7  correlation: 0.94841
 bestlag removed 33 spikes
 lag: 7  correlation: 0.99403
 bestlag removed 21 spikes
 lag: 7  correlation: 0.94596
 bestlag removed 25 spikes
 lag: 7  correlation: 0.95256
 bestlag removed 23 spikes
 lag: 7  correlation: 0.94436
 bestlag removed 16 spikes
 lag: 7  correlation: 0.94117
 median lag 7
 most popular lag 7
 best correlated lag 7
 BESTTLAG:  lag is: 7  for which 113% of 8 lags agree
 best lag W: 7 CTD scans ~ -7 seconds  corr:0.99403
 adjust ADCP time to CTD time and shift depth record 
 made CTD profile from time series data. 
 update start pos  from:NaN°N     NaN'  NaN°E     NaN'
			to:48°N 26.5608'   46°W 40.6932'
 update end pos    from:NaN°N     NaN'  NaN°E     NaN'
			to:48°N 26.7960'   46°W 39.6384'
==> STEP 6 TOOK 2.3 seconds
#################### step 7: FIND SURFACE & SEA BED ##################
GETDPTHI: Depth from vertical velocity inverse method
 starting run 1 to get LADCP depth
 take soundspeed from CTD profile 
 correct velocities for sound speed 
 use CTD time series depth, will not do depth inversion 
 LADCP minus CTD depth mean: -5.3811  std: 2.8151
 maximum depth from int W is :2136
 should be                   :2136
  bottom found at 2140 +/- 1 m
 correct bin length for sound speed
 removing 1072 values below bottom
==> STEP 7 TOOK 1.4 seconds
#################### step 8: APPLY PITCH/ROLL CORRECTIONS ############
==> STEP 8 TOOK 0.0 seconds
#################### step 9: EDIT DATA ###############################
 bin masking               : set 3304 weights to NaN
 side-lobe contamination   : set 1263 weights to NaN
==> STEP 9 TOOK 0.3 seconds
#################### step 10: FORM SUPER ENSEMBLES ###################
PREPINV: prepare data for inversion, form Super-Ensembles
 average profiles over (p.avdz) 9.8597 meter
 discarded 1 bottom tracks velocities because of height above bottom < 50
 reduce weight for larger tilts 0.5 at 10 degree
 mean compass offset based on velocity is 0.66697 deg
 mean compass offset based on tilt is 0.13138 deg
 rot up2down use mean up/down compass
 will not correct for sound speed twice
 remove reference velocity and average ensembles 
 Outlier discarded 327 bins down looking
 Outlier discarded 352 bins up looking
 found 0 bottom track std==0 set to 0.1 m/s
 found 25 finite bottom track ensembles
 discarded 1 bottom tracks velocities because of wstd  > 0.18623
 set 62 weight values to nan  because super ensemble std =0 
 set 84 values to minimum super ensemble std 0.038467
 reduced ensemble size is 346
==> STEP 10 TOOK 7.4 seconds
#################### step 11: REMOVE SUPER-ENSEMBLE OUTLIERS #########
==> STEP 11 TOOK 1.1 seconds
#################### step 12: RE-FORM SUPER ENSEMBLES ################
 mean compass offset based on tilt is 0.13138 deg
 remove first guess ocean velocity from raw data
 adjusted for velocity offset in up and down looking ADCP
 remove first guess ocean velocity from raw data
 rot up2down use mean up/down compass
 rotated earlier, use difference 
 will not correct for sound speed twice
 remove reference velocity and average ensembles 
 Outlier discarded 334 bins down looking
 Outlier discarded 346 bins up looking
 found 0 bottom track std==0 set to 0.1 m/s
 found 25 finite bottom track ensembles
 discarded 1 bottom tracks velocities because of wstd  > 0.18623
 set 59 weight values to nan  because super ensemble std =0 
 set 72 values to minimum super ensemble std 0.038467
 reduced ensemble size is 346
==> STEP 12 TOOK 8.4 seconds
#################### step 13: (RE-)LOAD SADCP DATA ###################
LOADSADCP: load SADCP data file SADCP/SADCP_hud2014017.mat
 no finite SADCP data found 
==> STEP 13 TOOK 0.3 seconds
#################### step 14: CALCULATE INVERSE SOLUTION #############
GETINV:  compute best velocity profile
 Barotropic velocity error 0.013196 [m/s]
 super ensemble velocity error 0.021018 [m/s]
 set velocity error to:0.038327 [m/s]
 vertical resolution (ps.dz) is 9.8546 [m]
 use super ensemble std based weights normalized by 0.038327 m/s 
 preaveraged GPS ships vel 2 times 
 remove 701 constaints below minimum weight 
 smooth Ocean velocity profile
 found 2 ill constrained elements will smooth 
 smooth CTD velocity profile
 no smoothness constraint applied 
 bottom inversion 
 24 bottom track ctd-vel weights of about : 2.521
 weight for bottom track is (ps.botfac) 1
 no SADCP data
 normalized barotropic constrain weight: 2.9046
 mean individual ctd velocity weight : 201.1091
 ready for inversion  length of  d:   9364
           (CTD vel)  length of A1:    345
         (ocean vel)  length of A2:    216
Moore-Penrose inverse
 solve only down trace
 smooth Ocean velocity profile
 found 2 ill constrained elements will smooth 
 smooth CTD velocity profile
 no smoothness constraint applied 
Moore-Penrose inverse w/o errors
 solve only up trace
 smooth Ocean velocity profile
 found 5 ill constrained elements will smooth 
 smooth CTD velocity profile
 no smoothness constraint applied 
Moore-Penrose inverse w/o errors
CHECKINV all values are given in [m/s] 
 Velocity profile error:  0.036  should be about noise:  0.027
 Check bottom track rms:  0.014  should be smaller than  0.056 /  1.000
 GPS-LADCP ship spd diff: 0.001  should be smaller than  0.013 /  1.000
 use reference layer W
CHECKBTRK: check bottom track against U_ctd solution 
 profiles within give acceptable range: 331
  U bias : 0.001 [m/s]  std: 0.042 [m/s]
  V bias :-0.002 [m/s]  std: 0.038 [m/s]
  W bias :-0.004 [m/s]  std: 0.027 [m/s]
  W slope fact :0.0064 [1/m] lower W below bottom 
  W diff :0.2554 [m/s] ping to ping w difference 
  H std :   1.1 [m]  large means bottom is rough/sloped
  Tilt mean :1.7 +/- 0.7 [^o]  
==> STEP 14 TOOK 5.4 seconds
#################### step 15: CALCULATE SHEAR SOLUTION ###############
GETSHEAR2: average shear profile over (ps.dz) 9.8546 [m]
 maximum std (stdf) 2 of data 
 minimum weight  0.1 of data 
 will use 100 % of data 
 increased error because of shear - inverse difference
==> STEP 15 TOOK 0.3 seconds
#################### step 16: CALCULATE DIFFUSIVITY PROFILE ##########
==> STEP 16 TOOK 0.0 seconds
#################### step 17: PLOT RESULTS & SHOW WARNINGS ###########
 do not know calibration of this instrument make a guess: 
 Battery Voltage is 51.7 V
LADCP WARNINGS                               
 warning instruments have no fixed ping rate 
 
 LADCP processing warnings: 
==> STEP 17 TOOK 0.5 seconds
#################### step 18: SAVE OUTPUT ############################
 save results 
