LDEO LADCP software: Version IX_10
#################### step 1: LOAD LADCP DATA #########################
LOADING CHECKPOINT checkpoints/028_0
RE-LOADING PER-CAST PARAMETERS
[Warning: Directory already exists.] 
[> In <a href="matlab: opentoline('U:\LADCP\HUD2013021_Flem_softwareUPDATE\proc\set_cast_params.m',38,1)">set_cast_params at 38</a>
  In <a href="matlab: opentoline('U:\LADCP\HUD2013021_Flem_softwareUPDATE\begin_processing_step.m',23,1)">begin_processing_step at 23</a>
  In <a href="matlab: opentoline('U:\LADCP\HUD2013021_Flem_softwareUPDATE\process_cast.m',162,1)">process_cast at 162</a>] 
LOADRDI:
 loading down-data raw/028AD000.000
 read 2006 ensembles with 20 bins each
 loading up-data raw/028AU000.000
 read 2009 ensemble and 20 bins 
 WARNING WARNING WARNING WARNING WARNING WARNING WARNING WARNING 
 warning instruments have no fixed ping rate 
  down dt for common ping number:0.86318  up dt :0.86672 hours 
 find best time match of up-looking ADCP to down looking ADCP
 up instrument is different by 1 ensembles
 WARNING WARNING WARNING WARNING WARNING WARNING WARNING WARNING 
 bestlag removed 59 spikes
 try to shift timeseries by lag: 0 correlation: 0.97513
 shift ADCP timeseries by 0 ensembles
 number of joint ensembles is : 2006
 found 314 finite RDI bottom velocities
 removed 1178 values because of error velocity > 0.5 m/s
 removed 33 bottom-track values because of error velocity > 0.5 m/s
 removed  27 values ( 1.35 %) because of horizontal speed > 2.5 m/s
 **  found  11 ( 0.55 %) horizontal velocities > 2.5 m/s in middle hour of cast
** WARNING  check maximum velocity setting on CMD-file   ** 
 using whole profile since no start time was given
 removed 45 profiles due to tilt derivative > 4 degrees
 multiply weight of bin 1 by 0
 Outlier discarded 1412 bins down looking
 Outlier discarded 20 bottom track
 Outlier discarded 1011 bins up looking
 found local lookup table for serial # to instid 
 FINDLOG: search near file: raw/028AD000.000
 READSERIAL_WH: parse file raw/028AD000.LOG
 serial number is : 16389
 down looking serial number is : 16389
 FINDLOG: search near file: raw/028AU000.000
 READSERIAL_WH: parse file raw/028AU000.LOG
 serial number is : 13984
   up looking serial number is : 13984
==> STEP 1 TOOK 57.7 seconds
#################### step 2: FIX LADCP-DATA PROBLEMS #################
==> STEP 2 TOOK 0.0 seconds
#################### step 3: LOAD GPS DATA ###########################
LOADNAV: load NAV time series CTD/021a028.cnv
 number of NAV scans: 1967  delta t : 0.99999 seconds
executing magdec -46.061 47.8994 2013 7 3
 corrected for magnetic declination of -17.7 deg
==> STEP 3 TOOK 4.5 seconds
#################### step 4: GET BOTTOM-TRACK DATA ###################
GETBTRACK creates own bottom track in addition to RDI
  in: p.btrk_mode 3 and p.btrk_used 1
 using increased bottom echo amplitudes to create bottom track
 localmax2: found 1060 valid values
 found 37 bottom depth below btrk_range 50
 use 0.5 bins below maximum target strength for own bottom track velocity
 created 474 bottom distances keeping original
 removed 49 bottom track profiles W_btrk - W_ref difference > 0.05
 boutlier removed 11 bottom track velocities 
 created 326 bottom track velocities keeping original
 out: p.btrk_mode 3 and p.btrk_used 1
==> STEP 4 TOOK 1.5 seconds
#################### step 5: LOAD CTD PROFILE ########################
==> STEP 5 TOOK 0.0 seconds
#################### step 6: LOAD CTD TIME SERIES ####################
LOADCTD: load CTD time series CTD/021a028.cnv
 read 1967 CTD scans; median delta_t = 1.00 seconds
 interpolated to 1966 CTD scans; delta_t = 1.00 seconds
 90% LADCP depth  813 at 03-Jul-2013 01:06:31
 90% CTD pressure 814 at 03-Jul-2013 00:57:15
 adjusting GPS time to CTD time (+556 seconds)
 Changed Start Time : 03-Jul-2013 00:35:22  to 03-Jul-2013 00:53:12
 Changed End   Time : 03-Jul-2013 01:27:10  to 03-Jul-2013 01:21:58
 median CTD time difference 0.99999 s
 removed 0 pressure spikes
 use 1 time base for W_ctd
 CTD max depth : 895
 bestlag removed 18 spikes
 lag: 1  correlation: 0.94371
 bestlag removed 16 spikes
 lag: 1  correlation: 0.93449
 bestlag removed 23 spikes
 lag: 1  correlation: 0.98344
 bestlag removed 21 spikes
 lag: 1  correlation: 0.94277
 bestlag removed 16 spikes
 lag: 1  correlation: 0.94703
 median lag 1
 most popular lag 1
 best correlated lag 1
 BESTTLAG:  lag is: 1  for which 125% of 4 lags agree
 best lag W: 1 CTD scans ~ -1 seconds  corr:0.98344
 adjust ADCP time to CTD time and shift depth record 
 made CTD profile from time series data. 
 update start pos  from:NaN°N     NaN'  NaN°E     NaN'
			to:47°N 53.9580'   46°W  3.7176'
 update end pos    from:NaN°N     NaN'  NaN°E     NaN'
			to:47°N 53.9652'   46°W  3.6024'
==> STEP 6 TOOK 6.1 seconds
#################### step 7: FIND SURFACE & SEA BED ##################
GETDPTHI: Depth from vertical velocity inverse method
 starting run 1 to get LADCP depth
 take soundspeed from CTD profile 
 correct velocities for sound speed 
 use CTD time series depth, will not do depth inversion 
 LADCP minus CTD depth mean: -0.37384  std: 1.9458
 maximum depth from int W is :895
 should be                   :895
  bottom found at 903 +/- 0 m
 correct bin length for sound speed
 removing 507 values below bottom
==> STEP 7 TOOK 2.9 seconds
#################### step 8: APPLY PITCH/ROLL CORRECTIONS ############
==> STEP 8 TOOK 0.0 seconds
#################### step 9: EDIT DATA ###############################
 bin masking               : set 1946 weights to NaN
 side-lobe contamination   : set 829 weights to NaN
 spike filter              : set 6 weights to NaN
==> STEP 9 TOOK 0.3 seconds
#################### step 10: FORM SUPER ENSEMBLES ###################
PREPINV: prepare data for inversion, form Super-Ensembles
 average profiles over (p.avdz) 9.817 meter
 discarded 1 bottom tracks velocities because of height above bottom < 50
 reduce weight for larger tilts 0.5 at 10 degree
 mean compass offset based on velocity is -1.6305 deg
 mean compass offset based on tilt is -1.4675 deg
 rot up2down use mean up/down compass
 will not correct for sound speed twice
 remove reference velocity and average ensembles 
 Outlier discarded 124 bins down looking
 Outlier discarded 171 bins up looking
 found 1 bottom track std==0 set to 0.1 m/s
 found 24 finite bottom track ensembles
 discarded 2 bottom tracks velocities because of wstd  > 0.4118
 set 16 weight values to nan  because super ensemble std =0 
 set 101 values to minimum super ensemble std 0.051017
 reduced ensemble size is 141
==> STEP 10 TOOK 3.4 seconds
#################### step 11: REMOVE SUPER-ENSEMBLE OUTLIERS #########
==> STEP 11 TOOK 1.6 seconds
#################### step 12: RE-FORM SUPER ENSEMBLES ################
 mean compass offset based on tilt is -1.4675 deg
 remove first guess ocean velocity from raw data
 adjusted for velocity offset in up and down looking ADCP
 remove first guess ocean velocity from raw data
 rot up2down use mean up/down compass
 rotated earlier, use difference 
 will not correct for sound speed twice
 remove reference velocity and average ensembles 
 Outlier discarded 133 bins down looking
 Outlier discarded 166 bins up looking
 found 1 bottom track std==0 set to 0.1 m/s
 found 24 finite bottom track ensembles
 discarded 2 bottom tracks velocities because of wstd  > 0.4118
 set 18 weight values to nan  because super ensemble std =0 
 set 123 values to minimum super ensemble std 0.051017
 reduced ensemble size is 141
==> STEP 12 TOOK 3.7 seconds
#################### step 13: (RE-)LOAD SADCP DATA ###################
LOADSADCP: load SADCP data file SADCP/SADCP_hud2013021.mat
 found 2 SADCP profiles 
==> STEP 13 TOOK 0.2 seconds
#################### step 14: CALCULATE INVERSE SOLUTION #############
GETINV:  compute best velocity profile
 Barotropic velocity error 0.034762 [m/s]
 super ensemble velocity error 0.027597 [m/s]
 set velocity error to:0.03835 [m/s]
 vertical resolution (ps.dz) is 9.8156 [m]
 use super ensemble std based weights normalized by 0.03835 m/s 
 preaveraged GPS ships vel 1 times 
 remove 681 constaints below minimum weight 
 smooth Ocean velocity profile
 found 1 ill constrained elements will smooth 
 smooth CTD velocity profile
 no smoothness constraint applied 
 bottom inversion 
 22 bottom track ctd-vel weights of about : 1.9573
 weight for bottom track is (ps.botfac) 1
 mean sadcp weight : 0.88778
 weight for SADCP vel is (ps.sadcpfac) 1
 normalized barotropic constrain weight: 1.1032
 mean individual ctd velocity weight : 45.4767
 ready for inversion  length of  d:   3878
           (CTD vel)  length of A1:    141
         (ocean vel)  length of A2:     90
Moore-Penrose inverse
 solve only down trace
 smooth Ocean velocity profile
 found 1 ill constrained elements will smooth 
 smooth CTD velocity profile
 no smoothness constraint applied 
Moore-Penrose inverse w/o errors
 solve only up trace
 smooth Ocean velocity profile
 found 1 ill constrained elements will smooth 
 smooth CTD velocity profile
 found 1 ill constrained elements will smooth 
Moore-Penrose inverse w/o errors
CHECKINV all values are given in [m/s] 
 Velocity profile error:  0.037  should be about noise:  0.028
 Check bottom track rms:  0.016  should be smaller than  0.071 /  1.000
 Check SADCP        rms:  0.030  should be smaller than  0.056 /  1.000
 GPS-LADCP ship spd diff: 0.003  should be smaller than  0.035 /  1.000
 use reference layer W
CHECKBTRK: check bottom track against U_ctd solution 
 profiles within give acceptable range: 279
  U bias : 0.000 [m/s]  std: 0.049 [m/s]
  V bias :-0.000 [m/s]  std: 0.044 [m/s]
  W bias : 0.007 [m/s]  std: 0.034 [m/s]
  W slope fact :0.0102 [1/m] lower W below bottom 
  W diff :0.5162 [m/s] ping to ping w difference 
  H std :   0.9 [m]  large means bottom is rough/sloped
  Tilt mean :2.0 +/- 1.0 [^o]  
==> STEP 14 TOOK 4.2 seconds
#################### step 15: CALCULATE SHEAR SOLUTION ###############
GETSHEAR2: average shear profile over (ps.dz) 9.8156 [m]
 maximum std (stdf) 2 of data 
 minimum weight  0.1 of data 
 will use 100 % of data 
==> STEP 15 TOOK 0.1 seconds
#################### step 16: CALCULATE DIFFUSIVITY PROFILE ##########
==> STEP 16 TOOK 0.0 seconds
#################### step 17: PLOT RESULTS & SHOW WARNINGS ###########
 do not know calibration of this instrument make a guess: 
 Battery Voltage is 51.8 V
LADCP WARNINGS                               
 warning instruments have no fixed ping rate 
 
 LADCP processing warnings: 
==> STEP 17 TOOK 0.6 seconds
#################### step 18: SAVE OUTPUT ############################
 save results 
