LDEO LADCP software: Version IX_10
#################### step 1: LOAD LADCP DATA #########################
LOADING CHECKPOINT checkpoints/039_0
RE-LOADING PER-CAST PARAMETERS
[Warning: Directory already exists.] 
[> In <a href="matlab: opentoline('U:\LADCP\HUD2013021_Flem_softwareUPDATE\proc\set_cast_params.m',38,1)">set_cast_params at 38</a>
  In <a href="matlab: opentoline('U:\Ladcp\HUD2013021_Flem_softwareUPDATE\begin_processing_step.m',23,1)">begin_processing_step at 23</a>
  In <a href="matlab: opentoline('U:\Ladcp\HUD2013021_Flem_softwareUPDATE\process_cast.m',162,1)">process_cast at 162</a>] 
LOADRDI:
 loading down-data raw/039AD000.000
 read 3449 ensembles with 20 bins each
 loading up-data raw/039AU000.000
 read 3453 ensemble and 20 bins 
 WARNING WARNING WARNING WARNING WARNING WARNING WARNING WARNING 
 warning instruments have no fixed ping rate 
  down dt for common ping number:1.4844  up dt :1.488 hours 
 find best time match of up-looking ADCP to down looking ADCP
 up instrument is different by 1 ensembles
 WARNING WARNING WARNING WARNING WARNING WARNING WARNING WARNING 
 bestlag removed 121 spikes
 try to shift timeseries by lag: 0 correlation: 0.98994
 shift ADCP timeseries by 0 ensembles
 number of joint ensembles is : 3449
 found 429 finite RDI bottom velocities
 removed 833 values because of error velocity > 0.5 m/s
 removed 57 bottom-track values because of error velocity > 0.5 m/s
 removed  19 values ( 0.55 %) because of horizontal speed > 2.5 m/s
 using whole profile since no start time was given
 removed 2 profiles due to tilt derivative > 4 degrees
 multiply weight of bin 1 by 0
 Outlier discarded 2543 bins down looking
 Outlier discarded 48 bottom track
 Outlier discarded 2021 bins up looking
 found local lookup table for serial # to instid 
 FINDLOG: search near file: raw/039AD000.000
 READSERIAL_WH: parse file raw/039AD000.LOG
 serial number is : 16389
 down looking serial number is : 16389
 FINDLOG: search near file: raw/039AU000.000
 READSERIAL_WH: parse file raw/039AU000.LOG
 serial number is : 13984
   up looking serial number is : 13984
==> STEP 1 TOOK 117.7 seconds
#################### step 2: FIX LADCP-DATA PROBLEMS #################
==> STEP 2 TOOK 0.0 seconds
#################### step 3: LOAD GPS DATA ###########################
LOADNAV: load NAV time series CTD/021a039.cnv
 number of NAV scans: 4189  delta t : 0.99999 seconds
executing magdec -46.6677 48.4437 2013 7 3
 corrected for magnetic declination of -18.0 deg
==> STEP 3 TOOK 1.2 seconds
#################### step 4: GET BOTTOM-TRACK DATA ###################
GETBTRACK creates own bottom track in addition to RDI
  in: p.btrk_mode 3 and p.btrk_used 1
 using increased bottom echo amplitudes to create bottom track
 localmax2: found 2030 valid values
 found 36 bottom depth below btrk_range 50
 use 0.5 bins below maximum target strength for own bottom track velocity
 created 1189 bottom distances keeping original
 removed 84 bottom track profiles W_btrk - W_ref difference > 0.05
 boutlier removed 38 bottom track velocities 
 created 578 bottom track velocities keeping original
 out: p.btrk_mode 3 and p.btrk_used 1
==> STEP 4 TOOK 0.8 seconds
#################### step 5: LOAD CTD PROFILE ########################
==> STEP 5 TOOK 0.0 seconds
#################### step 6: LOAD CTD TIME SERIES ####################
LOADCTD: load CTD time series CTD/021a039.cnv
 read 4189 CTD scans; median delta_t = 1.00 seconds
 interpolated to 4188 CTD scans; delta_t = 1.00 seconds
 90% LADCP depth  1953 at 03-Jul-2013 22:19:59
 90% CTD pressure 1944 at 03-Jul-2013 22:11:52
 adjusting GPS time to CTD time (+486 seconds)
 Changed Start Time : 03-Jul-2013 21:31:03  to 03-Jul-2013 21:49:14
 Changed End   Time : 03-Jul-2013 23:00:07  to 03-Jul-2013 22:55:44
 median CTD time difference 0.99999 s
 removed 0 pressure spikes
 use 1 time base for W_ctd
 CTD max depth : 2130
 bestlag removed 22 spikes
 lag: 3  correlation: 0.91779
 bestlag removed 21 spikes
 lag: 3  correlation: 0.94204
 bestlag removed 23 spikes
 lag: 3  correlation: 0.93738
 bestlag removed 17 spikes
 lag: 3  correlation: 0.98618
 bestlag removed 21 spikes
 lag: 3  correlation: 0.95137
 lag: 3  correlation: 0.92464
 bestlag removed 25 spikes
 lag: 3  correlation: 0.94419
 bestlag removed 22 spikes
 lag: 3  correlation: 0.93561
 median lag 3
 most popular lag 3
 best correlated lag 3
 BESTTLAG:  lag is: 3  for which 114% of 7 lags agree
 best lag W: 3 CTD scans ~ -3 seconds  corr:0.98618
 adjust ADCP time to CTD time and shift depth record 
 made CTD profile from time series data. 
 update start pos  from:NaN°N     NaN'  NaN°E     NaN'
			to:48°N 26.5668'   46°W 40.5458'
 update end pos    from:NaN°N     NaN'  NaN°E     NaN'
			to:48°N 26.5656'   46°W 39.5892'
==> STEP 6 TOOK 1.9 seconds
#################### step 7: FIND SURFACE & SEA BED ##################
GETDPTHI: Depth from vertical velocity inverse method
 starting run 1 to get LADCP depth
 take soundspeed from CTD profile 
 correct velocities for sound speed 
 use CTD time series depth, will not do depth inversion 
 LADCP minus CTD depth mean: -7.5983  std: 9.2291
 maximum depth from int W is :2130
 should be                   :2130
  bottom found at 2138 +/- 1 m
 correct bin length for sound speed
 removing 535 values below bottom
==> STEP 7 TOOK 1.4 seconds
#################### step 8: APPLY PITCH/ROLL CORRECTIONS ############
==> STEP 8 TOOK 0.0 seconds
#################### step 9: EDIT DATA ###############################
 bin masking               : set 4278 weights to NaN
 side-lobe contamination   : set 865 weights to NaN
 spike filter              : set 17 weights to NaN
==> STEP 9 TOOK 0.3 seconds
#################### step 10: FORM SUPER ENSEMBLES ###################
PREPINV: prepare data for inversion, form Super-Ensembles
 average profiles over (p.avdz) 9.8278 meter
 reduce weight for larger tilts 0.5 at 10 degree
 mean compass offset based on velocity is -1.5119 deg
 mean compass offset based on tilt is -1.1896 deg
 rot up2down use mean up/down compass
 will not correct for sound speed twice
 remove reference velocity and average ensembles 
 Outlier discarded 318 bins down looking
 Outlier discarded 357 bins up looking
 found 0 bottom track std==0 set to 0.1 m/s
 found 25 finite bottom track ensembles
 discarded 3 bottom tracks velocities because of wstd  > 0.16901
 set 63 weight values to nan  because super ensemble std =0 
 set 47 values to minimum super ensemble std 0.039319
 reduced ensemble size is 338
==> STEP 10 TOOK 7.5 seconds
#################### step 11: REMOVE SUPER-ENSEMBLE OUTLIERS #########
==> STEP 11 TOOK 1.4 seconds
#################### step 12: RE-FORM SUPER ENSEMBLES ################
 mean compass offset based on tilt is -1.1896 deg
 remove first guess ocean velocity from raw data
 adjusted for velocity offset in up and down looking ADCP
 remove first guess ocean velocity from raw data
 rot up2down use mean up/down compass
 rotated earlier, use difference 
 will not correct for sound speed twice
 remove reference velocity and average ensembles 
 Outlier discarded 324 bins down looking
 Outlier discarded 352 bins up looking
 found 0 bottom track std==0 set to 0.1 m/s
 found 25 finite bottom track ensembles
 discarded 3 bottom tracks velocities because of wstd  > 0.16901
 set 64 weight values to nan  because super ensemble std =0 
 set 50 values to minimum super ensemble std 0.039319
 reduced ensemble size is 338
==> STEP 12 TOOK 8.4 seconds
#################### step 13: (RE-)LOAD SADCP DATA ###################
LOADSADCP: load SADCP data file SADCP/SADCP_hud2013021.mat
 found 4 SADCP profiles 
==> STEP 13 TOOK 0.2 seconds
#################### step 14: CALCULATE INVERSE SOLUTION #############
GETINV:  compute best velocity profile
 Barotropic velocity error 0.015038 [m/s]
 super ensemble velocity error 0.02264 [m/s]
 set velocity error to:0.041094 [m/s]
 vertical resolution (ps.dz) is 9.8265 [m]
 use super ensemble std based weights normalized by 0.041094 m/s 
 preaveraged GPS ships vel 8 times 
 remove 682 constaints below minimum weight 
 smooth Ocean velocity profile
 found 1 ill constrained elements will smooth 
 smooth CTD velocity profile
 no smoothness constraint applied 
 bottom inversion 
 22 bottom track ctd-vel weights of about : 2.1947
 weight for bottom track is (ps.botfac) 1
 mean sadcp weight : 0.75896
 weight for SADCP vel is (ps.sadcpfac) 1
 normalized barotropic constrain weight: 2.7328
 mean individual ctd velocity weight : 177.0932
 ready for inversion  length of  d:   8838
           (CTD vel)  length of A1:    337
         (ocean vel)  length of A2:    216
Moore-Penrose inverse
 solve only down trace
 smooth Ocean velocity profile
 found 1 ill constrained elements will smooth 
 smooth CTD velocity profile
 no smoothness constraint applied 
Moore-Penrose inverse w/o errors
 solve only up trace
 smooth Ocean velocity profile
 found 1 ill constrained elements will smooth 
 smooth CTD velocity profile
 no smoothness constraint applied 
Moore-Penrose inverse w/o errors
CHECKINV all values are given in [m/s] 
 Velocity profile error:  0.040  should be about noise:  0.031
 Check bottom track rms:  0.025  should be smaller than  0.066 /  1.000
 Check SADCP        rms:  0.028  should be smaller than  0.058 /  1.000
 GPS-LADCP ship spd diff: 0.005  should be smaller than  0.015 /  1.000
 use reference layer W
CHECKBTRK: check bottom track against U_ctd solution 
 profiles within give acceptable range: 296
  U bias : 0.001 [m/s]  std: 0.045 [m/s]
  V bias : 0.002 [m/s]  std: 0.053 [m/s]
  W bias :-0.003 [m/s]  std: 0.022 [m/s]
  W slope fact :0.0061 [1/m] lower W below bottom 
  W diff :0.2676 [m/s] ping to ping w difference 
  H std :   1.7 [m]  large means bottom is rough/sloped
  Tilt mean :1.5 +/- 0.4 [^o]  
==> STEP 14 TOOK 5.1 seconds
#################### step 15: CALCULATE SHEAR SOLUTION ###############
GETSHEAR2: average shear profile over (ps.dz) 9.8265 [m]
 maximum std (stdf) 2 of data 
 minimum weight  0.1 of data 
 will use 100 % of data 
==> STEP 15 TOOK 0.3 seconds
#################### step 16: CALCULATE DIFFUSIVITY PROFILE ##########
==> STEP 16 TOOK 0.0 seconds
#################### step 17: PLOT RESULTS & SHOW WARNINGS ###########
 do not know calibration of this instrument make a guess: 
 Battery Voltage is 50 V
LADCP WARNINGS                               
 warning instruments have no fixed ping rate 
 
 LADCP processing warnings: 
==> STEP 17 TOOK 0.5 seconds
#################### step 18: SAVE OUTPUT ############################
 save results 
