LDEO LADCP software: Version IX_10
#################### step 1: LOAD LADCP DATA #########################
LOADING CHECKPOINT checkpoints/032_0
RE-LOADING PER-CAST PARAMETERS
[Warning: Directory already exists.] 
[> In <a href="matlab: opentoline('U:\LADCP\HUD2013021_Flem_softwareUPDATE\proc\set_cast_params.m',38,1)">set_cast_params at 38</a>
  In <a href="matlab: opentoline('U:\LADCP\HUD2013021_Flem_softwareUPDATE\begin_processing_step.m',23,1)">begin_processing_step at 23</a>
  In <a href="matlab: opentoline('U:\LADCP\HUD2013021_Flem_softwareUPDATE\process_cast.m',162,1)">process_cast at 162</a>] 
LOADRDI:
 loading down-data raw/032AD000.000
 read 2391 ensembles with 20 bins each
 loading up-data raw/032AU000.000
 read 2394 ensemble and 20 bins 
 WARNING WARNING WARNING WARNING WARNING WARNING WARNING WARNING 
 warning instruments have no fixed ping rate 
  down dt for common ping number:1.0289  up dt :1.0324 hours 
 find best time match of up-looking ADCP to down looking ADCP
 up instrument is different by 1 ensembles
 WARNING WARNING WARNING WARNING WARNING WARNING WARNING WARNING 
 bestlag removed 85 spikes
 try to shift timeseries by lag: 0 correlation: 0.97783
 shift ADCP timeseries by 0 ensembles
 number of joint ensembles is : 2391
 found 380 finite RDI bottom velocities
 removed 921 values because of error velocity > 0.5 m/s
 removed 26 bottom-track values because of error velocity > 0.5 m/s
 removed  33 values ( 1.38 %) because of horizontal speed > 2.5 m/s
 using whole profile since no start time was given
 removed 7 profiles due to tilt derivative > 4 degrees
 removed 1 suspect non pinging? (low velocity gradient) ensembles from down-looker
 multiply weight of bin 1 by 0
 Outlier discarded 2106 bins down looking
 Outlier discarded 20 bottom track
 Outlier discarded 1504 bins up looking
 found local lookup table for serial # to instid 
 FINDLOG: search near file: raw/032AD000.000
 READSERIAL_WH: parse file raw/032AD000.LOG
 serial number is : 16389
 down looking serial number is : 16389
 FINDLOG: search near file: raw/032AU000.000
 READSERIAL_WH: parse file raw/032AU000.LOG
 serial number is : 13984
   up looking serial number is : 13984
==> STEP 1 TOOK 81.7 seconds
#################### step 2: FIX LADCP-DATA PROBLEMS #################
==> STEP 2 TOOK 0.1 seconds
#################### step 3: LOAD GPS DATA ###########################
LOADNAV: load NAV time series CTD/021a032.cnv
 number of NAV scans: 2747  delta t : 0.99999 seconds
executing magdec -46.4071 48.1636 2013 7 3
 corrected for magnetic declination of -17.9 deg
==> STEP 3 TOOK 2.4 seconds
#################### step 4: GET BOTTOM-TRACK DATA ###################
GETBTRACK creates own bottom track in addition to RDI
  in: p.btrk_mode 3 and p.btrk_used 1
 using increased bottom echo amplitudes to create bottom track
 localmax2: found 1516 valid values
 found 47 bottom depth below btrk_range 50
 use 0.5 bins below maximum target strength for own bottom track velocity
 created 798 bottom distances keeping original
 removed 78 bottom track profiles W_btrk - W_ref difference > 0.05
 boutlier removed 0 bottom track velocities 
 created 585 bottom track velocities keeping original
 out: p.btrk_mode 3 and p.btrk_used 1
==> STEP 4 TOOK 0.7 seconds
#################### step 5: LOAD CTD PROFILE ########################
==> STEP 5 TOOK 0.0 seconds
#################### step 6: LOAD CTD TIME SERIES ####################
LOADCTD: load CTD time series CTD/021a032.cnv
 read 2747 CTD scans; median delta_t = 1.00 seconds
 interpolated to 2746 CTD scans; delta_t = 1.00 seconds
 90% LADCP depth  1013 at 03-Jul-2013 07:55:41
 90% CTD pressure 1014 at 03-Jul-2013 07:51:41
 adjusting GPS time to CTD time (+239 seconds)
 Changed Start Time : 03-Jul-2013 07:25:28  to 03-Jul-2013 07:39:47
 Changed End   Time : 03-Jul-2013 08:27:12  to 03-Jul-2013 08:22:13
 median CTD time difference 0.99999 s
 removed 0 pressure spikes
 use 1 time base for W_ctd
 CTD max depth : 1114
 bestlag removed 16 spikes
 lag: 1  correlation: 0.95293
 bestlag removed 15 spikes
 lag: 1  correlation: 0.95908
 bestlag removed 29 spikes
 lag: 1  correlation: 0.97637
 bestlag removed 17 spikes
 lag: 1  correlation: 0.97047
 bestlag removed 24 spikes
 lag: 1  correlation: 0.9804
 bestlag removed 16 spikes
 lag: 1  correlation: 0.95166
 median lag 1
 most popular lag 1
 best correlated lag 1
 BESTTLAG:  lag is: 1  for which 120% of 5 lags agree
 best lag W: 1 CTD scans ~ -1 seconds  corr:0.9804
 adjust ADCP time to CTD time and shift depth record 
 made CTD profile from time series data. 
 update start pos  from:NaN°N     NaN'  NaN°E     NaN'
			to:48°N  9.8460'   46°W 24.3285'
 update end pos    from:NaN°N     NaN'  NaN°E     NaN'
			to:48°N  9.8016'   46°W 24.4140'
==> STEP 6 TOOK 1.9 seconds
#################### step 7: FIND SURFACE & SEA BED ##################
GETDPTHI: Depth from vertical velocity inverse method
 starting run 1 to get LADCP depth
 take soundspeed from CTD profile 
 correct velocities for sound speed 
 use CTD time series depth, will not do depth inversion 
 LADCP minus CTD depth mean: -0.71514  std: 2.24
 maximum depth from int W is :1114
 should be                   :1114
  bottom found at 1122 +/- 0 m
 correct bin length for sound speed
 removing 502 values below bottom
==> STEP 7 TOOK 1.6 seconds
#################### step 8: APPLY PITCH/ROLL CORRECTIONS ############
==> STEP 8 TOOK 0.0 seconds
#################### step 9: EDIT DATA ###############################
 bin masking               : set 2907 weights to NaN
 side-lobe contamination   : set 1097 weights to NaN
 spike filter              : set 8 weights to NaN
==> STEP 9 TOOK 0.3 seconds
#################### step 10: FORM SUPER ENSEMBLES ###################
PREPINV: prepare data for inversion, form Super-Ensembles
 average profiles over (p.avdz) 9.8233 meter
 reduce weight for larger tilts 0.5 at 10 degree
 mean compass offset based on velocity is -1.5287 deg
 mean compass offset based on tilt is -1.2049 deg
 rot up2down use mean up/down compass
 will not correct for sound speed twice
 remove reference velocity and average ensembles 
 Outlier discarded 182 bins down looking
 Outlier discarded 216 bins up looking
 found 0 bottom track std==0 set to 0.1 m/s
 found 25 finite bottom track ensembles
 discarded 2 bottom tracks velocities because of wstd  > 0.25743
 set 18 weight values to nan  because super ensemble std =0 
 set 27 values to minimum super ensemble std 0.041751
 reduced ensemble size is 178
==> STEP 10 TOOK 4.6 seconds
#################### step 11: REMOVE SUPER-ENSEMBLE OUTLIERS #########
==> STEP 11 TOOK 1.7 seconds
#################### step 12: RE-FORM SUPER ENSEMBLES ################
 mean compass offset based on tilt is -1.2049 deg
 remove first guess ocean velocity from raw data
 adjusted for velocity offset in up and down looking ADCP
 remove first guess ocean velocity from raw data
 rot up2down use mean up/down compass
 rotated earlier, use difference 
 will not correct for sound speed twice
 remove reference velocity and average ensembles 
 Outlier discarded 184 bins down looking
 Outlier discarded 214 bins up looking
 found 0 bottom track std==0 set to 0.1 m/s
 found 25 finite bottom track ensembles
 discarded 2 bottom tracks velocities because of wstd  > 0.25743
 set 19 weight values to nan  because super ensemble std =0 
 set 21 values to minimum super ensemble std 0.041751
 reduced ensemble size is 178
==> STEP 12 TOOK 4.9 seconds
#################### step 13: (RE-)LOAD SADCP DATA ###################
LOADSADCP: load SADCP data file SADCP/SADCP_hud2013021.mat
 found 3 SADCP profiles 
==> STEP 13 TOOK 0.2 seconds
#################### step 14: CALCULATE INVERSE SOLUTION #############
GETINV:  compute best velocity profile
 Barotropic velocity error 0.023566 [m/s]
 super ensemble velocity error 0.023183 [m/s]
 set velocity error to:0.03424 [m/s]
 vertical resolution (ps.dz) is 9.8241 [m]
 use super ensemble std based weights normalized by 0.03424 m/s 
 preaveraged GPS ships vel 1 times 
 remove 709 constaints below minimum weight 
 smooth Ocean velocity profile
 found 3 ill constrained elements will smooth 
 smooth CTD velocity profile
 no smoothness constraint applied 
 bottom inversion 
 23 bottom track ctd-vel weights of about : 1.133
 weight for bottom track is (ps.botfac) 1
 mean sadcp weight : 0.74544
 weight for SADCP vel is (ps.sadcpfac) 1
 normalized barotropic constrain weight: 1.4529
 mean individual ctd velocity weight : 61.2172
 ready for inversion  length of  d:   5063
           (CTD vel)  length of A1:    178
         (ocean vel)  length of A2:    113
Moore-Penrose inverse
 solve only down trace
 smooth Ocean velocity profile
 found 1 ill constrained elements will smooth 
 smooth CTD velocity profile
 no smoothness constraint applied 
Moore-Penrose inverse w/o errors
 solve only up trace
 smooth Ocean velocity profile
 found 3 ill constrained elements will smooth 
 smooth CTD velocity profile
 found 1 ill constrained elements will smooth 
Moore-Penrose inverse w/o errors
CHECKINV all values are given in [m/s] 
 Velocity profile error:  0.033  should be about noise:  0.024
 Check bottom track rms:  0.020  should be smaller than  0.093 /  1.000
 Check SADCP        rms:  0.024  should be smaller than  0.046 /  1.000
 GPS-LADCP ship spd diff: 0.001  should be smaller than  0.024 /  1.000
 use reference layer W
CHECKBTRK: check bottom track against U_ctd solution 
 profiles within give acceptable range: 379
  U bias : 0.007 [m/s]  std: 0.074 [m/s]
  V bias : 0.005 [m/s]  std: 0.056 [m/s]
  W bias : 0.009 [m/s]  std: 0.025 [m/s]
  W slope fact :0.0104 [1/m] lower W below bottom 
  W diff :0.4474 [m/s] ping to ping w difference 
  H std :   0.7 [m]  large means bottom is rough/sloped
  Tilt mean :2.7 +/- 1.1 [^o]  
==> STEP 14 TOOK 4.6 seconds
#################### step 15: CALCULATE SHEAR SOLUTION ###############
GETSHEAR2: average shear profile over (ps.dz) 9.8241 [m]
 maximum std (stdf) 2 of data 
 minimum weight  0.1 of data 
 will use 100 % of data 
==> STEP 15 TOOK 0.2 seconds
#################### step 16: CALCULATE DIFFUSIVITY PROFILE ##########
==> STEP 16 TOOK 0.0 seconds
#################### step 17: PLOT RESULTS & SHOW WARNINGS ###########
 do not know calibration of this instrument make a guess: 
 Battery Voltage is 50 V
LADCP WARNINGS                               
 warning instruments have no fixed ping rate 
 
 LADCP processing warnings: 
==> STEP 17 TOOK 0.5 seconds
#################### step 18: SAVE OUTPUT ############################
 save results 
