LDEO LADCP software: Version IX_10
#################### step 1: LOAD LADCP DATA #########################
LOADING CHECKPOINT checkpoints/051_0
RE-LOADING PER-CAST PARAMETERS
[Warning: Directory already exists.] 
[> In <a href="matlab: opentoline('U:\LADCP\HUD2013021_Flem_softwareUPDATE\proc\set_cast_params.m',38,1)">set_cast_params at 38</a>
  In <a href="matlab: opentoline('U:\Ladcp\HUD2013021_Flem_softwareUPDATE\begin_processing_step.m',23,1)">begin_processing_step at 23</a>
  In <a href="matlab: opentoline('U:\Ladcp\HUD2013021_Flem_softwareUPDATE\process_cast.m',162,1)">process_cast at 162</a>] 
LOADRDI:
 loading down-data raw/051AD000.000
 read 3193 ensembles with 20 bins each
 loading up-data raw/051AU000.000
 read 3197 ensemble and 20 bins 
 WARNING WARNING WARNING WARNING WARNING WARNING WARNING WARNING 
 warning instruments have no fixed ping rate 
  down dt for common ping number:1.3742  up dt :1.3777 hours 
 find best time match of up-looking ADCP to down looking ADCP
 up instrument is different by 1 ensembles
 WARNING WARNING WARNING WARNING WARNING WARNING WARNING WARNING 
 bestlag removed 105 spikes
 try to shift timeseries by lag: 0 correlation: 0.99633
 shift ADCP timeseries by 0 ensembles
 number of joint ensembles is : 3193
 found 419 finite RDI bottom velocities
 removed 768 values because of error velocity > 0.5 m/s
 removed 48 bottom-track values because of error velocity > 0.5 m/s
 removed  30 values ( 0.94 %) because of horizontal speed > 2.5 m/s
 using whole profile since no start time was given
 removed 1 profiles due to tilt derivative > 4 degrees
 multiply weight of bin 1 by 0
 Outlier discarded 2832 bins down looking
 Outlier discarded 32 bottom track
 Outlier discarded 1875 bins up looking
 found local lookup table for serial # to instid 
 FINDLOG: search near file: raw/051AD000.000
 READSERIAL_WH: parse file raw/051AD000.LOG
 serial number is : 16389
 down looking serial number is : 16389
 FINDLOG: search near file: raw/051AU000.000
 READSERIAL_WH: parse file raw/051AU000.LOG
 serial number is : 13984
   up looking serial number is : 13984
==> STEP 1 TOOK 76.5 seconds
#################### step 2: FIX LADCP-DATA PROBLEMS #################
==> STEP 2 TOOK 0.0 seconds
#################### step 3: LOAD GPS DATA ###########################
LOADNAV: load NAV time series CTD/021a051.cnv
 number of NAV scans: 3962  delta t : 0.99999 seconds
executing magdec -45.7472 48.8476 2013 7 5
 corrected for magnetic declination of -17.9 deg
==> STEP 3 TOOK 0.9 seconds
#################### step 4: GET BOTTOM-TRACK DATA ###################
GETBTRACK creates own bottom track in addition to RDI
  in: p.btrk_mode 3 and p.btrk_used 1
 using increased bottom echo amplitudes to create bottom track
 localmax2: found 1877 valid values
 found 48 bottom depth below btrk_range 50
 use 0.5 bins below maximum target strength for own bottom track velocity
 created 1178 bottom distances keeping original
 removed 78 bottom track profiles W_btrk - W_ref difference > 0.05
 boutlier removed 15 bottom track velocities 
 created 578 bottom track velocities keeping original
 out: p.btrk_mode 3 and p.btrk_used 1
==> STEP 4 TOOK 0.8 seconds
#################### step 5: LOAD CTD PROFILE ########################
==> STEP 5 TOOK 0.0 seconds
#################### step 6: LOAD CTD TIME SERIES ####################
LOADCTD: load CTD time series CTD/021a051.cnv
 read 3962 CTD scans; median delta_t = 1.00 seconds
 interpolated to 3961 CTD scans; delta_t = 1.00 seconds
 90% LADCP depth  1842 at 05-Jul-2013 03:03:37
 90% CTD pressure 1880 at 05-Jul-2013 02:55:10
 adjusting GPS time to CTD time (+507 seconds)
 Changed Start Time : 05-Jul-2013 02:16:59  to 05-Jul-2013 02:32:59
 Changed End   Time : 05-Jul-2013 03:39:26  to 05-Jul-2013 03:36:24
 median CTD time difference 0.99999 s
 removed 0 pressure spikes
 use 1 time base for W_ctd
 CTD max depth : 2061
 bestlag removed 14 spikes
 lag: 0  correlation: 0.95797
 lag: 0  correlation: 0.94561
 bestlag removed 12 spikes
 lag: 0  correlation: 0.93961
 bestlag removed 15 spikes
 lag: 0  correlation: 0.95155
 bestlag removed 12 spikes
 lag: 0  correlation: 0.97448
 bestlag removed 18 spikes
 lag: 0  correlation: 0.94758
 bestlag removed 13 spikes
 lag: 0  correlation: 0.93991
 bestlag removed 17 spikes
 lag: 0  correlation: 0.95484
 median lag 0
 most popular lag 0
 best correlated lag 0
 BESTTLAG:  lag is: 0  for which 114% of 7 lags agree
 best lag W: 0 CTD scans ~ 0 seconds  corr:0.97448
 adjust ADCP time to CTD time and shift depth record 
 made CTD profile from time series data. 
 update start pos  from:NaN°N     NaN'  NaN°E     NaN'
			to:48°N 50.7528'   45°W 44.7840'
 update end pos    from:NaN°N     NaN'  NaN°E     NaN'
			to:48°N 50.8452'   45°W 44.5932'
==> STEP 6 TOOK 1.5 seconds
#################### step 7: FIND SURFACE & SEA BED ##################
GETDPTHI: Depth from vertical velocity inverse method
 starting run 1 to get LADCP depth
 take soundspeed from CTD profile 
 correct velocities for sound speed 
 use CTD time series depth, will not do depth inversion 
 LADCP minus CTD depth mean: -1.0292  std: 5.0532
 maximum depth from int W is :2061
 should be                   :2061
  bottom found at 2069 +/- 1 m
 correct bin length for sound speed
 removing 458 values below bottom
==> STEP 7 TOOK 1.3 seconds
#################### step 8: APPLY PITCH/ROLL CORRECTIONS ############
==> STEP 8 TOOK 0.0 seconds
#################### step 9: EDIT DATA ###############################
 bin masking               : set 4093 weights to NaN
 side-lobe contamination   : set 981 weights to NaN
 spike filter              : set 10 weights to NaN
==> STEP 9 TOOK 0.2 seconds
#################### step 10: FORM SUPER ENSEMBLES ###################
PREPINV: prepare data for inversion, form Super-Ensembles
 average profiles over (p.avdz) 9.8677 meter
 reduce weight for larger tilts 0.5 at 10 degree
 mean compass offset based on velocity is -1.1592 deg
 mean compass offset based on tilt is -1.1176 deg
 rot up2down use mean up/down compass
 will not correct for sound speed twice
 remove reference velocity and average ensembles 
 Outlier discarded 252 bins down looking
 Outlier discarded 310 bins up looking
 found 1 bottom track std==0 set to 0.1 m/s
 found 26 finite bottom track ensembles
 discarded 1 bottom tracks velocities because of wstd  > 0.11351
 set 61 weight values to nan  because super ensemble std =0 
 set 73 values to minimum super ensemble std 0.041194
 reduced ensemble size is 324
==> STEP 10 TOOK 6.8 seconds
#################### step 11: REMOVE SUPER-ENSEMBLE OUTLIERS #########
==> STEP 11 TOOK 1.0 seconds
#################### step 12: RE-FORM SUPER ENSEMBLES ################
 mean compass offset based on tilt is -1.1176 deg
 remove first guess ocean velocity from raw data
 adjusted for velocity offset in up and down looking ADCP
 remove first guess ocean velocity from raw data
 rot up2down use mean up/down compass
 rotated earlier, use difference 
 will not correct for sound speed twice
 remove reference velocity and average ensembles 
 Outlier discarded 257 bins down looking
 Outlier discarded 310 bins up looking
 found 1 bottom track std==0 set to 0.1 m/s
 found 26 finite bottom track ensembles
 discarded 1 bottom tracks velocities because of wstd  > 0.11351
 set 65 weight values to nan  because super ensemble std =0 
 set 80 values to minimum super ensemble std 0.041194
 reduced ensemble size is 324
==> STEP 12 TOOK 7.7 seconds
#################### step 13: (RE-)LOAD SADCP DATA ###################
LOADSADCP: load SADCP data file SADCP/SADCP_hud2013021.mat
 found 4 SADCP profiles 
==> STEP 13 TOOK 0.2 seconds
#################### step 14: CALCULATE INVERSE SOLUTION #############
GETINV:  compute best velocity profile
 Barotropic velocity error 0.015769 [m/s]
 super ensemble velocity error 0.020866 [m/s]
 set velocity error to:0.042335 [m/s]
 vertical resolution (ps.dz) is 9.8687 [m]
 use super ensemble std based weights normalized by 0.042335 m/s 
 preaveraged GPS ships vel 2 times 
 remove 685 constaints below minimum weight 
 smooth Ocean velocity profile
 found 1 ill constrained elements will smooth 
 smooth CTD velocity profile
 no smoothness constraint applied 
 bottom inversion 
 25 bottom track ctd-vel weights of about : 2.2058
 weight for bottom track is (ps.botfac) 1
 mean sadcp weight : 1.337
 weight for SADCP vel is (ps.sadcpfac) 1
 normalized barotropic constrain weight: 2.6848
 mean individual ctd velocity weight : 171.8298
 ready for inversion  length of  d:   8194
           (CTD vel)  length of A1:    324
         (ocean vel)  length of A2:    208
Moore-Penrose inverse
 solve only down trace
 smooth Ocean velocity profile
 found 1 ill constrained elements will smooth 
 smooth CTD velocity profile
 no smoothness constraint applied 
Moore-Penrose inverse w/o errors
 solve only up trace
 smooth Ocean velocity profile
 found 1 ill constrained elements will smooth 
 smooth CTD velocity profile
 found 1 ill constrained elements will smooth 
Moore-Penrose inverse w/o errors
CHECKINV all values are given in [m/s] 
 Velocity profile error:  0.041  should be about noise:  0.030
 Check bottom track rms:  0.017  should be smaller than  0.065 /  1.000
 Check SADCP        rms:  0.020  should be smaller than  0.037 /  1.000
 GPS-LADCP ship spd diff: 0.005  should be smaller than  0.016 /  1.000
 use reference layer W
CHECKBTRK: check bottom track against U_ctd solution 
 profiles within give acceptable range: 304
  U bias : 0.001 [m/s]  std: 0.047 [m/s]
  V bias :-0.002 [m/s]  std: 0.038 [m/s]
  W bias :-0.001 [m/s]  std: 0.021 [m/s]
  W slope fact :0.0057 [1/m] lower W below bottom 
  W diff :0.1659 [m/s] ping to ping w difference 
  H std :   1.3 [m]  large means bottom is rough/sloped
  Tilt mean :3.3 +/- 1.1 [^o]  
==> STEP 14 TOOK 5.4 seconds
#################### step 15: CALCULATE SHEAR SOLUTION ###############
GETSHEAR2: average shear profile over (ps.dz) 9.8687 [m]
 maximum std (stdf) 2 of data 
 minimum weight  0.1 of data 
 will use 100 % of data 
==> STEP 15 TOOK 0.3 seconds
#################### step 16: CALCULATE DIFFUSIVITY PROFILE ##########
==> STEP 16 TOOK 0.0 seconds
#################### step 17: PLOT RESULTS & SHOW WARNINGS ###########
 do not know calibration of this instrument make a guess: 
 Battery Voltage is 50.3 V
LADCP WARNINGS                               
 warning instruments have no fixed ping rate 
 
 LADCP processing warnings: 
==> STEP 17 TOOK 0.4 seconds
#################### step 18: SAVE OUTPUT ############################
 save results 
