LDEO LADCP software: Version IX_10
#################### step 1: LOAD LADCP DATA #########################
LOADING CHECKPOINT checkpoints/021_0
RE-LOADING PER-CAST PARAMETERS
[Warning: Directory already exists.] 
[> In <a href="matlab: opentoline('U:\LADCP\HUD2013021_Flem_softwareUPDATE\proc\set_cast_params.m',38,1)">set_cast_params at 38</a>
  In <a href="matlab: opentoline('U:\LADCP\HUD2013021_Flem_softwareUPDATE\begin_processing_step.m',23,1)">begin_processing_step at 23</a>
  In <a href="matlab: opentoline('U:\LADCP\HUD2013021_Flem_softwareUPDATE\process_cast.m',162,1)">process_cast at 162</a>] 
LOADRDI:
 loading down-data raw/021AD000.000
 read 1151 ensembles with 20 bins each
 loading up-data raw/021AU000.000
 read 1155 ensemble and 20 bins 
 WARNING WARNING WARNING WARNING WARNING WARNING WARNING WARNING 
 warning instruments have no fixed ping rate 
  down dt for common ping number:0.49509  up dt :0.50367 hours 
 find best time match of up-looking ADCP to down looking ADCP
 up instrument is different by 2 ensembles
 WARNING WARNING WARNING WARNING WARNING WARNING WARNING WARNING 
 bestlag removed 46 spikes
 try to shift timeseries by lag: 0 correlation: 0.98315
 shift ADCP timeseries by 0 ensembles
 number of joint ensembles is : 1151
 found 249 finite RDI bottom velocities
 removed 777 values because of error velocity > 0.5 m/s
 removed 2 bottom-track values because of error velocity > 0.5 m/s
 removed   8 values ( 0.70 %) because of horizontal speed > 2.5 m/s
 using whole profile since no start time was given
 removed 3 profiles due to tilt derivative > 4 degrees
 multiply weight of bin 1 by 0
 Outlier discarded 1015 bins down looking
 Outlier discarded 16 bottom track
 Outlier discarded 620 bins up looking
 found local lookup table for serial # to instid 
 FINDLOG: search near file: raw/021AD000.000
 READSERIAL_WH: parse file raw/021AD000.LOG
 serial number is : 16389
 down looking serial number is : 16389
 FINDLOG: search near file: raw/021AU000.000
 READSERIAL_WH: parse file raw/021AU000.LOG
 serial number is : 13984
   up looking serial number is : 13984
==> STEP 1 TOOK 32.4 seconds
#################### step 2: FIX LADCP-DATA PROBLEMS #################
==> STEP 2 TOOK 0.0 seconds
#################### step 3: LOAD GPS DATA ###########################
LOADNAV: load NAV time series CTD/021a021.cnv
 number of NAV scans: 974  delta t : 0.99999 seconds
executing magdec -46.4836 46.9998 2013 7 2
 corrected for magnetic declination of -17.5 deg
==> STEP 3 TOOK 1.3 seconds
#################### step 4: GET BOTTOM-TRACK DATA ###################
GETBTRACK creates own bottom track in addition to RDI
  in: p.btrk_mode 3 and p.btrk_used 1
 using increased bottom echo amplitudes to create bottom track
 localmax2: found 553 valid values
 found 31 bottom depth below btrk_range 50
 use 0.5 bins below maximum target strength for own bottom track velocity
 created 226 bottom distances keeping original
 removed 24 bottom track profiles W_btrk - W_ref difference > 0.05
 boutlier removed 8 bottom track velocities 
 created 178 bottom track velocities keeping original
 out: p.btrk_mode 3 and p.btrk_used 1
==> STEP 4 TOOK 0.4 seconds
#################### step 5: LOAD CTD PROFILE ########################
==> STEP 5 TOOK 0.0 seconds
#################### step 6: LOAD CTD TIME SERIES ####################
LOADCTD: load CTD time series CTD/021a021.cnv
 read 974 CTD scans; median delta_t = 1.00 seconds
 interpolated to 973 CTD scans; delta_t = 1.00 seconds
 90% LADCP depth  293 at 02-Jul-2013 07:16:44
 90% CTD pressure 310 at 02-Jul-2013 07:10:28
 adjusting GPS time to CTD time (+375 seconds)
 Changed Start Time : 02-Jul-2013 06:57:36  to 02-Jul-2013 07:10:22
 Changed End   Time : 02-Jul-2013 07:27:18  to 02-Jul-2013 07:23:33
 median CTD time difference 0.99999 s
 removed 0 pressure spikes
 use 1 time base for W_ctd
 CTD max depth : 341
 bestlag removed 26 spikes
 lag: -1  correlation: 0.96992
 bestlag removed 21 spikes
 lag: -1  correlation: 0.99505
 bestlag removed 16 spikes
 lag: -2  correlation: 0.96644
 median lag -1
 most popular lag -1
 best correlated lag -1
 BESTTLAG:  lag is: -1  for which 100% of 2 lags agree
 best lag W: -1 CTD scans ~ 1 seconds  corr:0.99505
 adjust ADCP time to CTD time and shift depth record 
 made CTD profile from time series data. 
 update start pos  from:NaN°N     NaN'  NaN°E     NaN'
			to:46°N 59.9736'   46°W 29.0208'
 update end pos    from:NaN°N     NaN'  NaN°E     NaN'
			to:47°N  0.0120'   46°W 29.0196'
==> STEP 6 TOOK 2.0 seconds
#################### step 7: FIND SURFACE & SEA BED ##################
GETDPTHI: Depth from vertical velocity inverse method
 starting run 1 to get LADCP depth
 take soundspeed from CTD profile 
 correct velocities for sound speed 
 use CTD time series depth, will not do depth inversion 
 LADCP minus CTD depth mean: 0.21994  std: 1.426
 maximum depth from int W is :341
 should be                   :341
  bottom found at 348 +/- 0 m
 correct bin length for sound speed
 removing 470 values below bottom
==> STEP 7 TOOK 1.7 seconds
#################### step 8: APPLY PITCH/ROLL CORRECTIONS ############
==> STEP 8 TOOK 0.0 seconds
#################### step 9: EDIT DATA ###############################
 bin masking               : set 901 weights to NaN
 side-lobe contamination   : set 932 weights to NaN
 spike filter              : set 6 weights to NaN
==> STEP 9 TOOK 0.6 seconds
#################### step 10: FORM SUPER ENSEMBLES ###################
PREPINV: prepare data for inversion, form Super-Ensembles
 average profiles over (p.avdz) 9.8316 meter
 discarded 1 bottom tracks velocities because of height above bottom < 50
 reduce weight for larger tilts 0.5 at 10 degree
 mean compass offset based on velocity is -1.1122 deg
 mean compass offset based on tilt is -0.89056 deg
 rot up2down use mean up/down compass
 will not correct for sound speed twice
 remove reference velocity and average ensembles 
 Outlier discarded 33 bins down looking
 Outlier discarded 34 bins up looking
 found 1 bottom track std==0 set to 0.1 m/s
 found 24 finite bottom track ensembles
 discarded 0 bottom tracks velocities because of wstd  > 0.17416
 set 1 weight values to nan  because super ensemble std =0 
 set 6 values to minimum super ensemble std 0.042493
 reduced ensemble size is 54
==> STEP 10 TOOK 1.5 seconds
#################### step 11: REMOVE SUPER-ENSEMBLE OUTLIERS #########
==> STEP 11 TOOK 2.0 seconds
#################### step 12: RE-FORM SUPER ENSEMBLES ################
 mean compass offset based on tilt is -0.89056 deg
 remove first guess ocean velocity from raw data
 adjusted for velocity offset in up and down looking ADCP
 remove first guess ocean velocity from raw data
 rot up2down use mean up/down compass
 rotated earlier, use difference 
 will not correct for sound speed twice
 remove reference velocity and average ensembles 
 Outlier discarded 31 bins down looking
 Outlier discarded 34 bins up looking
 found 1 bottom track std==0 set to 0.1 m/s
 found 24 finite bottom track ensembles
 discarded 0 bottom tracks velocities because of wstd  > 0.17416
 set 2 weight values to nan  because super ensemble std =0 
 set 7 values to minimum super ensemble std 0.042493
 reduced ensemble size is 54
==> STEP 12 TOOK 1.7 seconds
#################### step 13: (RE-)LOAD SADCP DATA ###################
LOADSADCP: load SADCP data file SADCP/SADCP_hud2013021.mat
 found 1 SADCP profiles 
==> STEP 13 TOOK 0.2 seconds
#################### step 14: CALCULATE INVERSE SOLUTION #############
GETINV:  compute best velocity profile
 Barotropic velocity error 0.075853 [m/s]
 super ensemble velocity error 0.022095 [m/s]
 set velocity error to:0.034543 [m/s]
 vertical resolution (ps.dz) is 9.839 [m]
 use super ensemble std based weights normalized by 0.034543 m/s 
 preaveraged GPS ships vel 1 times 
 remove 689 constaints below minimum weight 
 smooth Ocean velocity profile
 found 2 ill constrained elements will smooth 
 smooth CTD velocity profile
 no smoothness constraint applied 
 bottom inversion 
 24 bottom track ctd-vel weights of about : 1.3435
 weight for bottom track is (ps.botfac) 1
 mean sadcp weight : 0.34543
 weight for SADCP vel is (ps.sadcpfac) 1
 normalized barotropic constrain weight: 0.4554
 mean individual ctd velocity weight : 9.7535
 ready for inversion  length of  d:   1247
           (CTD vel)  length of A1:     54
         (ocean vel)  length of A2:     34
Moore-Penrose inverse
 solve only down trace
 smooth Ocean velocity profile
 found 2 ill constrained elements will smooth 
 smooth CTD velocity profile
 no smoothness constraint applied 
Moore-Penrose inverse w/o errors
 solve only up trace
 smooth Ocean velocity profile
 found 1 ill constrained elements will smooth 
 smooth CTD velocity profile
 found 1 ill constrained elements will smooth 
Moore-Penrose inverse w/o errors
CHECKINV all values are given in [m/s] 
 Velocity profile error:  0.035  should be about noise:  0.023
 Check bottom track rms:  0.019  should be smaller than  0.086 /  1.000
 Check SADCP        rms:  0.033  should be smaller than  0.100 /  1.000
 GPS-LADCP ship spd diff: 0.011  should be smaller than  0.076 /  1.000
 use reference layer W
CHECKBTRK: check bottom track against U_ctd solution 
 profiles within give acceptable range: 361
  U bias :-0.005 [m/s]  std: 0.045 [m/s]
  V bias :-0.002 [m/s]  std: 0.068 [m/s]
  W bias : 0.008 [m/s]  std: 0.017 [m/s]
  W slope fact :0.0048 [1/m] lower W below bottom 
  W diff :0.2222 [m/s] ping to ping w difference 
  H std :   1.0 [m]  large means bottom is rough/sloped
  Tilt mean :4.4 +/- 1.7 [^o]  
==> STEP 14 TOOK 4.6 seconds
#################### step 15: CALCULATE SHEAR SOLUTION ###############
GETSHEAR2: average shear profile over (ps.dz) 9.839 [m]
 maximum std (stdf) 2 of data 
 minimum weight  0.1 of data 
 will use 100 % of data 
==> STEP 15 TOOK 0.1 seconds
#################### step 16: CALCULATE DIFFUSIVITY PROFILE ##########
==> STEP 16 TOOK 0.0 seconds
#################### step 17: PLOT RESULTS & SHOW WARNINGS ###########
 do not know calibration of this instrument make a guess: 
 Battery Voltage is 53.8 V
LADCP WARNINGS                               
 warning instruments have no fixed ping rate 
 
 LADCP processing warnings: 
==> STEP 17 TOOK 0.9 seconds
#################### step 18: SAVE OUTPUT ############################
 save results 
