LDEO LADCP software: Version IX_10
#################### step 1: LOAD LADCP DATA #########################
LOADING CHECKPOINT checkpoints/038_0
RE-LOADING PER-CAST PARAMETERS
[Warning: Directory already exists.] 
[> In <a href="matlab: opentoline('U:\LADCP\HUD2013021_Flem_softwareUPDATE\proc\set_cast_params.m',38,1)">set_cast_params at 38</a>
  In <a href="matlab: opentoline('U:\Ladcp\HUD2013021_Flem_softwareUPDATE\begin_processing_step.m',23,1)">begin_processing_step at 23</a>
  In <a href="matlab: opentoline('U:\Ladcp\HUD2013021_Flem_softwareUPDATE\process_cast.m',162,1)">process_cast at 162</a>] 
LOADRDI:
 loading down-data raw/038AD000.000
 read 3060 ensembles with 20 bins each
 loading up-data raw/038AU000.000
 read 3064 ensemble and 20 bins 
 WARNING WARNING WARNING WARNING WARNING WARNING WARNING WARNING 
 warning instruments have no fixed ping rate 
  down dt for common ping number:1.317  up dt :1.3205 hours 
 find best time match of up-looking ADCP to down looking ADCP
 up instrument is different by 1 ensembles
 WARNING WARNING WARNING WARNING WARNING WARNING WARNING WARNING 
 bestlag removed 109 spikes
 try to shift timeseries by lag: 0 correlation: 0.98897
 shift ADCP timeseries by 0 ensembles
 number of joint ensembles is : 3060
 found 435 finite RDI bottom velocities
 removed 882 values because of error velocity > 0.5 m/s
 removed 44 bottom-track values because of error velocity > 0.5 m/s
 removed  28 values ( 0.92 %) because of horizontal speed > 2.5 m/s
 using whole profile since no start time was given
 removed 17 profiles due to tilt derivative > 4 degrees
 multiply weight of bin 1 by 0
 Outlier discarded 2204 bins down looking
 Outlier discarded 44 bottom track
 Outlier discarded 1783 bins up looking
 found local lookup table for serial # to instid 
 FINDLOG: search near file: raw/038AD000.000
 READSERIAL_WH: parse file raw/038AD000.LOG
 serial number is : 16389
 down looking serial number is : 16389
 FINDLOG: search near file: raw/038AU000.000
 READSERIAL_WH: parse file raw/038AU000.LOG
 serial number is : 13984
   up looking serial number is : 13984
==> STEP 1 TOOK 110.5 seconds
#################### step 2: FIX LADCP-DATA PROBLEMS #################
==> STEP 2 TOOK 0.0 seconds
#################### step 3: LOAD GPS DATA ###########################
LOADNAV: load NAV time series CTD/021a038.cnv
 number of NAV scans: 3787  delta t : 0.99999 seconds
executing magdec -46.6227 48.395 2013 7 3
 corrected for magnetic declination of -18.0 deg
==> STEP 3 TOOK 1.3 seconds
#################### step 4: GET BOTTOM-TRACK DATA ###################
GETBTRACK creates own bottom track in addition to RDI
  in: p.btrk_mode 3 and p.btrk_used 1
 using increased bottom echo amplitudes to create bottom track
 localmax2: found 1953 valid values
 found 36 bottom depth below btrk_range 50
 use 0.5 bins below maximum target strength for own bottom track velocity
 created 1284 bottom distances keeping original
 removed 99 bottom track profiles W_btrk - W_ref difference > 0.05
 boutlier removed 18 bottom track velocities 
 created 835 bottom track velocities keeping original
 out: p.btrk_mode 3 and p.btrk_used 1
==> STEP 4 TOOK 0.9 seconds
#################### step 5: LOAD CTD PROFILE ########################
==> STEP 5 TOOK 0.0 seconds
#################### step 6: LOAD CTD TIME SERIES ####################
LOADCTD: load CTD time series CTD/021a038.cnv
 read 3787 CTD scans; median delta_t = 1.00 seconds
 interpolated to 3786 CTD scans; delta_t = 1.00 seconds
 90% LADCP depth  1677 at 03-Jul-2013 20:30:31
 90% CTD pressure 1680 at 03-Jul-2013 20:23:03
 adjusting GPS time to CTD time (+448 seconds)
 Changed Start Time : 03-Jul-2013 19:48:40  to 03-Jul-2013 20:02:11
 Changed End   Time : 03-Jul-2013 21:07:42  to 03-Jul-2013 21:02:19
 median CTD time difference 0.99999 s
 removed 0 pressure spikes
 use 1 time base for W_ctd
 CTD max depth : 1842
 bestlag removed 18 spikes
 lag: 0  correlation: 0.94674
 bestlag removed 14 spikes
 lag: 0  correlation: 0.93868
 bestlag removed 29 spikes
 lag: 0  correlation: 0.96338
 bestlag removed 22 spikes
 lag: 0  correlation: 0.98687
 bestlag removed 16 spikes
 lag: 0  correlation: 0.94662
 bestlag removed 11 spikes
 lag: 0  correlation: 0.94575
 bestlag removed 21 spikes
 lag: 0  correlation: 0.95275
 bestlag removed 18 spikes
 lag: 0  correlation: 0.9382
 median lag 0
 most popular lag 0
 best correlated lag 0
 BESTTLAG:  lag is: 0  for which 114% of 7 lags agree
 best lag W: 0 CTD scans ~ 0 seconds  corr:0.98687
 adjust ADCP time to CTD time and shift depth record 
 made CTD profile from time series data. 
 update start pos  from:NaN°N     NaN'  NaN°E     NaN'
			to:48°N 23.6652'   46°W 37.7064'
 update end pos    from:NaN°N     NaN'  NaN°E     NaN'
			to:48°N 23.7252'   46°W 37.1266'
==> STEP 6 TOOK 1.9 seconds
#################### step 7: FIND SURFACE & SEA BED ##################
GETDPTHI: Depth from vertical velocity inverse method
 starting run 1 to get LADCP depth
 take soundspeed from CTD profile 
 correct velocities for sound speed 
 use CTD time series depth, will not do depth inversion 
 LADCP minus CTD depth mean: -2.1346  std: 3.8341
 maximum depth from int W is :1842
 should be                   :1842
  bottom found at 1848 +/- 0 m
 correct bin length for sound speed
 removing 364 values below bottom
==> STEP 7 TOOK 1.4 seconds
#################### step 8: APPLY PITCH/ROLL CORRECTIONS ############
==> STEP 8 TOOK 0.0 seconds
#################### step 9: EDIT DATA ###############################
 bin masking               : set 4022 weights to NaN
 side-lobe contamination   : set 971 weights to NaN
 spike filter              : set 30 weights to NaN
==> STEP 9 TOOK 0.3 seconds
#################### step 10: FORM SUPER ENSEMBLES ###################
PREPINV: prepare data for inversion, form Super-Ensembles
 average profiles over (p.avdz) 9.8123 meter
 reduce weight for larger tilts 0.5 at 10 degree
 mean compass offset based on velocity is -1.3673 deg
 mean compass offset based on tilt is -1.2938 deg
 rot up2down use mean up/down compass
 will not correct for sound speed twice
 remove reference velocity and average ensembles 
 Outlier discarded 278 bins down looking
 Outlier discarded 332 bins up looking
 found 1 bottom track std==0 set to 0.1 m/s
 found 26 finite bottom track ensembles
 discarded 5 bottom tracks velocities because of wstd  > 0.18046
 set 52 weight values to nan  because super ensemble std =0 
 set 102 values to minimum super ensemble std 0.04402
 reduced ensemble size is 296
==> STEP 10 TOOK 6.8 seconds
#################### step 11: REMOVE SUPER-ENSEMBLE OUTLIERS #########
==> STEP 11 TOOK 1.5 seconds
#################### step 12: RE-FORM SUPER ENSEMBLES ################
 mean compass offset based on tilt is -1.2938 deg
 remove first guess ocean velocity from raw data
 adjusted for velocity offset in up and down looking ADCP
 remove first guess ocean velocity from raw data
 rot up2down use mean up/down compass
 rotated earlier, use difference 
 will not correct for sound speed twice
 remove reference velocity and average ensembles 
 Outlier discarded 280 bins down looking
 Outlier discarded 336 bins up looking
 found 1 bottom track std==0 set to 0.1 m/s
 found 26 finite bottom track ensembles
 discarded 5 bottom tracks velocities because of wstd  > 0.18046
 set 53 weight values to nan  because super ensemble std =0 
 set 112 values to minimum super ensemble std 0.04402
 reduced ensemble size is 296
==> STEP 12 TOOK 7.9 seconds
#################### step 13: (RE-)LOAD SADCP DATA ###################
LOADSADCP: load SADCP data file SADCP/SADCP_hud2013021.mat
 found 5 SADCP profiles 
==> STEP 13 TOOK 0.4 seconds
#################### step 14: CALCULATE INVERSE SOLUTION #############
GETINV:  compute best velocity profile
 Barotropic velocity error 0.01663 [m/s]
 super ensemble velocity error 0.024402 [m/s]
 set velocity error to:0.040626 [m/s]
 vertical resolution (ps.dz) is 9.8034 [m]
 use super ensemble std based weights normalized by 0.040626 m/s 
 preaveraged GPS ships vel 1 times 
 remove 714 constaints below minimum weight 
 smooth Ocean velocity profile
 found 3 ill constrained elements will smooth 
 smooth CTD velocity profile
 found 4 ill constrained elements will smooth 
 bottom inversion 
 21 bottom track ctd-vel weights of about : 2.1519
 weight for bottom track is (ps.botfac) 1
 mean sadcp weight : 0.84104
 weight for SADCP vel is (ps.sadcpfac) 1
 normalized barotropic constrain weight: 2.443
 mean individual ctd velocity weight : 152.3113
 ready for inversion  length of  d:   8199
           (CTD vel)  length of A1:    296
         (ocean vel)  length of A2:    187
Moore-Penrose inverse
 solve only down trace
 smooth Ocean velocity profile
 found 3 ill constrained elements will smooth 
 smooth CTD velocity profile
 found 2 ill constrained elements will smooth 
Moore-Penrose inverse w/o errors
 solve only up trace
 smooth Ocean velocity profile
 found 3 ill constrained elements will smooth 
 smooth CTD velocity profile
 found 2 ill constrained elements will smooth 
Moore-Penrose inverse w/o errors
CHECKINV all values are given in [m/s] 
 Velocity profile error:  0.040  should be about noise:  0.030
 Check bottom track rms:  0.017  should be smaller than  0.073 /  1.000
 Check SADCP        rms:  0.026  should be smaller than  0.051 /  1.000
 GPS-LADCP ship spd diff: 0.004  should be smaller than  0.017 /  1.000
 use reference layer W
CHECKBTRK: check bottom track against U_ctd solution 
 profiles within give acceptable range: 313
  U bias : 0.001 [m/s]  std: 0.057 [m/s]
  V bias : 0.006 [m/s]  std: 0.047 [m/s]
  W bias :-0.011 [m/s]  std: 0.025 [m/s]
  W slope fact :0.0061 [1/m] lower W below bottom 
  W diff :0.2988 [m/s] ping to ping w difference 
  H std :   1.9 [m]  large means bottom is rough/sloped
  Tilt mean :2.6 +/- 1.2 [^o]  
==> STEP 14 TOOK 6.9 seconds
#################### step 15: CALCULATE SHEAR SOLUTION ###############
GETSHEAR2: average shear profile over (ps.dz) 9.8034 [m]
 maximum std (stdf) 2 of data 
 minimum weight  0.1 of data 
 will use 100 % of data 
==> STEP 15 TOOK 0.3 seconds
#################### step 16: CALCULATE DIFFUSIVITY PROFILE ##########
==> STEP 16 TOOK 0.0 seconds
#################### step 17: PLOT RESULTS & SHOW WARNINGS ###########
 do not know calibration of this instrument make a guess: 
 Battery Voltage is 49.8 V
LADCP WARNINGS                               
 warning instruments have no fixed ping rate 
 
 LADCP processing warnings: 
==> STEP 17 TOOK 0.5 seconds
#################### step 18: SAVE OUTPUT ############################
 save results 
