LDEO LADCP software: Version IX_10
#################### step 1: LOAD LADCP DATA #########################
LOADING CHECKPOINT checkpoints/033_0
RE-LOADING PER-CAST PARAMETERS
{Warning: Directory already exists.} 
{> In <a href="matlab: opentoline('U:\LADCP\HUD2014017_Flem\proc\set_cast_params.m',38,1)">set_cast_params at 38</a>
  In <a href="matlab: opentoline('U:\LADCP\HUD2014017_Flem\begin_processing_step.m',23,1)">begin_processing_step at 23</a>
  In <a href="matlab: opentoline('U:\LADCP\HUD2014017_Flem\process_cast.m',162,1)">process_cast at 162</a>} 
LOADRDI:
 loading down-data raw/033AD000.000
 DETECTED BEAM coordinates: rotating to EARTH coordinates
 3688 3-beam solutions calculated (7% of total)
 read 4871 ensembles with 20 bins each
 DETECTED BEAM bottom track coordinates!
 0 3-beam solutions calculated (0% of total)
 loading up-data raw/033AU000.000
 DETECTED BEAM coordinates: rotating to EARTH coordinates
 3773 3-beam solutions calculated (7% of total)
 read 4869 ensemble and 20 bins 
 WARNING WARNING WARNING WARNING WARNING WARNING WARNING WARNING 
 warning instruments have no fixed ping rate 
  down dt for common ping number:2.0958  up dt :2.0979 hours 
 find best time match of up-looking ADCP to down looking ADCP
 up instrument is different by 0 ensembles
 WARNING WARNING WARNING WARNING WARNING WARNING WARNING WARNING 
 bestlag removed 147 spikes
 try to shift timeseries by lag: 0 correlation: 0.98404
 shift ADCP timeseries by 0 ensembles
 number of joint ensembles is : 4871
 found 1049 finite RDI bottom velocities
 removed 2 values because of error velocity > 0.5 m/s
 removed 94 bottom-track values because of error velocity > 0.5 m/s
 removed  34 values ( 0.70 %) because of horizontal speed > 2.5 m/s
 **  found  12 ( 0.25 %) horizontal velocities > 2.5 m/s in middle hour of cast
** WARNING  check maximum velocity setting on CMD-file   ** 
 using whole profile since no start time was given
 removed 7 profiles due to tilt derivative > 4 degrees
 multiply weight of bin 1 by 0
 Outlier discarded 4988 bins down looking
 Outlier discarded 152 bottom track
 Outlier discarded 2899 bins up looking
 found local lookup table for serial # to instid 
 FINDLOG: search near file: raw/033AD000.000
 READSERIAL_WH: parse file raw/033AD000.LOG
 serial number is : 16389
 down looking serial number is : 16389
 FINDLOG: search near file: raw/033AU000.000
 READSERIAL_WH: parse file raw/033AU000.LOG
 serial number is : 13984
   up looking serial number is : 13984
==> STEP 1 TOOK 138.6 seconds
#################### step 2: FIX LADCP-DATA PROBLEMS #################
==> STEP 2 TOOK 0.0 seconds
#################### step 3: LOAD GPS DATA ###########################
LOADNAV: load NAV time series CTD/017a033.cnv
 number of NAV scans: 5988  delta t : 0.99999 seconds
executing magdec -46.7572 48.5434 2014 7 9
 corrected for magnetic declination of -17.9 deg
==> STEP 3 TOOK 2.3 seconds
#################### step 4: GET BOTTOM-TRACK DATA ###################
GETBTRACK creates own bottom track in addition to RDI
  in: p.btrk_mode 3 and p.btrk_used 1
 using increased bottom echo amplitudes to create bottom track
 localmax2: found 2921 valid values
 found 66 bottom depth below btrk_range 50
 use 0.5 bins below maximum target strength for own bottom track velocity
 created 1828 bottom distances keeping original
 removed 105 bottom track profiles W_btrk - W_ref difference > 0.05
 boutlier removed 28 bottom track velocities 
 created 1056 bottom track velocities keeping original
 out: p.btrk_mode 3 and p.btrk_used 1
==> STEP 4 TOOK 1.1 seconds
#################### step 5: LOAD CTD PROFILE ########################
==> STEP 5 TOOK 0.0 seconds
#################### step 6: LOAD CTD TIME SERIES ####################
LOADCTD: load CTD time series CTD/017a033.cnv
 read 5988 CTD scans; median delta_t = 1.00 seconds
 interpolated to 5987 CTD scans; delta_t = 1.00 seconds
 90% LADCP depth  2168 at 09-Jul-2014 10:48:35
 90% CTD pressure 2223 at 09-Jul-2014 10:31:54
 adjusting GPS time to CTD time (+1000 seconds)
 Changed Start Time : 09-Jul-2014 09:48:10  to 09-Jul-2014 10:11:41
 Changed End   Time : 09-Jul-2014 11:53:58  to 09-Jul-2014 11:46:27
 median CTD time difference 0.99999 s
 removed 0 pressure spikes
 use 1 time base for W_ctd
 CTD max depth : 2435
 bestlag removed 27 spikes
 lag: 5  correlation: 0.95337
 bestlag removed 17 spikes
 lag: 5  correlation: 0.93314
 bestlag removed 15 spikes
 lag: 5  correlation: 0.92922
 bestlag removed 19 spikes
 lag: 5  correlation: 0.93834
 bestlag removed 16 spikes
 lag: 5  correlation: 0.97541
 bestlag removed 23 spikes
 lag: 5  correlation: 0.96457
 bestlag removed 14 spikes
 lag: 5  correlation: 0.95817
 bestlag removed 19 spikes
 lag: 5  correlation: 0.94003
 bestlag removed 21 spikes
 lag: 5  correlation: 0.93646
 bestlag removed 20 spikes
 lag: 5  correlation: 0.96212
 bestlag removed 20 spikes
 lag: 5  correlation: 0.93688
 median lag 5
 most popular lag 5
 best correlated lag 5
 BESTTLAG:  lag is: 5  for which 110% of 10 lags agree
 best lag W: 5 CTD scans ~ -5 seconds  corr:0.97541
 adjust ADCP time to CTD time and shift depth record 
 made CTD profile from time series data. 
 update start pos  from:NaN°N     NaN'  NaN°E     NaN'
			to:48°N 32.6292'   46°W 46.1289'
 update end pos    from:NaN°N     NaN'  NaN°E     NaN'
			to:48°N 32.4627'   46°W 44.8356'
==> STEP 6 TOOK 2.0 seconds
#################### step 7: FIND SURFACE & SEA BED ##################
GETDPTHI: Depth from vertical velocity inverse method
 starting run 1 to get LADCP depth
 take soundspeed from CTD profile 
 correct velocities for sound speed 
 use CTD time series depth, will not do depth inversion 
 LADCP minus CTD depth mean: 1.4203  std: 3.7213
 maximum depth from int W is :2435
 should be                   :2435
  bottom found at 2439 +/- 1 m
 correct bin length for sound speed
 removing 2622 values below bottom
==> STEP 7 TOOK 1.5 seconds
#################### step 8: APPLY PITCH/ROLL CORRECTIONS ############
==> STEP 8 TOOK 0.0 seconds
#################### step 9: EDIT DATA ###############################
 bin masking               : set 4176 weights to NaN
 side-lobe contamination   : set 1374 weights to NaN
==> STEP 9 TOOK 0.4 seconds
#################### step 10: FORM SUPER ENSEMBLES ###################
PREPINV: prepare data for inversion, form Super-Ensembles
 average profiles over (p.avdz) 9.9014 meter
 discarded 2 bottom tracks velocities because of height above bottom < 50
 reduce weight for larger tilts 0.5 at 10 degree
 mean compass offset based on velocity is 0.29519 deg
 mean compass offset based on tilt is 0.043688 deg
 rot up2down use mean up/down compass
 will not correct for sound speed twice
 remove reference velocity and average ensembles 
 Outlier discarded 360 bins down looking
 Outlier discarded 394 bins up looking
 found 1 bottom track std==0 set to 0.1 m/s
 found 26 finite bottom track ensembles
 discarded 1 bottom tracks velocities because of wstd  > 0.22269
 set 45 weight values to nan  because super ensemble std =0 
 set 72 values to minimum super ensemble std 0.037853
 reduced ensemble size is 390
==> STEP 10 TOOK 8.6 seconds
#################### step 11: REMOVE SUPER-ENSEMBLE OUTLIERS #########
==> STEP 11 TOOK 1.2 seconds
#################### step 12: RE-FORM SUPER ENSEMBLES ################
 mean compass offset based on tilt is 0.043688 deg
 remove first guess ocean velocity from raw data
 adjusted for velocity offset in up and down looking ADCP
 remove first guess ocean velocity from raw data
 rot up2down use mean up/down compass
 rotated earlier, use difference 
 will not correct for sound speed twice
 remove reference velocity and average ensembles 
 Outlier discarded 359 bins down looking
 Outlier discarded 394 bins up looking
 found 1 bottom track std==0 set to 0.1 m/s
 found 26 finite bottom track ensembles
 discarded 1 bottom tracks velocities because of wstd  > 0.22269
 set 44 weight values to nan  because super ensemble std =0 
 set 69 values to minimum super ensemble std 0.037853
 reduced ensemble size is 390
==> STEP 12 TOOK 9.7 seconds
#################### step 13: (RE-)LOAD SADCP DATA ###################
LOADSADCP: load SADCP data file SADCP/SADCP_hud2014017.mat
 found 6 SADCP profiles 
==> STEP 13 TOOK 0.2 seconds
#################### step 14: CALCULATE INVERSE SOLUTION #############
GETINV:  compute best velocity profile
 Barotropic velocity error 0.010552 [m/s]
 super ensemble velocity error 0.022975 [m/s]
 set velocity error to:0.035989 [m/s]
 vertical resolution (ps.dz) is 9.9016 [m]
 use super ensemble std based weights normalized by 0.035989 m/s 
 preaveraged GPS ships vel 1 times 
 remove 692 constaints below minimum weight 
 smooth Ocean velocity profile
 found 1 ill constrained elements will smooth 
 smooth CTD velocity profile
 no smoothness constraint applied 
 bottom inversion 
 25 bottom track ctd-vel weights of about : 1.7071
 weight for bottom track is (ps.botfac) 1
 mean sadcp weight : 0.35989
 weight for SADCP vel is (ps.sadcpfac) 1
 lainbaro: 9% of profile have no useful data 
 normalized barotropic constrain weight: 1.5927
 mean individual ctd velocity weight : 111.8215
 ready for inversion  length of  d:  10384
           (CTD vel)  length of A1:    390
         (ocean vel)  length of A2:    245
Moore-Penrose inverse
 solve only down trace
 smooth Ocean velocity profile
 found 2 ill constrained elements will smooth 
 smooth CTD velocity profile
 no smoothness constraint applied 
Moore-Penrose inverse w/o errors
 solve only up trace
 smooth Ocean velocity profile
 found 1 ill constrained elements will smooth 
 smooth CTD velocity profile
 no smoothness constraint applied 
Moore-Penrose inverse w/o errors
CHECKINV all values are given in [m/s] 
 Velocity profile error:  0.034  should be about noise:  0.025
 Check bottom track rms:  0.015  should be smaller than  0.073 /  1.000
 Check SADCP        rms:  0.064  should be smaller than  0.100 /  1.000
 GPS-LADCP ship spd diff: 0.001  should be smaller than  0.011 /  1.000
 use reference layer W
CHECKBTRK: check bottom track against U_ctd solution 
 profiles within give acceptable range: 351
  U bias : 0.003 [m/s]  std: 0.060 [m/s]
  V bias : 0.001 [m/s]  std: 0.046 [m/s]
  W bias : 0.006 [m/s]  std: 0.025 [m/s]
  W slope fact :0.0067 [1/m] lower W below bottom 
  W diff :0.3512 [m/s] ping to ping w difference 
  H std :   2.4 [m]  large means bottom is rough/sloped
  Tilt mean :2.0 +/- 0.9 [^o]  
==> STEP 14 TOOK 5.8 seconds
#################### step 15: CALCULATE SHEAR SOLUTION ###############
GETSHEAR2: average shear profile over (ps.dz) 9.9016 [m]
 maximum std (stdf) 2 of data 
 minimum weight  0.1 of data 
 will use 100 % of data 
==> STEP 15 TOOK 0.4 seconds
#################### step 16: CALCULATE DIFFUSIVITY PROFILE ##########
==> STEP 16 TOOK 0.0 seconds
#################### step 17: PLOT RESULTS & SHOW WARNINGS ###########
 do not know calibration of this instrument make a guess: 
 Battery Voltage is 50.4 V
LADCP WARNINGS                               
 warning instruments have no fixed ping rate 
 
 LADCP processing warnings: 
==> STEP 17 TOOK 0.5 seconds
#################### step 18: SAVE OUTPUT ############################
 save results 
