LDEO LADCP software: Version IX_10
#################### step 1: LOAD LADCP DATA #########################
LOADING CHECKPOINT checkpoints/038_0
RE-LOADING PER-CAST PARAMETERS
{Warning: Directory already exists.} 
{> In <a href="matlab: opentoline('U:\LADCP\HUD2014017_Flem\proc\set_cast_params.m',38,1)">set_cast_params at 38</a>
  In <a href="matlab: opentoline('U:\LADCP\HUD2014017_Flem\begin_processing_step.m',23,1)">begin_processing_step at 23</a>
  In <a href="matlab: opentoline('U:\LADCP\HUD2014017_Flem\process_cast.m',162,1)">process_cast at 162</a>} 
LOADRDI:
 loading down-data raw/038AD000.000
 DETECTED BEAM coordinates: rotating to EARTH coordinates
 1343 3-beam solutions calculated (5% of total)
 read 2151 ensembles with 20 bins each
 DETECTED BEAM bottom track coordinates!
 0 3-beam solutions calculated (0% of total)
 loading up-data raw/038AU000.000
 DETECTED BEAM coordinates: rotating to EARTH coordinates
 1217 3-beam solutions calculated (5% of total)
 read 2149 ensemble and 20 bins 
 WARNING WARNING WARNING WARNING WARNING WARNING WARNING WARNING 
 warning instruments have no fixed ping rate 
  down dt for common ping number:0.92469  up dt :0.92685 hours 
 find best time match of up-looking ADCP to down looking ADCP
 up instrument is different by 0 ensembles
 WARNING WARNING WARNING WARNING WARNING WARNING WARNING WARNING 
 bestlag removed 83 spikes
 try to shift timeseries by lag: 0 correlation: 0.98932
 shift ADCP timeseries by 0 ensembles
 number of joint ensembles is : 2151
 found 496 finite RDI bottom velocities
 removed 1 values because of error velocity > 0.5 m/s
 removed 22 bottom-track values because of error velocity > 0.5 m/s
 removed  19 values ( 0.88 %) because of horizontal speed > 2.5 m/s
 using whole profile since no start time was given
 removed 1 profiles due to tilt derivative > 4 degrees
 multiply weight of bin 1 by 0
 Outlier discarded 2372 bins down looking
 Outlier discarded 68 bottom track
 Outlier discarded 1419 bins up looking
 found local lookup table for serial # to instid 
 FINDLOG: search near file: raw/038AD000.000
 READSERIAL_WH: parse file raw/038AD000.LOG
 serial number is : 16389
 down looking serial number is : 16389
 FINDLOG: search near file: raw/038AU000.000
 READSERIAL_WH: parse file raw/038AU000.LOG
 serial number is : 13984
   up looking serial number is : 13984
==> STEP 1 TOOK 55.3 seconds
#################### step 2: FIX LADCP-DATA PROBLEMS #################
==> STEP 2 TOOK 0.0 seconds
#################### step 3: LOAD GPS DATA ###########################
LOADNAV: load NAV time series CTD/017a038.cnv
 number of NAV scans: 2443  delta t : 0.99999 seconds
executing magdec -46.5387 48.3083 2014 7 10
 corrected for magnetic declination of -17.7 deg
==> STEP 3 TOOK 1.2 seconds
#################### step 4: GET BOTTOM-TRACK DATA ###################
GETBTRACK creates own bottom track in addition to RDI
  in: p.btrk_mode 3 and p.btrk_used 1
 using increased bottom echo amplitudes to create bottom track
 localmax2: found 1300 valid values
 found 41 bottom depth below btrk_range 50
 use 0.5 bins below maximum target strength for own bottom track velocity
 created 652 bottom distances keeping original
 removed 41 bottom track profiles W_btrk - W_ref difference > 0.05
 boutlier removed 16 bottom track velocities 
 created 548 bottom track velocities keeping original
 out: p.btrk_mode 3 and p.btrk_used 1
==> STEP 4 TOOK 0.6 seconds
#################### step 5: LOAD CTD PROFILE ########################
==> STEP 5 TOOK 0.0 seconds
#################### step 6: LOAD CTD TIME SERIES ####################
LOADCTD: load CTD time series CTD/017a038.cnv
 read 2443 CTD scans; median delta_t = 1.00 seconds
 interpolated to 2442 CTD scans; delta_t = 1.00 seconds
 90% LADCP depth  937 at 10-Jul-2014 00:44:44
 90% CTD pressure 945 at 10-Jul-2014 00:37:35
 adjusting GPS time to CTD time (+429 seconds)
 Changed Start Time : 10-Jul-2014 00:15:50  to 10-Jul-2014 00:27:47
 Changed End   Time : 10-Jul-2014 01:11:22  to 10-Jul-2014 01:05:37
 median CTD time difference 0.99999 s
 removed 0 pressure spikes
 use 1 time base for W_ctd
 CTD max depth : 1038
 bestlag removed 25 spikes
 lag: 3  correlation: 0.91273
 bestlag removed 29 spikes
 lag: 4  correlation: 0.94214
 bestlag removed 22 spikes
 lag: 4  correlation: 0.99281
 bestlag removed 19 spikes
 lag: 4  correlation: 0.912
 bestlag removed 19 spikes
 lag: 4  correlation: 0.91455
 bestlag removed 20 spikes
 lag: 4  correlation: 0.90728
 median lag 4
 most popular lag 4
 best correlated lag 4
 BESTTLAG:  lag is: 4  for which 100% of 5 lags agree
 best lag W: 4 CTD scans ~ -4 seconds  corr:0.99281
 adjust ADCP time to CTD time and shift depth record 
 made CTD profile from time series data. 
 update start pos  from:NaN°N     NaN'  NaN°E     NaN'
			to:48°N 18.5556'   46°W 32.5533'
 update end pos    from:NaN°N     NaN'  NaN°E     NaN'
			to:48°N 18.4224'   46°W 32.1996'
==> STEP 6 TOOK 1.1 seconds
#################### step 7: FIND SURFACE & SEA BED ##################
GETDPTHI: Depth from vertical velocity inverse method
 starting run 1 to get LADCP depth
 take soundspeed from CTD profile 
 correct velocities for sound speed 
 use CTD time series depth, will not do depth inversion 
 LADCP minus CTD depth mean: -0.65064  std: 1.4689
 maximum depth from int W is :1038
 should be                   :1038
  bottom found at 1043 +/- 1 m
 correct bin length for sound speed
 removing 976 values below bottom
==> STEP 7 TOOK 1.1 seconds
#################### step 8: APPLY PITCH/ROLL CORRECTIONS ############
==> STEP 8 TOOK 0.0 seconds
#################### step 9: EDIT DATA ###############################
 bin masking               : set 1978 weights to NaN
 side-lobe contamination   : set 1211 weights to NaN
==> STEP 9 TOOK 0.3 seconds
#################### step 10: FORM SUPER ENSEMBLES ###################
PREPINV: prepare data for inversion, form Super-Ensembles
 average profiles over (p.avdz) 9.8596 meter
 reduce weight for larger tilts 0.5 at 10 degree
 mean compass offset based on velocity is 0.78089 deg
 mean compass offset based on tilt is -0.0025 deg
 rot up2down use mean up/down compass
 will not correct for sound speed twice
 remove reference velocity and average ensembles 
 Outlier discarded 134 bins down looking
 Outlier discarded 161 bins up looking
 found 0 bottom track std==0 set to 0.1 m/s
 found 26 finite bottom track ensembles
 discarded 2 bottom tracks velocities because of wstd  > 0.1571
 set 12 weight values to nan  because super ensemble std =0 
 set 126 values to minimum super ensemble std 0.043444
 reduced ensemble size is 168
==> STEP 10 TOOK 3.8 seconds
#################### step 11: REMOVE SUPER-ENSEMBLE OUTLIERS #########
==> STEP 11 TOOK 0.8 seconds
#################### step 12: RE-FORM SUPER ENSEMBLES ################
 mean compass offset based on tilt is -0.0025 deg
 remove first guess ocean velocity from raw data
 adjusted for velocity offset in up and down looking ADCP
 remove first guess ocean velocity from raw data
 rot up2down use mean up/down compass
 rotated earlier, use difference 
 will not correct for sound speed twice
 remove reference velocity and average ensembles 
 Outlier discarded 134 bins down looking
 Outlier discarded 163 bins up looking
 found 0 bottom track std==0 set to 0.1 m/s
 found 26 finite bottom track ensembles
 discarded 2 bottom tracks velocities because of wstd  > 0.1571
 set 8 weight values to nan  because super ensemble std =0 
 set 120 values to minimum super ensemble std 0.043444
 reduced ensemble size is 168
==> STEP 12 TOOK 4.6 seconds
#################### step 13: (RE-)LOAD SADCP DATA ###################
LOADSADCP: load SADCP data file SADCP/SADCP_hud2014017.mat
 no finite SADCP data found 
==> STEP 13 TOOK 0.0 seconds
#################### step 14: CALCULATE INVERSE SOLUTION #############
GETINV:  compute best velocity profile
 Barotropic velocity error 0.026432 [m/s]
 super ensemble velocity error 0.024621 [m/s]
 set velocity error to:0.034188 [m/s]
 vertical resolution (ps.dz) is 9.7965 [m]
 use super ensemble std based weights normalized by 0.034188 m/s 
 preaveraged GPS ships vel 1 times 
 remove 709 constaints below minimum weight 
 smooth Ocean velocity profile
 found 2 ill constrained elements will smooth 
 smooth CTD velocity profile
 no smoothness constraint applied 
 bottom inversion 
 24 bottom track ctd-vel weights of about : 1.9802
 weight for bottom track is (ps.botfac) 1
 no SADCP data
 normalized barotropic constrain weight: 1.2935
 mean individual ctd velocity weight : 61.5557
 ready for inversion  length of  d:   4951
           (CTD vel)  length of A1:    168
         (ocean vel)  length of A2:    105
Moore-Penrose inverse
 solve only down trace
 smooth Ocean velocity profile
 found 2 ill constrained elements will smooth 
 smooth CTD velocity profile
 no smoothness constraint applied 
Moore-Penrose inverse w/o errors
 solve only up trace
 smooth Ocean velocity profile
 found 1 ill constrained elements will smooth 
 smooth CTD velocity profile
 no smoothness constraint applied 
Moore-Penrose inverse w/o errors
CHECKINV all values are given in [m/s] 
 Velocity profile error:  0.033  should be about noise:  0.025
 Check bottom track rms:  0.018  should be smaller than  0.062 /  1.000
 GPS-LADCP ship spd diff: 0.010  should be smaller than  0.026 /  1.000
 use reference layer W
CHECKBTRK: check bottom track against U_ctd solution 
 profiles within give acceptable range: 328
  U bias :-0.002 [m/s]  std: 0.040 [m/s]
  V bias :-0.003 [m/s]  std: 0.045 [m/s]
  W bias : 0.008 [m/s]  std: 0.022 [m/s]
  W slope fact :0.0077 [1/m] lower W below bottom 
  W diff :0.2761 [m/s] ping to ping w difference 
  H std :   2.4 [m]  large means bottom is rough/sloped
  Tilt mean :1.6 +/- 0.6 [^o]  
==> STEP 14 TOOK 4.6 seconds
#################### step 15: CALCULATE SHEAR SOLUTION ###############
GETSHEAR2: average shear profile over (ps.dz) 9.7965 [m]
 maximum std (stdf) 2 of data 
 minimum weight  0.1 of data 
 will use 100 % of data 
==> STEP 15 TOOK 0.2 seconds
#################### step 16: CALCULATE DIFFUSIVITY PROFILE ##########
==> STEP 16 TOOK 0.0 seconds
#################### step 17: PLOT RESULTS & SHOW WARNINGS ###########
 do not know calibration of this instrument make a guess: 
 Battery Voltage is 51.2 V
LADCP WARNINGS                               
 warning instruments have no fixed ping rate 
 
 LADCP processing warnings: 
==> STEP 17 TOOK 0.4 seconds
#################### step 18: SAVE OUTPUT ############################
 save results 
