LDEO LADCP software: Version IX_10
#################### step 1: LOAD LADCP DATA #########################
LOADING CHECKPOINT checkpoints/049_0
RE-LOADING PER-CAST PARAMETERS
[Warning: Directory already exists.] 
[> In <a href="matlab: opentoline('U:\LADCP\HUD2013021_Flem_softwareUPDATE\proc\set_cast_params.m',38,1)">set_cast_params at 38</a>
  In <a href="matlab: opentoline('U:\Ladcp\HUD2013021_Flem_softwareUPDATE\begin_processing_step.m',23,1)">begin_processing_step at 23</a>
  In <a href="matlab: opentoline('U:\Ladcp\HUD2013021_Flem_softwareUPDATE\process_cast.m',162,1)">process_cast at 162</a>] 
LOADRDI:
 loading down-data raw/049AD000.000
 read 3812 ensembles with 20 bins each
 loading up-data raw/049AU000.000
 read 3816 ensemble and 20 bins 
 WARNING WARNING WARNING WARNING WARNING WARNING WARNING WARNING 
 warning instruments have no fixed ping rate 
  down dt for common ping number:1.6407  up dt :1.6443 hours 
 find best time match of up-looking ADCP to down looking ADCP
 up instrument is different by 1 ensembles
 WARNING WARNING WARNING WARNING WARNING WARNING WARNING WARNING 
 bestlag removed 109 spikes
 try to shift timeseries by lag: 0 correlation: 0.99654
 shift ADCP timeseries by 0 ensembles
 number of joint ensembles is : 3812
 found 421 finite RDI bottom velocities
 removed 1050 values because of error velocity > 0.5 m/s
 removed 53 bottom-track values because of error velocity > 0.5 m/s
 removed  28 values ( 0.73 %) because of horizontal speed > 2.5 m/s
 **  found  18 ( 0.47 %) horizontal velocities > 2.5 m/s in middle hour of cast
** WARNING  check maximum velocity setting on CMD-file   ** 
 using whole profile since no start time was given
 removed 7 profiles due to tilt derivative > 4 degrees
 multiply weight of bin 1 by 0
 Outlier discarded 3085 bins down looking
 Outlier discarded 44 bottom track
 Outlier discarded 2035 bins up looking
 found local lookup table for serial # to instid 
 FINDLOG: search near file: raw/049AD000.000
 READSERIAL_WH: parse file raw/049AD000.LOG
 serial number is : 16389
 down looking serial number is : 16389
 FINDLOG: search near file: raw/049AU000.000
 READSERIAL_WH: parse file raw/049AU000.LOG
 serial number is : 13984
   up looking serial number is : 13984
==> STEP 1 TOOK 138.4 seconds
#################### step 2: FIX LADCP-DATA PROBLEMS #################
==> STEP 2 TOOK 0.0 seconds
#################### step 3: LOAD GPS DATA ###########################
LOADNAV: load NAV time series CTD/021a049.cnv
 number of NAV scans: 4496  delta t : 0.99999 seconds
executing magdec -45.8298 48.9373 2013 7 4
 corrected for magnetic declination of -18.0 deg
==> STEP 3 TOOK 1.2 seconds
#################### step 4: GET BOTTOM-TRACK DATA ###################
GETBTRACK creates own bottom track in addition to RDI
  in: p.btrk_mode 3 and p.btrk_used 1
 using increased bottom echo amplitudes to create bottom track
 localmax2: found 2162 valid values
 found 37 bottom depth below btrk_range 50
 use 0.5 bins below maximum target strength for own bottom track velocity
 created 1359 bottom distances keeping original
 removed 100 bottom track profiles W_btrk - W_ref difference > 0.05
 boutlier removed 12 bottom track velocities 
 created 573 bottom track velocities keeping original
 out: p.btrk_mode 3 and p.btrk_used 1
==> STEP 4 TOOK 0.9 seconds
#################### step 5: LOAD CTD PROFILE ########################
==> STEP 5 TOOK 0.0 seconds
#################### step 6: LOAD CTD TIME SERIES ####################
LOADCTD: load CTD time series CTD/021a049.cnv
 read 4496 CTD scans; median delta_t = 1.00 seconds
 interpolated to 4495 CTD scans; delta_t = 1.00 seconds
 90% LADCP depth  2251 at 04-Jul-2013 23:28:01
 90% CTD pressure 2233 at 04-Jul-2013 23:11:52
 adjusting GPS time to CTD time (+969 seconds)
 Changed Start Time : 04-Jul-2013 22:31:47  to 04-Jul-2013 22:54:28
 Changed End   Time : 05-Jul-2013 00:10:14  to 05-Jul-2013 00:06:24
 median CTD time difference 0.99999 s
 removed 0 pressure spikes
 use 1 time base for W_ctd
 CTD max depth : 2445
 lag: 10  correlation: 0.92366
 bestlag removed 21 spikes
 lag: 10  correlation: 0.94771
 bestlag removed 14 spikes
 lag: 10  correlation: 0.9575
 bestlag removed 11 spikes
 lag: 10  correlation: 0.94746
 bestlag removed 12 spikes
 lag: 10  correlation: 0.99832
 bestlag removed 30 spikes
 lag: 10  correlation: 0.96478
 bestlag removed 14 spikes
 lag: 10  correlation: 0.93638
 bestlag removed 18 spikes
 lag: 10  correlation: 0.94716
 bestlag removed 23 spikes
 lag: 10  correlation: 0.95126
 median lag 10
 most popular lag 10
 best correlated lag 10
 BESTTLAG:  lag is: 10  for which 113% of 8 lags agree
 best lag W: 10 CTD scans ~ -10 seconds  corr:0.99832
 adjust ADCP time to CTD time and shift depth record 
 made CTD profile from time series data. 
 update start pos  from:NaN°N     NaN'  NaN°E     NaN'
			to:48°N 56.1672'   45°W 49.8048'
 update end pos    from:NaN°N     NaN'  NaN°E     NaN'
			to:48°N 56.3004'   45°W 49.7532'
==> STEP 6 TOOK 1.9 seconds
#################### step 7: FIND SURFACE & SEA BED ##################
GETDPTHI: Depth from vertical velocity inverse method
 starting run 1 to get LADCP depth
 take soundspeed from CTD profile 
 correct velocities for sound speed 
 use CTD time series depth, will not do depth inversion 
 LADCP minus CTD depth mean: -9.695  std: 5.3413
 maximum depth from int W is :2445
 should be                   :2445
  bottom found at 2454 +/- 0 m
 correct bin length for sound speed
 removing 521 values below bottom
==> STEP 7 TOOK 1.4 seconds
#################### step 8: APPLY PITCH/ROLL CORRECTIONS ############
==> STEP 8 TOOK 0.0 seconds
#################### step 9: EDIT DATA ###############################
 bin masking               : set 4412 weights to NaN
 side-lobe contamination   : set 780 weights to NaN
 spike filter              : set 21 weights to NaN
==> STEP 9 TOOK 0.3 seconds
#################### step 10: FORM SUPER ENSEMBLES ###################
PREPINV: prepare data for inversion, form Super-Ensembles
 average profiles over (p.avdz) 9.882 meter
 discarded 1 bottom tracks velocities because of height above bottom < 50
 reduce weight for larger tilts 0.5 at 10 degree
 mean compass offset based on velocity is -1.8201 deg
 mean compass offset based on tilt is -0.91981 deg
 rot up2down use mean up/down compass
 will not correct for sound speed twice
 remove reference velocity and average ensembles 
 Outlier discarded 364 bins down looking
 Outlier discarded 393 bins up looking
 found 0 bottom track std==0 set to 0.1 m/s
 found 25 finite bottom track ensembles
 discarded 2 bottom tracks velocities because of wstd  > 0.080003
 set 104 weight values to nan  because super ensemble std =0 
 set 124 values to minimum super ensemble std 0.042208
 reduced ensemble size is 386
==> STEP 10 TOOK 8.0 seconds
#################### step 11: REMOVE SUPER-ENSEMBLE OUTLIERS #########
==> STEP 11 TOOK 1.3 seconds
#################### step 12: RE-FORM SUPER ENSEMBLES ################
 mean compass offset based on tilt is -0.91981 deg
 remove first guess ocean velocity from raw data
 adjusted for velocity offset in up and down looking ADCP
 remove first guess ocean velocity from raw data
 rot up2down use mean up/down compass
 rotated earlier, use difference 
 will not correct for sound speed twice
 remove reference velocity and average ensembles 
 Outlier discarded 357 bins down looking
 Outlier discarded 396 bins up looking
 found 0 bottom track std==0 set to 0.1 m/s
 found 25 finite bottom track ensembles
 discarded 2 bottom tracks velocities because of wstd  > 0.080003
 set 113 weight values to nan  because super ensemble std =0 
 set 140 values to minimum super ensemble std 0.042208
 reduced ensemble size is 386
==> STEP 12 TOOK 8.9 seconds
#################### step 13: (RE-)LOAD SADCP DATA ###################
LOADSADCP: load SADCP data file SADCP/SADCP_hud2013021.mat
 found 5 SADCP profiles 
==> STEP 13 TOOK 0.2 seconds
#################### step 14: CALCULATE INVERSE SOLUTION #############
GETINV:  compute best velocity profile
 Barotropic velocity error 0.013902 [m/s]
 super ensemble velocity error 0.021186 [m/s]
 set velocity error to:0.042099 [m/s]
 vertical resolution (ps.dz) is 9.8825 [m]
 use super ensemble std based weights normalized by 0.042099 m/s 
 preaveraged GPS ships vel 1 times 
 remove 721 constaints below minimum weight 
 smooth Ocean velocity profile
 found 1 ill constrained elements will smooth 
 smooth CTD velocity profile
 found 1 ill constrained elements will smooth 
 bottom inversion 
 23 bottom track ctd-vel weights of about : 2.0086
 weight for bottom track is (ps.botfac) 1
 mean sadcp weight : 0.79542
 weight for SADCP vel is (ps.sadcpfac) 1
 normalized barotropic constrain weight: 3.0283
 mean individual ctd velocity weight : 210.5348
 ready for inversion  length of  d:   9370
           (CTD vel)  length of A1:    385
         (ocean vel)  length of A2:    247
Moore-Penrose inverse
 solve only down trace
 smooth Ocean velocity profile
 found 4 ill constrained elements will smooth 
 smooth CTD velocity profile
 found 1 ill constrained elements will smooth 
Moore-Penrose inverse w/o errors
 solve only up trace
 smooth Ocean velocity profile
 found 1 ill constrained elements will smooth 
 smooth CTD velocity profile
 no smoothness constraint applied 
Moore-Penrose inverse w/o errors
CHECKINV all values are given in [m/s] 
 Velocity profile error:  0.040  should be about noise:  0.030
 Check bottom track rms:  0.021  should be smaller than  0.069 /  1.000
 Check SADCP        rms:  0.032  should be smaller than  0.056 /  1.000
 GPS-LADCP ship spd diff: 0.001  should be smaller than  0.014 /  1.000
 use reference layer W
CHECKBTRK: check bottom track against U_ctd solution 
 profiles within give acceptable range: 279
  U bias :-0.000 [m/s]  std: 0.058 [m/s]
  V bias : 0.003 [m/s]  std: 0.044 [m/s]
  W bias : 0.011 [m/s]  std: 0.025 [m/s]
  W slope fact :0.0057 [1/m] lower W below bottom 
  W diff :0.1249 [m/s] ping to ping w difference 
  H std :   0.9 [m]  large means bottom is rough/sloped
  Tilt mean :2.6 +/- 1.0 [^o]  
==> STEP 14 TOOK 5.1 seconds
#################### step 15: CALCULATE SHEAR SOLUTION ###############
GETSHEAR2: average shear profile over (ps.dz) 9.8825 [m]
 maximum std (stdf) 2 of data 
 minimum weight  0.1 of data 
 will use 100 % of data 
==> STEP 15 TOOK 0.4 seconds
#################### step 16: CALCULATE DIFFUSIVITY PROFILE ##########
==> STEP 16 TOOK 0.0 seconds
#################### step 17: PLOT RESULTS & SHOW WARNINGS ###########
 do not know calibration of this instrument make a guess: 
 Battery Voltage is 50 V
LADCP WARNINGS                               
 warning instruments have no fixed ping rate 
 
 LADCP processing warnings: 
==> STEP 17 TOOK 0.5 seconds
#################### step 18: SAVE OUTPUT ############################
 save results 
