LDEO LADCP software: Version IX_10
#################### step 1: LOAD LADCP DATA #########################
LOADING CHECKPOINT checkpoints/029_0
RE-LOADING PER-CAST PARAMETERS
{Warning: Directory already exists.} 
{> In <a href="matlab: opentoline('U:\LADCP\HUD2014017_Flem\proc\set_cast_params.m',38,1)">set_cast_params at 38</a>
  In <a href="matlab: opentoline('U:\LADCP\HUD2014017_Flem\begin_processing_step.m',23,1)">begin_processing_step at 23</a>
  In <a href="matlab: opentoline('U:\LADCP\HUD2014017_Flem\process_cast.m',162,1)">process_cast at 162</a>} 
LOADRDI:
 loading down-data raw/029AD000.000
 DETECTED BEAM coordinates: rotating to EARTH coordinates
 2283 3-beam solutions calculated (5% of total)
 read 3210 ensembles with 20 bins each
 DETECTED BEAM bottom track coordinates!
 0 3-beam solutions calculated (0% of total)
 loading up-data raw/029AU000.000
 DETECTED BEAM coordinates: rotating to EARTH coordinates
 2750 3-beam solutions calculated (6% of total)
 read 3209 ensemble and 20 bins 
 WARNING WARNING WARNING WARNING WARNING WARNING WARNING WARNING 
 warning instruments have no fixed ping rate 
  down dt for common ping number:1.3811  up dt :1.3833 hours 
 find best time match of up-looking ADCP to down looking ADCP
 up instrument is different by 0 ensembles
 WARNING WARNING WARNING WARNING WARNING WARNING WARNING WARNING 
 bestlag removed 159 spikes
 try to shift timeseries by lag: 0 correlation: 0.98714
 shift ADCP timeseries by 0 ensembles
 number of joint ensembles is : 3210
 found 753 finite RDI bottom velocities
 removed 14 values because of error velocity > 0.5 m/s
 removed 56 bottom-track values because of error velocity > 0.5 m/s
 removed 111 values ( 3.46 %) because of horizontal speed > 2.5 m/s
 using whole profile since no start time was given
 removed 3 profiles due to tilt derivative > 4 degrees
 multiply weight of bin 1 by 0
 Outlier discarded 3481 bins down looking
 Outlier discarded 100 bottom track
 Outlier discarded 2331 bins up looking
 found local lookup table for serial # to instid 
 FINDLOG: search near file: raw/029AD000.000
 READSERIAL_WH: parse file raw/029AD000.LOG
 serial number is : 16389
 down looking serial number is : 16389
 FINDLOG: search near file: raw/029AU000.000
 READSERIAL_WH: parse file raw/029AU000.LOG
 serial number is : 13984
   up looking serial number is : 13984
==> STEP 1 TOOK 82.2 seconds
#################### step 2: FIX LADCP-DATA PROBLEMS #################
==> STEP 2 TOOK 0.0 seconds
#################### step 3: LOAD GPS DATA ###########################
LOADNAV: load NAV time series CTD/017a029.cnv
 number of NAV scans: 4452  delta t : 0.99999 seconds
executing magdec -45.693 48.8113 2014 7 7
 corrected for magnetic declination of -17.7 deg
==> STEP 3 TOOK 1.2 seconds
#################### step 4: GET BOTTOM-TRACK DATA ###################
GETBTRACK creates own bottom track in addition to RDI
  in: p.btrk_mode 3 and p.btrk_used 1
 using increased bottom echo amplitudes to create bottom track
 localmax2: found 2133 valid values
 found 39 bottom depth below btrk_range 50
 use 0.5 bins below maximum target strength for own bottom track velocity
 created 1035 bottom distances keeping original
 removed 71 bottom track profiles W_btrk - W_ref difference > 0.05
 boutlier removed 16 bottom track velocities 
 created 618 bottom track velocities keeping original
 out: p.btrk_mode 3 and p.btrk_used 1
==> STEP 4 TOOK 0.8 seconds
#################### step 5: LOAD CTD PROFILE ########################
==> STEP 5 TOOK 0.0 seconds
#################### step 6: LOAD CTD TIME SERIES ####################
LOADCTD: load CTD time series CTD/017a029.cnv
 read 4452 CTD scans; median delta_t = 1.00 seconds
 interpolated to 4451 CTD scans; delta_t = 1.00 seconds
 90% LADCP depth  1611 at 07-Jul-2014 04:46:24
 90% CTD pressure 1637 at 07-Jul-2014 04:43:07
 adjusting GPS time to CTD time (+197 seconds)
 Changed Start Time : 07-Jul-2014 04:10:24  to 07-Jul-2014 04:17:55
 Changed End   Time : 07-Jul-2014 05:33:17  to 07-Jul-2014 05:29:09
 median CTD time difference 0.99999 s
 removed 0 pressure spikes
 use 1 time base for W_ctd
 CTD max depth : 1796
 bestlag removed 20 spikes
 lag: 5  correlation: 0.95405
 bestlag removed 18 spikes
 lag: 5  correlation: 0.92293
 bestlag removed 23 spikes
 lag: 5  correlation: 0.93715
 bestlag removed 30 spikes
 lag: 5  correlation: 0.99289
 bestlag removed 23 spikes
 lag: 5  correlation: 0.93444
 bestlag removed 22 spikes
 lag: 5  correlation: 0.97085
 bestlag removed 25 spikes
 lag: 5  correlation: 0.97489
 bestlag removed 30 spikes
 lag: 5  correlation: 0.97559
 bestlag removed 21 spikes
 lag: 5  correlation: 0.93548
 median lag 5
 most popular lag 5
 best correlated lag 5
 BESTTLAG:  lag is: 5  for which 113% of 8 lags agree
 best lag W: 5 CTD scans ~ -5 seconds  corr:0.99289
 adjust ADCP time to CTD time and shift depth record 
 made CTD profile from time series data. 
 update start pos  from:NaN°N     NaN'  NaN°E     NaN'
			to:48°N 48.4524'   45°W 41.6628'
 update end pos    from:NaN°N     NaN'  NaN°E     NaN'
			to:48°N 48.8736'   45°W 41.4834'
==> STEP 6 TOOK 1.6 seconds
#################### step 7: FIND SURFACE & SEA BED ##################
GETDPTHI: Depth from vertical velocity inverse method
 starting run 1 to get LADCP depth
 take soundspeed from CTD profile 
 correct velocities for sound speed 
 use CTD time series depth, will not do depth inversion 
 LADCP minus CTD depth mean: -1.9555  std: 3.0388
 maximum depth from int W is :1796
 should be                   :1796
  bottom found at 1800 +/- 1 m
 correct bin length for sound speed
 removing 1916 values below bottom
==> STEP 7 TOOK 1.4 seconds
#################### step 8: APPLY PITCH/ROLL CORRECTIONS ############
==> STEP 8 TOOK 0.0 seconds
#################### step 9: EDIT DATA ###############################
 bin masking               : set 3395 weights to NaN
 side-lobe contamination   : set 1240 weights to NaN
==> STEP 9 TOOK 0.3 seconds
#################### step 10: FORM SUPER ENSEMBLES ###################
PREPINV: prepare data for inversion, form Super-Ensembles
 average profiles over (p.avdz) 9.8932 meter
 discarded 1 bottom tracks velocities because of height above bottom < 50
 reduce weight for larger tilts 0.5 at 10 degree
 mean compass offset based on velocity is 0.21467 deg
 mean compass offset based on tilt is -0.03675 deg
 rot up2down use mean up/down compass
 will not correct for sound speed twice
 remove reference velocity and average ensembles 
 Outlier discarded 268 bins down looking
 Outlier discarded 289 bins up looking
 found 0 bottom track std==0 set to 0.1 m/s
 found 25 finite bottom track ensembles
 discarded 0 bottom tracks velocities because of wstd  > 0.17924
 set 34 weight values to nan  because super ensemble std =0 
 set 72 values to minimum super ensemble std 0.038365
 reduced ensemble size is 291
==> STEP 10 TOOK 6.6 seconds
#################### step 11: REMOVE SUPER-ENSEMBLE OUTLIERS #########
==> STEP 11 TOOK 1.0 seconds
#################### step 12: RE-FORM SUPER ENSEMBLES ################
 mean compass offset based on tilt is -0.03675 deg
 remove first guess ocean velocity from raw data
 adjusted for velocity offset in up and down looking ADCP
 remove first guess ocean velocity from raw data
 rot up2down use mean up/down compass
 rotated earlier, use difference 
 will not correct for sound speed twice
 remove reference velocity and average ensembles 
 Outlier discarded 266 bins down looking
 Outlier discarded 282 bins up looking
 found 0 bottom track std==0 set to 0.1 m/s
 found 25 finite bottom track ensembles
 discarded 0 bottom tracks velocities because of wstd  > 0.17924
 set 35 weight values to nan  because super ensemble std =0 
 set 86 values to minimum super ensemble std 0.038365
 reduced ensemble size is 291
==> STEP 12 TOOK 7.5 seconds
#################### step 13: (RE-)LOAD SADCP DATA ###################
LOADSADCP: load SADCP data file SADCP/SADCP_hud2014017.mat
 found 5 SADCP profiles 
==> STEP 13 TOOK 0.2 seconds
#################### step 14: CALCULATE INVERSE SOLUTION #############
GETINV:  compute best velocity profile
 Barotropic velocity error 0.014038 [m/s]
 super ensemble velocity error 0.020971 [m/s]
 set velocity error to:0.035752 [m/s]
 vertical resolution (ps.dz) is 9.8898 [m]
 use super ensemble std based weights normalized by 0.035752 m/s 
 preaveraged GPS ships vel 1 times 
 remove 728 constaints below minimum weight 
 smooth Ocean velocity profile
 found 2 ill constrained elements will smooth 
 smooth CTD velocity profile
 no smoothness constraint applied 
 bottom inversion 
 25 bottom track ctd-vel weights of about : 2.0443
 weight for bottom track is (ps.botfac) 1
 mean sadcp weight : 1.0893
 weight for SADCP vel is (ps.sadcpfac) 1
 lainbaro: 11% of profile have no useful data 
 normalized barotropic constrain weight: 1.0024
 mean individual ctd velocity weight : 62.0434
 ready for inversion  length of  d:   8066
           (CTD vel)  length of A1:    291
         (ocean vel)  length of A2:    180
Moore-Penrose inverse
 solve only down trace
 smooth Ocean velocity profile
 found 1 ill constrained elements will smooth 
 smooth CTD velocity profile
 no smoothness constraint applied 
Moore-Penrose inverse w/o errors
 solve only up trace
 smooth Ocean velocity profile
 found 2 ill constrained elements will smooth 
 smooth CTD velocity profile
 found 1 ill constrained elements will smooth 
Moore-Penrose inverse w/o errors
CHECKINV all values are given in [m/s] 
 Velocity profile error:  0.035  should be about noise:  0.024
 Check bottom track rms:  0.019  should be smaller than  0.058 /  1.000
 Check SADCP        rms:  0.021  should be smaller than  0.035 /  1.000
 GPS-LADCP ship spd diff: 0.004  should be smaller than  0.014 /  1.000
 use reference layer W
CHECKBTRK: check bottom track against U_ctd solution 
 profiles within give acceptable range: 322
  U bias : 0.001 [m/s]  std: 0.047 [m/s]
  V bias :-0.008 [m/s]  std: 0.039 [m/s]
  W bias : 0.013 [m/s]  std: 0.026 [m/s]
  W slope fact :0.0069 [1/m] lower W below bottom 
  W diff :0.2712 [m/s] ping to ping w difference 
  H std :   2.5 [m]  large means bottom is rough/sloped
  Tilt mean :2.1 +/- 0.9 [^o]  
==> STEP 14 TOOK 5.3 seconds
#################### step 15: CALCULATE SHEAR SOLUTION ###############
GETSHEAR2: average shear profile over (ps.dz) 9.8898 [m]
 maximum std (stdf) 2 of data 
 minimum weight  0.1 of data 
 will use 100 % of data 
==> STEP 15 TOOK 0.3 seconds
#################### step 16: CALCULATE DIFFUSIVITY PROFILE ##########
==> STEP 16 TOOK 0.0 seconds
#################### step 17: PLOT RESULTS & SHOW WARNINGS ###########
 do not know calibration of this instrument make a guess: 
 Battery Voltage is 51.4 V
LADCP WARNINGS                               
 warning instruments have no fixed ping rate 
 
 LADCP processing warnings: 
==> STEP 17 TOOK 0.5 seconds
#################### step 18: SAVE OUTPUT ############################
 save results 
