LDEO LADCP software: Version IX_10
#################### step 1: LOAD LADCP DATA #########################
LOADING CHECKPOINT checkpoints/020_0
RE-LOADING PER-CAST PARAMETERS
[Warning: Directory already exists.] 
[> In <a href="matlab: opentoline('U:\LADCP\HUD2013021_Flem_softwareUPDATE\proc\set_cast_params.m',38,1)">set_cast_params at 38</a>
  In <a href="matlab: opentoline('U:\LADCP\HUD2013021_Flem_softwareUPDATE\begin_processing_step.m',23,1)">begin_processing_step at 23</a>
  In <a href="matlab: opentoline('U:\LADCP\HUD2013021_Flem_softwareUPDATE\process_cast.m',162,1)">process_cast at 162</a>] 
LOADRDI:
 loading down-data raw/020AD000.000
 read 1081 ensembles with 20 bins each
 loading up-data raw/020AU000.000
 read 1084 ensemble and 20 bins 
 WARNING WARNING WARNING WARNING WARNING WARNING WARNING WARNING 
 warning instruments have no fixed ping rate 
  down dt for common ping number:0.46496  up dt :0.46832 hours 
 find best time match of up-looking ADCP to down looking ADCP
 up instrument is different by 1 ensembles
 WARNING WARNING WARNING WARNING WARNING WARNING WARNING WARNING 
 bestlag removed 66 spikes
 try to shift timeseries by lag: 0 correlation: 0.98567
 shift ADCP timeseries by 0 ensembles
 number of joint ensembles is : 1081
 found 247 finite RDI bottom velocities
 removed 1099 values because of error velocity > 0.5 m/s
 removed 14 bottom-track values because of error velocity > 0.5 m/s
 removed  31 values ( 2.87 %) because of horizontal speed > 2.5 m/s
 using whole profile since no start time was given
 removed 9 profiles due to tilt derivative > 4 degrees
 removed 1 suspect non pinging? (low velocity gradient) ensembles from down-looker
 multiply weight of bin 1 by 0
 Outlier discarded 921 bins down looking
 Outlier discarded 24 bottom track
 Outlier discarded 647 bins up looking
 found local lookup table for serial # to instid 
 FINDLOG: search near file: raw/020AD000.000
 READSERIAL_WH: parse file raw/020AD000.LOG
 serial number is : 16389
 down looking serial number is : 16389
 FINDLOG: search near file: raw/020AU000.000
 READSERIAL_WH: parse file raw/020AU000.LOG
 serial number is : 13984
   up looking serial number is : 13984
==> STEP 1 TOOK 30.4 seconds
#################### step 2: FIX LADCP-DATA PROBLEMS #################
==> STEP 2 TOOK 0.0 seconds
#################### step 3: LOAD GPS DATA ###########################
LOADNAV: load NAV time series CTD/021a020.cnv
 number of NAV scans: 1073  delta t : 0.99999 seconds
executing magdec -46.5583 47.0014 2013 7 2
 corrected for magnetic declination of -17.5 deg
==> STEP 3 TOOK 2.7 seconds
#################### step 4: GET BOTTOM-TRACK DATA ###################
GETBTRACK creates own bottom track in addition to RDI
  in: p.btrk_mode 3 and p.btrk_used 1
 using increased bottom echo amplitudes to create bottom track
 localmax2: found 553 valid values
 found 31 bottom depth below btrk_range 50
 use 0.5 bins below maximum target strength for own bottom track velocity
 created 227 bottom distances keeping original
 removed 27 bottom track profiles W_btrk - W_ref difference > 0.05
 boutlier removed 0 bottom track velocities 
 created 151 bottom track velocities keeping original
 out: p.btrk_mode 3 and p.btrk_used 1
==> STEP 4 TOOK 0.4 seconds
#################### step 5: LOAD CTD PROFILE ########################
==> STEP 5 TOOK 0.0 seconds
#################### step 6: LOAD CTD TIME SERIES ####################
LOADCTD: load CTD time series CTD/021a020.cnv
 read 1073 CTD scans; median delta_t = 1.00 seconds
 interpolated to 1072 CTD scans; delta_t = 1.00 seconds
 90% LADCP depth  376 at 02-Jul-2013 06:28:36
 90% CTD pressure 382 at 02-Jul-2013 06:25:55
 adjusting GPS time to CTD time (+160 seconds)
 Changed Start Time : 02-Jul-2013 06:12:21  to 02-Jul-2013 06:21:35
 Changed End   Time : 02-Jul-2013 06:40:15  to 02-Jul-2013 06:36:18
 median CTD time difference 0.99999 s
 removed 0 pressure spikes
 use 1 time base for W_ctd
 CTD max depth : 420
 bestlag removed 17 spikes
 lag: 0  correlation: 0.96168
 bestlag removed 13 spikes
 lag: 0  correlation: 0.99494
 bestlag removed 18 spikes
 lag: 0  correlation: 0.96635
 median lag 0
 most popular lag 0
 best correlated lag 0
 BESTTLAG:  lag is: 0  for which 150% of 2 lags agree
 best lag W: 0 CTD scans ~ 0 seconds  corr:0.99494
 adjust ADCP time to CTD time and shift depth record 
 made CTD profile from time series data. 
 update start pos  from:NaN°N     NaN'  NaN°E     NaN'
			to:47°N  0.0504'   46°W 33.5280'
 update end pos    from:NaN°N     NaN'  NaN°E     NaN'
			to:47°N  0.1092'   46°W 33.4992'
==> STEP 6 TOOK 1.8 seconds
#################### step 7: FIND SURFACE & SEA BED ##################
GETDPTHI: Depth from vertical velocity inverse method
 starting run 1 to get LADCP depth
 take soundspeed from CTD profile 
 correct velocities for sound speed 
 use CTD time series depth, will not do depth inversion 
 LADCP minus CTD depth mean: 0.62369  std: 0.69209
 maximum depth from int W is :420
 should be                   :420
  bottom found at 430 +/- 0 m
 correct bin length for sound speed
 removing 483 values below bottom
==> STEP 7 TOOK 1.1 seconds
#################### step 8: APPLY PITCH/ROLL CORRECTIONS ############
==> STEP 8 TOOK 0.0 seconds
#################### step 9: EDIT DATA ###############################
 bin masking               : set 1006 weights to NaN
 side-lobe contamination   : set 893 weights to NaN
 spike filter              : set 5 weights to NaN
==> STEP 9 TOOK 0.4 seconds
#################### step 10: FORM SUPER ENSEMBLES ###################
PREPINV: prepare data for inversion, form Super-Ensembles
 average profiles over (p.avdz) 9.8307 meter
 discarded 1 bottom tracks velocities because of height above bottom < 50
 reduce weight for larger tilts 0.5 at 10 degree
 mean compass offset based on velocity is -1.1296 deg
 mean compass offset based on tilt is -1.0977 deg
 rot up2down use mean up/down compass
 will not correct for sound speed twice
 remove reference velocity and average ensembles 
 Outlier discarded 39 bins down looking
 Outlier discarded 37 bins up looking
 found 0 bottom track std==0 set to 0.1 m/s
 found 25 finite bottom track ensembles
 discarded 1 bottom tracks velocities because of wstd  > 0.12992
 set 9 weight values to nan  because super ensemble std =0 
 set 18 values to minimum super ensemble std 0.041875
 reduced ensemble size is 68
==> STEP 10 TOOK 2.2 seconds
#################### step 11: REMOVE SUPER-ENSEMBLE OUTLIERS #########
==> STEP 11 TOOK 2.8 seconds
#################### step 12: RE-FORM SUPER ENSEMBLES ################
 mean compass offset based on tilt is -1.0977 deg
 remove first guess ocean velocity from raw data
 adjusted for velocity offset in up and down looking ADCP
 remove first guess ocean velocity from raw data
 rot up2down use mean up/down compass
 rotated earlier, use difference 
 will not correct for sound speed twice
 remove reference velocity and average ensembles 
 Outlier discarded 40 bins down looking
 Outlier discarded 36 bins up looking
 found 0 bottom track std==0 set to 0.1 m/s
 found 25 finite bottom track ensembles
 discarded 1 bottom tracks velocities because of wstd  > 0.12992
 set 10 weight values to nan  because super ensemble std =0 
 set 16 values to minimum super ensemble std 0.041875
 reduced ensemble size is 68
==> STEP 12 TOOK 2.0 seconds
#################### step 13: (RE-)LOAD SADCP DATA ###################
LOADSADCP: load SADCP data file SADCP/SADCP_hud2013021.mat
 found 1 SADCP profiles 
==> STEP 13 TOOK 0.2 seconds
#################### step 14: CALCULATE INVERSE SOLUTION #############
GETINV:  compute best velocity profile
 Barotropic velocity error 0.06795 [m/s]
 super ensemble velocity error 0.016997 [m/s]
 set velocity error to:0.041125 [m/s]
 vertical resolution (ps.dz) is 9.8287 [m]
 use super ensemble std based weights normalized by 0.041125 m/s 
 preaveraged GPS ships vel 1 times 
 remove 711 constaints below minimum weight 
 smooth Ocean velocity profile
 found 1 ill constrained elements will smooth 
 smooth CTD velocity profile
 no smoothness constraint applied 
 bottom inversion 
 24 bottom track ctd-vel weights of about : 2.1084
 weight for bottom track is (ps.botfac) 1
 mean sadcp weight : 0.41125
 weight for SADCP vel is (ps.sadcpfac) 1
 normalized barotropic constrain weight: 0.60523
 mean individual ctd velocity weight : 16.9731
 ready for inversion  length of  d:   1628
           (CTD vel)  length of A1:     68
         (ocean vel)  length of A2:     42
Moore-Penrose inverse
 solve only down trace
 smooth Ocean velocity profile
 found 1 ill constrained elements will smooth 
 smooth CTD velocity profile
 no smoothness constraint applied 
Moore-Penrose inverse w/o errors
 solve only up trace
 smooth Ocean velocity profile
 found 1 ill constrained elements will smooth 
 smooth CTD velocity profile
 no smoothness constraint applied 
Moore-Penrose inverse w/o errors
CHECKINV all values are given in [m/s] 
 Velocity profile error:  0.041  should be about noise:  0.027
 Check bottom track rms:  0.018  should be smaller than  0.078 /  1.000
 Check SADCP        rms:  0.038  should be smaller than  0.100 /  1.000
 GPS-LADCP ship spd diff: 0.010  should be smaller than  0.068 /  1.000
 use reference layer W
CHECKBTRK: check bottom track against U_ctd solution 
 profiles within give acceptable range: 286
  U bias : 0.002 [m/s]  std: 0.044 [m/s]
  V bias :-0.000 [m/s]  std: 0.068 [m/s]
  W bias : 0.012 [m/s]  std: 0.018 [m/s]
  W slope fact :0.0060 [1/m] lower W below bottom 
  W diff :0.2252 [m/s] ping to ping w difference 
  H std :   0.9 [m]  large means bottom is rough/sloped
  Tilt mean :3.4 +/- 1.8 [^o]  
==> STEP 14 TOOK 4.3 seconds
#################### step 15: CALCULATE SHEAR SOLUTION ###############
GETSHEAR2: average shear profile over (ps.dz) 9.8287 [m]
 maximum std (stdf) 2 of data 
 minimum weight  0.1 of data 
 will use 100 % of data 
==> STEP 15 TOOK 0.2 seconds
#################### step 16: CALCULATE DIFFUSIVITY PROFILE ##########
==> STEP 16 TOOK 0.0 seconds
#################### step 17: PLOT RESULTS & SHOW WARNINGS ###########
 do not know calibration of this instrument make a guess: 
 Battery Voltage is 51.5 V
LADCP WARNINGS                               
 warning instruments have no fixed ping rate 
 
 LADCP processing warnings: 
==> STEP 17 TOOK 0.7 seconds
#################### step 18: SAVE OUTPUT ############################
 save results 
