LDEO LADCP software: Version IX_10
#################### step 1: LOAD LADCP DATA #########################
LOADING CHECKPOINT checkpoints/016_0
RE-LOADING PER-CAST PARAMETERS
[Warning: Directory already exists.] 
[> In <a href="matlab: opentoline('U:\LADCP\HUD2013021_Flem_softwareUPDATE\proc\set_cast_params.m',38,1)">set_cast_params at 38</a>
  In <a href="matlab: opentoline('U:\LADCP\HUD2013021_Flem_softwareUPDATE\begin_processing_step.m',23,1)">begin_processing_step at 23</a>
  In <a href="matlab: opentoline('U:\LADCP\HUD2013021_Flem_softwareUPDATE\process_cast.m',162,1)">process_cast at 162</a>] 
LOADRDI:
 loading down-data raw/016AD000.000
 read 2106 ensembles with 20 bins each
 loading up-data raw/016AU000.000
 read 2108 ensemble and 20 bins 
 WARNING WARNING WARNING WARNING WARNING WARNING WARNING WARNING 
 warning instruments have no fixed ping rate 
  down dt for common ping number:0.90623  up dt :0.90977 hours 
 find best time match of up-looking ADCP to down looking ADCP
 up instrument is different by 1 ensembles
 WARNING WARNING WARNING WARNING WARNING WARNING WARNING WARNING 
 bestlag removed 87 spikes
 try to shift timeseries by lag: 0 correlation: 0.98994
 shift ADCP timeseries by 0 ensembles
 number of joint ensembles is : 2106
 found 289 finite RDI bottom velocities
 removed 1039 values because of error velocity > 0.5 m/s
 removed 16 bottom-track values because of error velocity > 0.5 m/s
 removed  21 values ( 1.00 %) because of horizontal speed > 2.5 m/s
 using whole profile since no start time was given
 multiply weight of bin 1 by 0
 Outlier discarded 1797 bins down looking
 Outlier discarded 16 bottom track
 Outlier discarded 1308 bins up looking
 found local lookup table for serial # to instid 
 FINDLOG: search near file: raw/016AD000.000
 READSERIAL_WH: parse file raw/016AD000.LOG
 serial number is : 16389
 down looking serial number is : 16389
 FINDLOG: search near file: raw/016AU000.000
 READSERIAL_WH: parse file raw/016AU000.LOG
 serial number is : 13984
   up looking serial number is : 13984
==> STEP 1 TOOK 48.6 seconds
#################### step 2: FIX LADCP-DATA PROBLEMS #################
==> STEP 2 TOOK 0.0 seconds
#################### step 3: LOAD GPS DATA ###########################
LOADNAV: load NAV time series CTD/021a016.cnv
 number of NAV scans: 2398  delta t : 0.99999 seconds
executing magdec -46.9088 46.997 2013 7 2
 corrected for magnetic declination of -17.6 deg
==> STEP 3 TOOK 1.1 seconds
#################### step 4: GET BOTTOM-TRACK DATA ###################
GETBTRACK creates own bottom track in addition to RDI
  in: p.btrk_mode 3 and p.btrk_used 1
 using increased bottom echo amplitudes to create bottom track
 localmax2: found 1246 valid values
 found 35 bottom depth below btrk_range 50
 use 0.5 bins below maximum target strength for own bottom track velocity
 created 640 bottom distances keeping original
 removed 43 bottom track profiles W_btrk - W_ref difference > 0.05
 boutlier removed 20 bottom track velocities 
 created 447 bottom track velocities keeping original
 out: p.btrk_mode 3 and p.btrk_used 1
==> STEP 4 TOOK 0.5 seconds
#################### step 5: LOAD CTD PROFILE ########################
==> STEP 5 TOOK 0.0 seconds
#################### step 6: LOAD CTD TIME SERIES ####################
LOADCTD: load CTD time series CTD/021a016.cnv
 read 2398 CTD scans; median delta_t = 1.00 seconds
 interpolated to 2397 CTD scans; delta_t = 1.00 seconds
 90% LADCP depth  1060 at 02-Jul-2013 01:42:11
 90% CTD pressure 1064 at 02-Jul-2013 01:35:41
 adjusting GPS time to CTD time (+390 seconds)
 Changed Start Time : 02-Jul-2013 01:10:53  to 02-Jul-2013 01:24:32
 Changed End   Time : 02-Jul-2013 02:05:15  to 02-Jul-2013 02:01:45
 median CTD time difference 0.99999 s
 removed 0 pressure spikes
 use 1 time base for W_ctd
 CTD max depth : 1169
 bestlag removed 15 spikes
 lag: 2  correlation: 0.95266
 bestlag removed 14 spikes
 lag: 2  correlation: 0.92884
 bestlag removed 26 spikes
 lag: 2  correlation: 0.99217
 bestlag removed 18 spikes
 lag: 2  correlation: 0.9429
 bestlag removed 15 spikes
 lag: 2  correlation: 0.95409
 median lag 2
 most popular lag 2
 best correlated lag 2
 BESTTLAG:  lag is: 2  for which 125% of 4 lags agree
 best lag W: 2 CTD scans ~ -2 seconds  corr:0.99217
 adjust ADCP time to CTD time and shift depth record 
 made CTD profile from time series data. 
 update start pos  from:NaN°N     NaN'  NaN°E     NaN'
			to:46°N 59.9244'   46°W 54.5225'
 update end pos    from:NaN°N     NaN'  NaN°E     NaN'
			to:46°N 59.7636'   46°W 54.5416'
==> STEP 6 TOOK 1.1 seconds
#################### step 7: FIND SURFACE & SEA BED ##################
GETDPTHI: Depth from vertical velocity inverse method
 starting run 1 to get LADCP depth
 take soundspeed from CTD profile 
 correct velocities for sound speed 
 use CTD time series depth, will not do depth inversion 
 LADCP minus CTD depth mean: -0.91495  std: 2.305
 maximum depth from int W is :1169
 should be                   :1169
  bottom found at 1177 +/- 0 m
 correct bin length for sound speed
 removing 338 values below bottom
==> STEP 7 TOOK 1.1 seconds
#################### step 8: APPLY PITCH/ROLL CORRECTIONS ############
==> STEP 8 TOOK 0.0 seconds
#################### step 9: EDIT DATA ###############################
 bin masking               : set 2572 weights to NaN
 side-lobe contamination   : set 906 weights to NaN
 spike filter              : set 17 weights to NaN
==> STEP 9 TOOK 0.2 seconds
#################### step 10: FORM SUPER ENSEMBLES ###################
PREPINV: prepare data for inversion, form Super-Ensembles
 average profiles over (p.avdz) 9.8213 meter
 discarded 1 bottom tracks velocities because of height above bottom < 50
 reduce weight for larger tilts 0.5 at 10 degree
 mean compass offset based on velocity is -1.3644 deg
 mean compass offset based on tilt is -1.4123 deg
 rot up2down use mean up/down compass
 will not correct for sound speed twice
 remove reference velocity and average ensembles 
 Outlier discarded 154 bins down looking
 Outlier discarded 240 bins up looking
 found 0 bottom track std==0 set to 0.1 m/s
 found 24 finite bottom track ensembles
 discarded 4 bottom tracks velocities because of wstd  > 0.15759
 set 39 weight values to nan  because super ensemble std =0 
 set 120 values to minimum super ensemble std 0.045999
 reduced ensemble size is 186
==> STEP 10 TOOK 4.2 seconds
#################### step 11: REMOVE SUPER-ENSEMBLE OUTLIERS #########
==> STEP 11 TOOK 1.0 seconds
#################### step 12: RE-FORM SUPER ENSEMBLES ################
 mean compass offset based on tilt is -1.4123 deg
 remove first guess ocean velocity from raw data
 adjusted for velocity offset in up and down looking ADCP
 remove first guess ocean velocity from raw data
 rot up2down use mean up/down compass
 rotated earlier, use difference 
 will not correct for sound speed twice
 remove reference velocity and average ensembles 
 Outlier discarded 162 bins down looking
 Outlier discarded 240 bins up looking
 found 0 bottom track std==0 set to 0.1 m/s
 found 24 finite bottom track ensembles
 discarded 4 bottom tracks velocities because of wstd  > 0.15759
 set 39 weight values to nan  because super ensemble std =0 
 set 132 values to minimum super ensemble std 0.045999
 reduced ensemble size is 186
==> STEP 12 TOOK 4.8 seconds
#################### step 13: (RE-)LOAD SADCP DATA ###################
LOADSADCP: load SADCP data file SADCP/SADCP_hud2013021.mat
 found 3 SADCP profiles 
==> STEP 13 TOOK 0.2 seconds
#################### step 14: CALCULATE INVERSE SOLUTION #############
GETINV:  compute best velocity profile
 Barotropic velocity error 0.02687 [m/s]
 super ensemble velocity error 0.023437 [m/s]
 set velocity error to:0.038628 [m/s]
 vertical resolution (ps.dz) is 9.8194 [m]
 use super ensemble std based weights normalized by 0.038628 m/s 
 preaveraged GPS ships vel 1 times 
 remove 671 constaints below minimum weight 
 smooth Ocean velocity profile
 found 4 ill constrained elements will smooth 
 smooth CTD velocity profile
 no smoothness constraint applied 
 bottom inversion 
 20 bottom track ctd-vel weights of about : 2.017
 weight for bottom track is (ps.botfac) 1
 mean sadcp weight : 0.87412
 weight for SADCP vel is (ps.sadcpfac) 1
 normalized barotropic constrain weight: 1.4376
 mean individual ctd velocity weight : 70.6517
 ready for inversion  length of  d:   5116
           (CTD vel)  length of A1:    186
         (ocean vel)  length of A2:    118
Moore-Penrose inverse
 solve only down trace
 smooth Ocean velocity profile
 found 4 ill constrained elements will smooth 
 smooth CTD velocity profile
 no smoothness constraint applied 
Moore-Penrose inverse w/o errors
 solve only up trace
 smooth Ocean velocity profile
 found 4 ill constrained elements will smooth 
 smooth CTD velocity profile
 found 1 ill constrained elements will smooth 
Moore-Penrose inverse w/o errors
CHECKINV all values are given in [m/s] 
 Velocity profile error:  0.038  should be about noise:  0.029
 Check bottom track rms:  0.017  should be smaller than  0.068 /  1.000
 Check SADCP        rms:  0.032  should be smaller than  0.049 /  1.000
 GPS-LADCP ship spd diff: 0.002  should be smaller than  0.027 /  1.000
 use reference layer W
CHECKBTRK: check bottom track against U_ctd solution 
 profiles within give acceptable range: 285
  U bias : 0.009 [m/s]  std: 0.047 [m/s]
  V bias : 0.002 [m/s]  std: 0.054 [m/s]
  W bias : 0.004 [m/s]  std: 0.026 [m/s]
  W slope fact :0.0060 [1/m] lower W below bottom 
  W diff :0.2337 [m/s] ping to ping w difference 
  H std :   1.1 [m]  large means bottom is rough/sloped
  Tilt mean :2.3 +/- 1.1 [^o]  
==> STEP 14 TOOK 4.2 seconds
#################### step 15: CALCULATE SHEAR SOLUTION ###############
GETSHEAR2: average shear profile over (ps.dz) 9.8194 [m]
 maximum std (stdf) 2 of data 
 minimum weight  0.1 of data 
 will use 100 % of data 
 increased error because of shear - inverse difference
==> STEP 15 TOOK 0.2 seconds
#################### step 16: CALCULATE DIFFUSIVITY PROFILE ##########
==> STEP 16 TOOK 0.0 seconds
#################### step 17: PLOT RESULTS & SHOW WARNINGS ###########
 do not know calibration of this instrument make a guess: 
 Battery Voltage is 50 V
LADCP WARNINGS                               
 warning instruments have no fixed ping rate 
 
 LADCP processing warnings: 
==> STEP 17 TOOK 0.4 seconds
#################### step 18: SAVE OUTPUT ############################
 save results 
