LDEO LADCP software: Version IX_10
#################### step 1: LOAD LADCP DATA #########################
LOADING CHECKPOINT checkpoints/054_0
RE-LOADING PER-CAST PARAMETERS
[Warning: Directory already exists.] 
[> In <a href="matlab: opentoline('U:\LADCP\HUD2013021_Flem_softwareUPDATE\proc\set_cast_params.m',38,1)">set_cast_params at 38</a>
  In <a href="matlab: opentoline('U:\Ladcp\HUD2013021_Flem_softwareUPDATE\begin_processing_step.m',23,1)">begin_processing_step at 23</a>
  In <a href="matlab: opentoline('U:\Ladcp\HUD2013021_Flem_softwareUPDATE\process_cast.m',162,1)">process_cast at 162</a>] 
LOADRDI:
 loading down-data raw/054AD000.000
 read 2091 ensembles with 20 bins each
 loading up-data raw/054AU000.000
 read 2095 ensemble and 20 bins 
 WARNING WARNING WARNING WARNING WARNING WARNING WARNING WARNING 
 warning instruments have no fixed ping rate 
  down dt for common ping number:0.89977  up dt :0.90329 hours 
 find best time match of up-looking ADCP to down looking ADCP
 up instrument is different by 1 ensembles
 WARNING WARNING WARNING WARNING WARNING WARNING WARNING WARNING 
 bestlag removed 86 spikes
 try to shift timeseries by lag: 0 correlation: 0.99574
 shift ADCP timeseries by 0 ensembles
 number of joint ensembles is : 2091
 found 281 finite RDI bottom velocities
 removed 818 values because of error velocity > 0.5 m/s
 removed 24 bottom-track values because of error velocity > 0.5 m/s
 removed  12 values ( 0.57 %) because of horizontal speed > 2.5 m/s
 using whole profile since no start time was given
 removed 1 profiles due to tilt derivative > 4 degrees
 multiply weight of bin 1 by 0
 Outlier discarded 1694 bins down looking
 Outlier discarded 24 bottom track
 Outlier discarded 1120 bins up looking
 found local lookup table for serial # to instid 
 FINDLOG: search near file: raw/054AD000.000
 READSERIAL_WH: parse file raw/054AD000.LOG
 serial number is : 16389
 down looking serial number is : 16389
 FINDLOG: search near file: raw/054AU000.000
 READSERIAL_WH: parse file raw/054AU000.LOG
 serial number is : 13984
   up looking serial number is : 13984
==> STEP 1 TOOK 52.3 seconds
#################### step 2: FIX LADCP-DATA PROBLEMS #################
==> STEP 2 TOOK 0.0 seconds
#################### step 3: LOAD GPS DATA ###########################
LOADNAV: load NAV time series CTD/021a054.cnv
 number of NAV scans: 2116  delta t : 0.99999 seconds
executing magdec -45.5911 48.7027 2013 7 5
 corrected for magnetic declination of -17.8 deg
==> STEP 3 TOOK 1.0 seconds
#################### step 4: GET BOTTOM-TRACK DATA ###################
GETBTRACK creates own bottom track in addition to RDI
  in: p.btrk_mode 3 and p.btrk_used 1
 using increased bottom echo amplitudes to create bottom track
 localmax2: found 1098 valid values
 found 38 bottom depth below btrk_range 50
 use 0.5 bins below maximum target strength for own bottom track velocity
 created 573 bottom distances keeping original
 removed 39 bottom track profiles W_btrk - W_ref difference > 0.05
 boutlier removed 16 bottom track velocities 
 created 372 bottom track velocities keeping original
 out: p.btrk_mode 3 and p.btrk_used 1
==> STEP 4 TOOK 0.5 seconds
#################### step 5: LOAD CTD PROFILE ########################
==> STEP 5 TOOK 0.0 seconds
#################### step 6: LOAD CTD TIME SERIES ####################
LOADCTD: load CTD time series CTD/021a054.cnv
 read 2116 CTD scans; median delta_t = 1.00 seconds
 interpolated to 2115 CTD scans; delta_t = 1.00 seconds
 90% LADCP depth  1007 at 05-Jul-2013 07:09:24
 90% CTD pressure 1003 at 05-Jul-2013 06:57:55
 adjusting GPS time to CTD time (+689 seconds)
 Changed Start Time : 05-Jul-2013 06:36:08  to 05-Jul-2013 06:54:15
 Changed End   Time : 05-Jul-2013 07:30:07  to 05-Jul-2013 07:27:03
 median CTD time difference 0.99999 s
 removed 0 pressure spikes
 use 1 time base for W_ctd
 CTD max depth : 1101
 bestlag removed 17 spikes
 lag: 2  correlation: 0.93741
 bestlag removed 18 spikes
 lag: 2  correlation: 0.9415
 bestlag removed 13 spikes
 lag: 2  correlation: 0.99468
 bestlag removed 23 spikes
 lag: 2  correlation: 0.95639
 bestlag removed 17 spikes
 lag: 2  correlation: 0.94343
 median lag 2
 most popular lag 2
 best correlated lag 2
 BESTTLAG:  lag is: 2  for which 125% of 4 lags agree
 best lag W: 2 CTD scans ~ -2 seconds  corr:0.99468
 adjust ADCP time to CTD time and shift depth record 
 made CTD profile from time series data. 
 update start pos  from:NaN°N     NaN'  NaN°E     NaN'
			to:48°N 42.1560'   45°W 35.4487'
 update end pos    from:NaN°N     NaN'  NaN°E     NaN'
			to:48°N 42.2436'   45°W 35.4720'
==> STEP 6 TOOK 1.1 seconds
#################### step 7: FIND SURFACE & SEA BED ##################
GETDPTHI: Depth from vertical velocity inverse method
 starting run 1 to get LADCP depth
 take soundspeed from CTD profile 
 correct velocities for sound speed 
 use CTD time series depth, will not do depth inversion 
 LADCP minus CTD depth mean: -2.29  std: 1.4654
 maximum depth from int W is :1102
 should be                   :1102
  bottom found at 1110 +/- 0 m
 correct bin length for sound speed
 removing 502 values below bottom
==> STEP 7 TOOK 1.1 seconds
#################### step 8: APPLY PITCH/ROLL CORRECTIONS ############
==> STEP 8 TOOK 0.0 seconds
#################### step 9: EDIT DATA ###############################
 bin masking               : set 2314 weights to NaN
 side-lobe contamination   : set 765 weights to NaN
 spike filter              : set 5 weights to NaN
==> STEP 9 TOOK 0.3 seconds
#################### step 10: FORM SUPER ENSEMBLES ###################
PREPINV: prepare data for inversion, form Super-Ensembles
 average profiles over (p.avdz) 9.8416 meter
 reduce weight for larger tilts 0.5 at 10 degree
 mean compass offset based on velocity is -1.571 deg
 mean compass offset based on tilt is -0.97319 deg
 rot up2down use mean up/down compass
 will not correct for sound speed twice
 remove reference velocity and average ensembles 
 Outlier discarded 159 bins down looking
 Outlier discarded 188 bins up looking
 found 0 bottom track std==0 set to 0.1 m/s
 found 24 finite bottom track ensembles
 discarded 2 bottom tracks velocities because of wstd  > 0.11997
 set 41 weight values to nan  because super ensemble std =0 
 set 90 values to minimum super ensemble std 0.043891
 reduced ensemble size is 173
==> STEP 10 TOOK 3.9 seconds
#################### step 11: REMOVE SUPER-ENSEMBLE OUTLIERS #########
==> STEP 11 TOOK 0.8 seconds
#################### step 12: RE-FORM SUPER ENSEMBLES ################
 mean compass offset based on tilt is -0.97319 deg
 remove first guess ocean velocity from raw data
 adjusted for velocity offset in up and down looking ADCP
 remove first guess ocean velocity from raw data
 rot up2down use mean up/down compass
 rotated earlier, use difference 
 will not correct for sound speed twice
 remove reference velocity and average ensembles 
 Outlier discarded 160 bins down looking
 Outlier discarded 189 bins up looking
 found 0 bottom track std==0 set to 0.1 m/s
 found 24 finite bottom track ensembles
 discarded 2 bottom tracks velocities because of wstd  > 0.11997
 set 40 weight values to nan  because super ensemble std =0 
 set 94 values to minimum super ensemble std 0.043891
 reduced ensemble size is 173
==> STEP 12 TOOK 4.5 seconds
#################### step 13: (RE-)LOAD SADCP DATA ###################
LOADSADCP: load SADCP data file SADCP/SADCP_hud2013021.mat
 found 2 SADCP profiles 
==> STEP 13 TOOK 0.2 seconds
#################### step 14: CALCULATE INVERSE SOLUTION #############
GETINV:  compute best velocity profile
 Barotropic velocity error 0.030488 [m/s]
 super ensemble velocity error 0.022317 [m/s]
 set velocity error to:0.038936 [m/s]
 vertical resolution (ps.dz) is 9.7811 [m]
 use super ensemble std based weights normalized by 0.038936 m/s 
 preaveraged GPS ships vel 1 times 
 remove 688 constaints below minimum weight 
 smooth Ocean velocity profile
 found 1 ill constrained elements will smooth 
 smooth CTD velocity profile
 no smoothness constraint applied 
 bottom inversion 
 22 bottom track ctd-vel weights of about : 2.1635
 weight for bottom track is (ps.botfac) 1
 mean sadcp weight : 1.107
 weight for SADCP vel is (ps.sadcpfac) 1
 normalized barotropic constrain weight: 1.2771
 mean individual ctd velocity weight : 60.7519
 ready for inversion  length of  d:   4683
           (CTD vel)  length of A1:    172
         (ocean vel)  length of A2:    112
Moore-Penrose inverse
 solve only down trace
 smooth Ocean velocity profile
 found 1 ill constrained elements will smooth 
 smooth CTD velocity profile
 no smoothness constraint applied 
Moore-Penrose inverse w/o errors
 solve only up trace
 smooth Ocean velocity profile
 found 1 ill constrained elements will smooth 
 smooth CTD velocity profile
 no smoothness constraint applied 
Moore-Penrose inverse w/o errors
CHECKINV all values are given in [m/s] 
 Velocity profile error:  0.038  should be about noise:  0.029
 Check bottom track rms:  0.013  should be smaller than  0.064 /  1.000
 Check SADCP        rms:  0.035  should be smaller than  0.055 /  1.000
 GPS-LADCP ship spd diff: 0.008  should be smaller than  0.030 /  1.000
 use reference layer W
CHECKBTRK: check bottom track against U_ctd solution 
 profiles within give acceptable range: 274
  U bias : 0.004 [m/s]  std: 0.043 [m/s]
  V bias : 0.001 [m/s]  std: 0.049 [m/s]
  W bias : 0.008 [m/s]  std: 0.018 [m/s]
  W slope fact :0.0031 [1/m] lower W below bottom 
  W diff :0.2086 [m/s] ping to ping w difference 
  H std :   0.9 [m]  large means bottom is rough/sloped
  Tilt mean :2.8 +/- 1.1 [^o]  
==> STEP 14 TOOK 4.3 seconds
#################### step 15: CALCULATE SHEAR SOLUTION ###############
GETSHEAR2: average shear profile over (ps.dz) 9.7811 [m]
 maximum std (stdf) 2 of data 
 minimum weight  0.1 of data 
 will use 100 % of data 
==> STEP 15 TOOK 0.2 seconds
#################### step 16: CALCULATE DIFFUSIVITY PROFILE ##########
==> STEP 16 TOOK 0.0 seconds
#################### step 17: PLOT RESULTS & SHOW WARNINGS ###########
 do not know calibration of this instrument make a guess: 
 Battery Voltage is 52.1 V
LADCP WARNINGS                               
 warning instruments have no fixed ping rate 
 
 LADCP processing warnings: 
==> STEP 17 TOOK 0.4 seconds
#################### step 18: SAVE OUTPUT ############################
 save results 
