LDEO LADCP software: Version IX_10
#################### step 1: LOAD LADCP DATA #########################
LOADING CHECKPOINT checkpoints/026_0
RE-LOADING PER-CAST PARAMETERS
{Warning: Directory already exists.} 
{> In <a href="matlab: opentoline('U:\LADCP\HUD2014017_Flem\proc\set_cast_params.m',38,1)">set_cast_params at 38</a>
  In <a href="matlab: opentoline('U:\LADCP\HUD2014017_Flem\begin_processing_step.m',23,1)">begin_processing_step at 23</a>
  In <a href="matlab: opentoline('U:\LADCP\HUD2014017_Flem\process_cast.m',162,1)">process_cast at 162</a>} 
LOADRDI:
 loading down-data raw/026AD000.000
 DETECTED BEAM coordinates: rotating to EARTH coordinates
 3532 3-beam solutions calculated (6% of total)
 read 4414 ensembles with 20 bins each
 DETECTED BEAM bottom track coordinates!
 0 3-beam solutions calculated (0% of total)
 loading up-data raw/026AU000.000
 DETECTED BEAM coordinates: rotating to EARTH coordinates
 3593 3-beam solutions calculated (6% of total)
 read 4413 ensemble and 20 bins 
 WARNING WARNING WARNING WARNING WARNING WARNING WARNING WARNING 
 warning instruments have no fixed ping rate 
  down dt for common ping number:1.8995  up dt :1.9016 hours 
 find best time match of up-looking ADCP to down looking ADCP
 up instrument is different by 0 ensembles
 WARNING WARNING WARNING WARNING WARNING WARNING WARNING WARNING 
 bestlag removed 177 spikes
 try to shift timeseries by lag: 0 correlation: 0.98932
 shift ADCP timeseries by 0 ensembles
 number of joint ensembles is : 4414
 found 1045 finite RDI bottom velocities
 removed 3 values because of error velocity > 0.5 m/s
 removed 114 bottom-track values because of error velocity > 0.5 m/s
 removed  33 values ( 0.75 %) because of horizontal speed > 2.5 m/s
 using whole profile since no start time was given
 removed 3 profiles due to tilt derivative > 4 degrees
 multiply weight of bin 1 by 0
 Outlier discarded 4715 bins down looking
 Outlier discarded 116 bottom track
 Outlier discarded 3000 bins up looking
 found local lookup table for serial # to instid 
 FINDLOG: search near file: raw/026AD000.000
 READSERIAL_WH: parse file raw/026AD000.LOG
 serial number is : 16389
 down looking serial number is : 16389
 FINDLOG: search near file: raw/026AU000.000
 READSERIAL_WH: parse file raw/026AU000.LOG
 serial number is : 13984
   up looking serial number is : 13984
==> STEP 1 TOOK 123.6 seconds
#################### step 2: FIX LADCP-DATA PROBLEMS #################
==> STEP 2 TOOK 0.0 seconds
#################### step 3: LOAD GPS DATA ###########################
LOADNAV: load NAV time series CTD/017a026.cnv
 number of NAV scans: 6001  delta t : 0.99999 seconds
executing magdec -45.8129 48.9392 2014 7 6
 corrected for magnetic declination of -17.8 deg
==> STEP 3 TOOK 1.3 seconds
#################### step 4: GET BOTTOM-TRACK DATA ###################
GETBTRACK creates own bottom track in addition to RDI
  in: p.btrk_mode 3 and p.btrk_used 1
 using increased bottom echo amplitudes to create bottom track
 localmax2: found 2866 valid values
 found 55 bottom depth below btrk_range 50
 use 0.5 bins below maximum target strength for own bottom track velocity
 created 1566 bottom distances keeping original
 removed 112 bottom track profiles W_btrk - W_ref difference > 0.05
 boutlier removed 16 bottom track velocities 
 created 792 bottom track velocities keeping original
 out: p.btrk_mode 3 and p.btrk_used 1
==> STEP 4 TOOK 1.1 seconds
#################### step 5: LOAD CTD PROFILE ########################
==> STEP 5 TOOK 0.0 seconds
#################### step 6: LOAD CTD TIME SERIES ####################
LOADCTD: load CTD time series CTD/017a026.cnv
 read 6001 CTD scans; median delta_t = 1.00 seconds
 interpolated to 6000 CTD scans; delta_t = 1.00 seconds
 90% LADCP depth  2230 at 06-Jul-2014 22:08:11
 90% CTD pressure 2252 at 06-Jul-2014 21:59:53
 adjusting GPS time to CTD time (+498 seconds)
 Changed Start Time : 06-Jul-2014 21:16:11  to 06-Jul-2014 21:28:49
 Changed End   Time : 06-Jul-2014 23:10:11  to 06-Jul-2014 23:04:57
 median CTD time difference 0.99999 s
 removed 0 pressure spikes
 use 1 time base for W_ctd
 CTD max depth : 2467
 bestlag removed 13 spikes
 lag: 6  correlation: 0.95676
 bestlag removed 25 spikes
 lag: 6  correlation: 0.96547
 bestlag removed 21 spikes
 lag: 6  correlation: 0.96215
 bestlag removed 18 spikes
 lag: 6  correlation: 0.95403
 bestlag removed 22 spikes
 lag: 6  correlation: 0.99475
 bestlag removed 26 spikes
 lag: 6  correlation: 0.97972
 bestlag removed 27 spikes
 lag: 6  correlation: 0.98669
 bestlag removed 27 spikes
 lag: 6  correlation: 0.95799
 bestlag removed 18 spikes
 lag: 6  correlation: 0.94282
 bestlag removed 19 spikes
 lag: 6  correlation: 0.97887
 bestlag removed 22 spikes
 lag: 6  correlation: 0.96494
 median lag 6
 most popular lag 6
 best correlated lag 6
 BESTTLAG:  lag is: 6  for which 110% of 10 lags agree
 best lag W: 6 CTD scans ~ -6 seconds  corr:0.99475
 adjust ADCP time to CTD time and shift depth record 
 made CTD profile from time series data. 
 update start pos  from:NaN°N     NaN'  NaN°E     NaN'
			to:48°N 56.2536'   45°W 49.5316'
 update end pos    from:NaN°N     NaN'  NaN°E     NaN'
			to:48°N 56.4444'   45°W 48.1296'
==> STEP 6 TOOK 2.1 seconds
#################### step 7: FIND SURFACE & SEA BED ##################
GETDPTHI: Depth from vertical velocity inverse method
 starting run 1 to get LADCP depth
 take soundspeed from CTD profile 
 correct velocities for sound speed 
 use CTD time series depth, will not do depth inversion 
 LADCP minus CTD depth mean: -2.2712  std: 2.9225
 maximum depth from int W is :2467
 should be                   :2467
  bottom found at 2471 +/- 1 m
 correct bin length for sound speed
 removing 2388 values below bottom
==> STEP 7 TOOK 1.6 seconds
#################### step 8: APPLY PITCH/ROLL CORRECTIONS ############
==> STEP 8 TOOK 0.0 seconds
#################### step 9: EDIT DATA ###############################
 bin masking               : set 4164 weights to NaN
 side-lobe contamination   : set 1230 weights to NaN
==> STEP 9 TOOK 0.3 seconds
#################### step 10: FORM SUPER ENSEMBLES ###################
PREPINV: prepare data for inversion, form Super-Ensembles
 average profiles over (p.avdz) 9.8801 meter
 discarded 1 bottom tracks velocities because of height above bottom < 50
 reduce weight for larger tilts 0.5 at 10 degree
 mean compass offset based on velocity is 0.62801 deg
 mean compass offset based on tilt is -0.28169 deg
 rot up2down use mean up/down compass
 will not correct for sound speed twice
 remove reference velocity and average ensembles 
 Outlier discarded 349 bins down looking
 Outlier discarded 401 bins up looking
 found 1 bottom track std==0 set to 0.1 m/s
 found 27 finite bottom track ensembles
 discarded 4 bottom tracks velocities because of wstd  > 0.14893
 set 43 weight values to nan  because super ensemble std =0 
 set 34 values to minimum super ensemble std 0.035767
 reduced ensemble size is 402
==> STEP 10 TOOK 8.7 seconds
#################### step 11: REMOVE SUPER-ENSEMBLE OUTLIERS #########
==> STEP 11 TOOK 1.3 seconds
#################### step 12: RE-FORM SUPER ENSEMBLES ################
 mean compass offset based on tilt is -0.28169 deg
 remove first guess ocean velocity from raw data
 adjusted for velocity offset in up and down looking ADCP
 remove first guess ocean velocity from raw data
 rot up2down use mean up/down compass
 rotated earlier, use difference 
 will not correct for sound speed twice
 remove reference velocity and average ensembles 
 Outlier discarded 348 bins down looking
 Outlier discarded 391 bins up looking
 found 1 bottom track std==0 set to 0.1 m/s
 found 27 finite bottom track ensembles
 discarded 4 bottom tracks velocities because of wstd  > 0.14893
 set 40 weight values to nan  because super ensemble std =0 
 set 40 values to minimum super ensemble std 0.035767
 reduced ensemble size is 402
==> STEP 12 TOOK 10.3 seconds
#################### step 13: (RE-)LOAD SADCP DATA ###################
LOADSADCP: load SADCP data file SADCP/SADCP_hud2014017.mat
 found 6 SADCP profiles 
==> STEP 13 TOOK 0.2 seconds
#################### step 14: CALCULATE INVERSE SOLUTION #############
GETINV:  compute best velocity profile
 Barotropic velocity error 0.010402 [m/s]
 super ensemble velocity error 0.021006 [m/s]
 set velocity error to:0.036101 [m/s]
 vertical resolution (ps.dz) is 9.8741 [m]
 use super ensemble std based weights normalized by 0.036101 m/s 
 preaveraged GPS ships vel 1 times 
 remove 714 constaints below minimum weight 
 smooth Ocean velocity profile
 found 3 ill constrained elements will smooth 
 smooth CTD velocity profile
 no smoothness constraint applied 
 bottom inversion 
 23 bottom track ctd-vel weights of about : 1.8809
 weight for bottom track is (ps.botfac) 1
 mean sadcp weight : 0.50749
 weight for SADCP vel is (ps.sadcpfac) 1
 lainbaro: 8% of profile have no useful data 
 normalized barotropic constrain weight: 1.816
 mean individual ctd velocity weight : 128.1782
 ready for inversion  length of  d:  10624
           (CTD vel)  length of A1:    402
         (ocean vel)  length of A2:    249
Moore-Penrose inverse
 solve only down trace
 smooth Ocean velocity profile
 found 2 ill constrained elements will smooth 
 smooth CTD velocity profile
 no smoothness constraint applied 
Moore-Penrose inverse w/o errors
 solve only up trace
 smooth Ocean velocity profile
 found 3 ill constrained elements will smooth 
 smooth CTD velocity profile
 no smoothness constraint applied 
Moore-Penrose inverse w/o errors
CHECKINV all values are given in [m/s] 
 Velocity profile error:  0.034  should be about noise:  0.026
 Check bottom track rms:  0.015  should be smaller than  0.069 /  1.000
 Check SADCP        rms:  0.026  should be smaller than  0.075 /  1.000
 GPS-LADCP ship spd diff: 0.002  should be smaller than  0.010 /  1.000
 use reference layer W
CHECKBTRK: check bottom track against U_ctd solution 
 profiles within give acceptable range: 323
  U bias : 0.003 [m/s]  std: 0.069 [m/s]
  V bias :-0.004 [m/s]  std: 0.072 [m/s]
  W bias :-0.001 [m/s]  std: 0.027 [m/s]
  W slope fact :0.0067 [1/m] lower W below bottom 
  W diff :0.2713 [m/s] ping to ping w difference 
  H std :   2.9 [m]  large means bottom is rough/sloped
  Tilt mean :2.2 +/- 0.8 [^o]  
==> STEP 14 TOOK 5.5 seconds
#################### step 15: CALCULATE SHEAR SOLUTION ###############
GETSHEAR2: average shear profile over (ps.dz) 9.8741 [m]
 maximum std (stdf) 2 of data 
 minimum weight  0.1 of data 
 will use 100 % of data 
 increased error because of shear - inverse difference
==> STEP 15 TOOK 0.4 seconds
#################### step 16: CALCULATE DIFFUSIVITY PROFILE ##########
==> STEP 16 TOOK 0.0 seconds
#################### step 17: PLOT RESULTS & SHOW WARNINGS ###########
 do not know calibration of this instrument make a guess: 
 Battery Voltage is 49.9 V
LADCP WARNINGS                               
 warning instruments have no fixed ping rate 
 
 LADCP processing warnings: 
==> STEP 17 TOOK 0.4 seconds
#################### step 18: SAVE OUTPUT ############################
 save results 
