LDEO LADCP software: Version IX_10
#################### step 1: LOAD LADCP DATA #########################
LOADING CHECKPOINT checkpoints/030_0
RE-LOADING PER-CAST PARAMETERS
{Warning: Directory already exists.} 
{> In <a href="matlab: opentoline('U:\LADCP\HUD2014017_Flem\proc\set_cast_params.m',38,1)">set_cast_params at 38</a>
  In <a href="matlab: opentoline('U:\LADCP\HUD2014017_Flem\begin_processing_step.m',23,1)">begin_processing_step at 23</a>
  In <a href="matlab: opentoline('U:\LADCP\HUD2014017_Flem\process_cast.m',162,1)">process_cast at 162</a>} 
LOADRDI:
 loading down-data raw/030AD000.000
 DETECTED BEAM coordinates: rotating to EARTH coordinates
 1654 3-beam solutions calculated (5% of total)
 read 2559 ensembles with 20 bins each
 DETECTED BEAM bottom track coordinates!
 0 3-beam solutions calculated (0% of total)
 loading up-data raw/030AU000.000
 DETECTED BEAM coordinates: rotating to EARTH coordinates
 1571 3-beam solutions calculated (5% of total)
 read 2557 ensemble and 20 bins 
 WARNING WARNING WARNING WARNING WARNING WARNING WARNING WARNING 
 warning instruments have no fixed ping rate 
  down dt for common ping number:1.1004  up dt :1.1026 hours 
 find best time match of up-looking ADCP to down looking ADCP
 up instrument is different by 0 ensembles
 WARNING WARNING WARNING WARNING WARNING WARNING WARNING WARNING 
 bestlag removed 107 spikes
 try to shift timeseries by lag: 0 correlation: 0.98819
 shift ADCP timeseries by 0 ensembles
 number of joint ensembles is : 2559
 found 615 finite RDI bottom velocities
 removed 8 values because of error velocity > 0.5 m/s
 removed 45 bottom-track values because of error velocity > 0.5 m/s
 removed  52 values ( 2.03 %) because of horizontal speed > 2.5 m/s
 using whole profile since no start time was given
 removed 9 profiles due to tilt derivative > 4 degrees
 removed 1 suspect non pinging? (low velocity gradient) ensembles from down-looker
 multiply weight of bin 1 by 0
 Outlier discarded 2818 bins down looking
 Outlier discarded 80 bottom track
 Outlier discarded 1623 bins up looking
 found local lookup table for serial # to instid 
 FINDLOG: search near file: raw/030AD000.000
 READSERIAL_WH: parse file raw/030AD000.LOG
 serial number is : 16389
 down looking serial number is : 16389
 FINDLOG: search near file: raw/030AU000.000
 READSERIAL_WH: parse file raw/030AU000.LOG
 serial number is : 13984
   up looking serial number is : 13984
==> STEP 1 TOOK 71.9 seconds
#################### step 2: FIX LADCP-DATA PROBLEMS #################
==> STEP 2 TOOK 0.0 seconds
#################### step 3: LOAD GPS DATA ###########################
LOADNAV: load NAV time series CTD/017a030.cnv
 number of NAV scans: 3036  delta t : 0.99999 seconds
executing magdec -45.6374 48.7583 2014 7 7
 corrected for magnetic declination of -17.7 deg
==> STEP 3 TOOK 1.2 seconds
#################### step 4: GET BOTTOM-TRACK DATA ###################
GETBTRACK creates own bottom track in addition to RDI
  in: p.btrk_mode 3 and p.btrk_used 1
 using increased bottom echo amplitudes to create bottom track
 localmax2: found 1520 valid values
 found 33 bottom depth below btrk_range 50
 use 0.5 bins below maximum target strength for own bottom track velocity
 created 686 bottom distances keeping original
 removed 47 bottom track profiles W_btrk - W_ref difference > 0.05
 boutlier removed 24 bottom track velocities 
 created 452 bottom track velocities keeping original
 out: p.btrk_mode 3 and p.btrk_used 1
==> STEP 4 TOOK 0.6 seconds
#################### step 5: LOAD CTD PROFILE ########################
==> STEP 5 TOOK 0.0 seconds
#################### step 6: LOAD CTD TIME SERIES ####################
LOADCTD: load CTD time series CTD/017a030.cnv
 read 3036 CTD scans; median delta_t = 1.00 seconds
 interpolated to 3035 CTD scans; delta_t = 1.00 seconds
 90% LADCP depth  1219 at 07-Jul-2014 06:40:37
 90% CTD pressure 1228 at 07-Jul-2014 06:29:53
 adjusting GPS time to CTD time (+644 seconds)
 Changed Start Time : 07-Jul-2014 06:04:04  to 07-Jul-2014 06:18:43
 Changed End   Time : 07-Jul-2014 07:10:09  to 07-Jul-2014 07:06:06
 median CTD time difference 0.99999 s
 removed 0 pressure spikes
 use 1 time base for W_ctd
 CTD max depth : 1348
 bestlag removed 28 spikes
 lag: 3  correlation: 0.94582
 bestlag removed 18 spikes
 lag: 3  correlation: 0.91494
 bestlag removed 17 spikes
 lag: 2  correlation: 0.92494
 bestlag removed 15 spikes
 lag: 3  correlation: 0.97213
 bestlag removed 18 spikes
 lag: 2  correlation: 0.91654
 bestlag removed 13 spikes
 lag: 3  correlation: 0.90151
 bestlag removed 28 spikes
 lag: 3  correlation: 0.9524
 median lag 3
 most popular lag 3
 best correlated lag 3
 BESTTLAG:  lag is: 3  for which 83% of 6 lags agree
 best lag W: 3 CTD scans ~ -3 seconds  corr:0.97213
 adjust ADCP time to CTD time and shift depth record 
 made CTD profile from time series data. 
 update start pos  from:NaN°N     NaN'  NaN°E     NaN'
			to:48°N 45.3696'   45°W 38.3388'
 update end pos    from:NaN°N     NaN'  NaN°E     NaN'
			to:48°N 45.6432'   45°W 38.1984'
==> STEP 6 TOOK 1.3 seconds
#################### step 7: FIND SURFACE & SEA BED ##################
GETDPTHI: Depth from vertical velocity inverse method
 starting run 1 to get LADCP depth
 take soundspeed from CTD profile 
 correct velocities for sound speed 
 use CTD time series depth, will not do depth inversion 
 LADCP minus CTD depth mean: -2.0931  std: 2.0461
 maximum depth from int W is :1348
 should be                   :1348
  bottom found at 1353 +/- 1 m
 correct bin length for sound speed
 removing 974 values below bottom
==> STEP 7 TOOK 1.2 seconds
#################### step 8: APPLY PITCH/ROLL CORRECTIONS ############
==> STEP 8 TOOK 0.0 seconds
#################### step 9: EDIT DATA ###############################
 bin masking               : set 2232 weights to NaN
 side-lobe contamination   : set 1096 weights to NaN
==> STEP 9 TOOK 0.2 seconds
#################### step 10: FORM SUPER ENSEMBLES ###################
PREPINV: prepare data for inversion, form Super-Ensembles
 average profiles over (p.avdz) 9.8915 meter
 discarded 1 bottom tracks velocities because of height above bottom < 50
 reduce weight for larger tilts 0.5 at 10 degree
 mean compass offset based on velocity is 0.13461 deg
 mean compass offset based on tilt is 0.46613 deg
 rot up2down use mean up/down compass
 will not correct for sound speed twice
 remove reference velocity and average ensembles 
 Outlier discarded 206 bins down looking
 Outlier discarded 213 bins up looking
 found 0 bottom track std==0 set to 0.1 m/s
 found 24 finite bottom track ensembles
 discarded 0 bottom tracks velocities because of wstd  > 0.227
 set 27 weight values to nan  because super ensemble std =0 
 set 32 values to minimum super ensemble std 0.03655
 reduced ensemble size is 215
==> STEP 10 TOOK 5.0 seconds
#################### step 11: REMOVE SUPER-ENSEMBLE OUTLIERS #########
==> STEP 11 TOOK 1.2 seconds
#################### step 12: RE-FORM SUPER ENSEMBLES ################
 mean compass offset based on tilt is 0.46613 deg
 remove first guess ocean velocity from raw data
 adjusted for velocity offset in up and down looking ADCP
 remove first guess ocean velocity from raw data
 rot up2down use mean up/down compass
 rotated earlier, use difference 
 will not correct for sound speed twice
 remove reference velocity and average ensembles 
 Outlier discarded 194 bins down looking
 Outlier discarded 215 bins up looking
 found 0 bottom track std==0 set to 0.1 m/s
 found 24 finite bottom track ensembles
 discarded 0 bottom tracks velocities because of wstd  > 0.227
 set 27 weight values to nan  because super ensemble std =0 
 set 37 values to minimum super ensemble std 0.03655
 reduced ensemble size is 215
==> STEP 12 TOOK 5.7 seconds
#################### step 13: (RE-)LOAD SADCP DATA ###################
LOADSADCP: load SADCP data file SADCP/SADCP_hud2014017.mat
 found 3 SADCP profiles 
==> STEP 13 TOOK 0.2 seconds
#################### step 14: CALCULATE INVERSE SOLUTION #############
GETINV:  compute best velocity profile
 Barotropic velocity error 0.021104 [m/s]
 super ensemble velocity error 0.019755 [m/s]
 set velocity error to:0.034571 [m/s]
 vertical resolution (ps.dz) is 9.8923 [m]
 use super ensemble std based weights normalized by 0.034571 m/s 
 preaveraged GPS ships vel 1 times 
 remove 690 constaints below minimum weight 
 smooth Ocean velocity profile
 found 1 ill constrained elements will smooth 
 smooth CTD velocity profile
 no smoothness constraint applied 
 bottom inversion 
 24 bottom track ctd-vel weights of about : 2.1281
 weight for bottom track is (ps.botfac) 1
 mean sadcp weight : 1.157
 weight for SADCP vel is (ps.sadcpfac) 1
 lainbaro: 3% of profile have no useful data 
 normalized barotropic constrain weight: 1.3001
 mean individual ctd velocity weight : 68.2718
 ready for inversion  length of  d:   5983
           (CTD vel)  length of A1:    215
         (ocean vel)  length of A2:    135
Moore-Penrose inverse
 solve only down trace
 smooth Ocean velocity profile
 found 2 ill constrained elements will smooth 
 smooth CTD velocity profile
 no smoothness constraint applied 
Moore-Penrose inverse w/o errors
 solve only up trace
 smooth Ocean velocity profile
 found 1 ill constrained elements will smooth 
 smooth CTD velocity profile
 found 1 ill constrained elements will smooth 
Moore-Penrose inverse w/o errors
CHECKINV all values are given in [m/s] 
 Velocity profile error:  0.033  should be about noise:  0.023
 Check bottom track rms:  0.017  should be smaller than  0.058 /  1.000
 Check SADCP        rms:  0.016  should be smaller than  0.032 /  1.000
 GPS-LADCP ship spd diff: 0.005  should be smaller than  0.021 /  1.000
 use reference layer W
CHECKBTRK: check bottom track against U_ctd solution 
 profiles within give acceptable range: 319
  U bias :-0.001 [m/s]  std: 0.044 [m/s]
  V bias :-0.000 [m/s]  std: 0.040 [m/s]
  W bias : 0.007 [m/s]  std: 0.025 [m/s]
  W slope fact :0.0088 [1/m] lower W below bottom 
  W diff :0.3404 [m/s] ping to ping w difference 
  H std :   1.6 [m]  large means bottom is rough/sloped
  Tilt mean :1.5 +/- 0.7 [^o]  
==> STEP 14 TOOK 5.0 seconds
#################### step 15: CALCULATE SHEAR SOLUTION ###############
GETSHEAR2: average shear profile over (ps.dz) 9.8923 [m]
 maximum std (stdf) 2 of data 
 minimum weight  0.1 of data 
 will use 100 % of data 
==> STEP 15 TOOK 0.2 seconds
#################### step 16: CALCULATE DIFFUSIVITY PROFILE ##########
==> STEP 16 TOOK 0.0 seconds
#################### step 17: PLOT RESULTS & SHOW WARNINGS ###########
 do not know calibration of this instrument make a guess: 
 Battery Voltage is 50.8 V
LADCP WARNINGS                               
 warning instruments have no fixed ping rate 
 
 LADCP processing warnings: 
==> STEP 17 TOOK 0.5 seconds
#################### step 18: SAVE OUTPUT ############################
 save results 
