LDEO LADCP software: Version IX_10
#################### step 1: LOAD LADCP DATA #########################
LOADING CHECKPOINT checkpoints/004_0
RE-LOADING PER-CAST PARAMETERS
[Warning: Directory already exists.] 
[> In <a href="matlab: opentoline('U:\LADCP\HUD2013021_Flem_softwareUPDATE\proc\set_cast_params.m',38,1)">set_cast_params at 38</a>
  In <a href="matlab: opentoline('U:\LADCP\HUD2013021_Flem_softwareUPDATE\begin_processing_step.m',23,1)">begin_processing_step at 23</a>
  In <a href="matlab: opentoline('U:\LADCP\HUD2013021_Flem_softwareUPDATE\process_cast.m',162,1)">process_cast at 162</a>] 
LOADRDI:
 loading down-data raw/004AD000.000
 read 2200 ensembles with 20 bins each
 loading up-data raw/004AU000.000
 read 2203 ensemble and 20 bins 
 WARNING WARNING WARNING WARNING WARNING WARNING WARNING WARNING 
 warning instruments have no fixed ping rate 
  down dt for common ping number:0.94672  up dt :0.95025 hours 
 find best time match of up-looking ADCP to down looking ADCP
 up instrument is different by 0 ensembles
 WARNING WARNING WARNING WARNING WARNING WARNING WARNING WARNING 
 bestlag removed 61 spikes
 try to shift timeseries by lag: -1 correlation: 0.98795
 shift ADCP timeseries by -1 ensembles
 number of joint ensembles is : 2199
 found 309 finite RDI bottom velocities
 removed 773 values because of error velocity > 0.5 m/s
 removed 16 bottom-track values because of error velocity > 0.5 m/s
 removed   5 values ( 0.23 %) because of horizontal speed > 2.5 m/s
 using whole profile since no start time was given
 multiply weight of bin 1 by 0
 Outlier discarded 1415 bins down looking
 Outlier discarded 32 bottom track
 Outlier discarded 578 bins up looking
 found local lookup table for serial # to instid 
 FINDLOG: search near file: raw/004AD000.000
 READSERIAL_WH: parse file raw/004AD000.LOG
 serial number is : 16389
 down looking serial number is : 16389
 FINDLOG: search near file: raw/004AU000.000
 READSERIAL_WH: parse file raw/004AU000.LOG
 serial number is : 13984
   up looking serial number is : 13984
==> STEP 1 TOOK 49.3 seconds
#################### step 2: FIX LADCP-DATA PROBLEMS #################
==> STEP 2 TOOK 0.0 seconds
#################### step 3: LOAD GPS DATA ###########################
LOADNAV: load NAV time series CTD/021a004.cnv
 number of NAV scans: 1281  delta t : 0.99999 seconds
executing magdec -47.2786 47.0996 2013 7 1
 corrected for magnetic declination of -17.7 deg
==> STEP 3 TOOK 1.1 seconds
#################### step 4: GET BOTTOM-TRACK DATA ###################
GETBTRACK creates own bottom track in addition to RDI
  in: p.btrk_mode 3 and p.btrk_used 1
 using increased bottom echo amplitudes to create bottom track
 localmax2: found 576 valid values
 found 33 bottom depth below btrk_range 50
 use 0.5 bins below maximum target strength for own bottom track velocity
 created 394 bottom distances keeping original
 removed 38 bottom track profiles W_btrk - W_ref difference > 0.05
 boutlier removed 23 bottom track velocities 
 created 260 bottom track velocities keeping original
 out: p.btrk_mode 3 and p.btrk_used 1
==> STEP 4 TOOK 0.3 seconds
#################### step 5: LOAD CTD PROFILE ########################
==> STEP 5 TOOK 0.0 seconds
#################### step 6: LOAD CTD TIME SERIES ####################
LOADCTD: load CTD time series CTD/021a004.cnv
 read 1281 CTD scans; median delta_t = 1.00 seconds
 interpolated to 1280 CTD scans; delta_t = 1.00 seconds
 90% LADCP depth  375 at 01-Jul-2013 09:15:23
 90% CTD pressure 370 at 01-Jul-2013 09:11:55
 adjusting GPS time to CTD time (+208 seconds)
 Changed Start Time : 01-Jul-2013 08:57:35  to 01-Jul-2013 09:07:11
 Changed End   Time : 01-Jul-2013 09:54:22  to 01-Jul-2013 09:23:42
 median CTD time difference 0.99999 s
 removed 0 pressure spikes
 use 1 time base for W_ctd
 CTD max depth : 407
 bestlag removed 14 spikes
 lag: 2  correlation: 0.97259
 bestlag removed 21 spikes
 lag: 2  correlation: 0.99698
 bestlag removed 22 spikes
 lag: 2  correlation: 0.94442
 bestlag removed 12 spikes
 lag: 2  correlation: 0.96359
 median lag 2
 most popular lag 2
 best correlated lag 2
 BESTTLAG:  lag is: 2  for which 133% of 3 lags agree
 best lag W: 2 CTD scans ~ -2 seconds  corr:0.99698
 adjust ADCP time to CTD time and shift depth record 
 made CTD profile from time series data. 
 update start pos  from:NaN°N     NaN'  NaN°E     NaN'
			to:47°N  5.9856'   47°W 16.7554'
 update end pos    from:NaN°N     NaN'  NaN°E     NaN'
			to:47°N  5.9760'   47°W 16.7112'
==> STEP 6 TOOK 1.0 seconds
#################### step 7: FIND SURFACE & SEA BED ##################
GETDPTHI: Depth from vertical velocity inverse method
 starting run 1 to get LADCP depth
 take soundspeed from CTD profile 
 correct velocities for sound speed 
 use CTD time series depth, will not do depth inversion 
 LADCP minus CTD depth mean: 0.17151  std: 0.81673
 maximum depth from int W is :407
 should be                   :407
  bottom found at 414 +/- 0 m
 correct bin length for sound speed
 removing 536 values below bottom
==> STEP 7 TOOK 1.0 seconds
#################### step 8: APPLY PITCH/ROLL CORRECTIONS ############
==> STEP 8 TOOK 0.0 seconds
#################### step 9: EDIT DATA ###############################
 bin masking               : set 1075 weights to NaN
 side-lobe contamination   : set 1028 weights to NaN
 spike filter              : set 23 weights to NaN
==> STEP 9 TOOK 0.3 seconds
#################### step 10: FORM SUPER ENSEMBLES ###################
PREPINV: prepare data for inversion, form Super-Ensembles
 average profiles over (p.avdz) 9.8159 meter
 discarded 1 bottom tracks velocities because of height above bottom < 50
 reduce weight for larger tilts 0.5 at 10 degree
 mean compass offset based on velocity is -0.91649 deg
 mean compass offset based on tilt is 1.0796 deg
 rot up2down use mean up/down compass
 will not correct for sound speed twice
 remove reference velocity and average ensembles 
 Outlier discarded 39 bins down looking
 Outlier discarded 45 bins up looking
 found 1 bottom track std==0 set to 0.1 m/s
 found 25 finite bottom track ensembles
 discarded 3 bottom tracks velocities because of wstd  > 0.12563
 set 21 weight values to nan  because super ensemble std =0 
 set 41 values to minimum super ensemble std 0.054522
 reduced ensemble size is 65
==> STEP 10 TOOK 1.6 seconds
#################### step 11: REMOVE SUPER-ENSEMBLE OUTLIERS #########
==> STEP 11 TOOK 0.7 seconds
#################### step 12: RE-FORM SUPER ENSEMBLES ################
 mean compass offset based on tilt is 1.0796 deg
 remove first guess ocean velocity from raw data
 adjusted for velocity offset in up and down looking ADCP
 remove first guess ocean velocity from raw data
 rot up2down use mean up/down compass
 rotated earlier, use difference 
 will not correct for sound speed twice
 remove reference velocity and average ensembles 
 Outlier discarded 39 bins down looking
 Outlier discarded 44 bins up looking
 found 1 bottom track std==0 set to 0.1 m/s
 found 25 finite bottom track ensembles
 discarded 3 bottom tracks velocities because of wstd  > 0.12563
 set 21 weight values to nan  because super ensemble std =0 
 set 37 values to minimum super ensemble std 0.054522
 reduced ensemble size is 65
==> STEP 12 TOOK 1.9 seconds
#################### step 13: (RE-)LOAD SADCP DATA ###################
LOADSADCP: load SADCP data file SADCP/SADCP_hud2013021.mat
 found 1 SADCP profiles 
==> STEP 13 TOOK 0.2 seconds
#################### step 14: CALCULATE INVERSE SOLUTION #############
GETINV:  compute best velocity profile
 Barotropic velocity error 0.060545 [m/s]
 super ensemble velocity error 0.031519 [m/s]
 set velocity error to:0.05665 [m/s]
 vertical resolution (ps.dz) is 9.8149 [m]
 use super ensemble std based weights normalized by 0.05665 m/s 
 preaveraged GPS ships vel 1 times 
 remove 691 constaints below minimum weight 
 smooth Ocean velocity profile
 found 1 ill constrained elements will smooth 
 smooth CTD velocity profile
 no smoothness constraint applied 
 bottom inversion 
 22 bottom track ctd-vel weights of about : 3.1998
 weight for bottom track is (ps.botfac) 1
 mean sadcp weight : 0.5665
 weight for SADCP vel is (ps.sadcpfac) 1
 normalized barotropic constrain weight: 0.93567
 mean individual ctd velocity weight : 27.0416
 ready for inversion  length of  d:   1365
           (CTD vel)  length of A1:     65
         (ocean vel)  length of A2:     41
Moore-Penrose inverse
 solve only down trace
 smooth Ocean velocity profile
 found 1 ill constrained elements will smooth 
 smooth CTD velocity profile
 no smoothness constraint applied 
Moore-Penrose inverse w/o errors
 solve only up trace
 smooth Ocean velocity profile
 found 1 ill constrained elements will smooth 
 smooth CTD velocity profile
 found 1 ill constrained elements will smooth 
Moore-Penrose inverse w/o errors
CHECKINV all values are given in [m/s] 
 Velocity profile error:  0.056  should be about noise:  0.037
 Check bottom track rms:  0.021  should be smaller than  0.069 /  1.000
 Check SADCP        rms:  0.031  should be smaller than  0.100 /  1.000
 GPS-LADCP ship spd diff: 0.004  should be smaller than  0.061 /  1.000
 use reference layer W
CHECKBTRK: check bottom track against U_ctd solution 
 profiles within give acceptable range: 347
  U bias :-0.006 [m/s]  std: 0.045 [m/s]
  V bias : 0.002 [m/s]  std: 0.053 [m/s]
  W bias :-0.003 [m/s]  std: 0.021 [m/s]
  W slope fact :0.0062 [1/m] lower W below bottom 
  W diff :0.1818 [m/s] ping to ping w difference 
  H std :   0.9 [m]  large means bottom is rough/sloped
  Tilt mean :2.8 +/- 1.2 [^o]  
==> STEP 14 TOOK 4.3 seconds
#################### step 15: CALCULATE SHEAR SOLUTION ###############
GETSHEAR2: average shear profile over (ps.dz) 9.8149 [m]
 maximum std (stdf) 2 of data 
 minimum weight  0.1 of data 
 will use 100 % of data 
==> STEP 15 TOOK 0.1 seconds
#################### step 16: CALCULATE DIFFUSIVITY PROFILE ##########
==> STEP 16 TOOK 0.0 seconds
#################### step 17: PLOT RESULTS & SHOW WARNINGS ###########
 do not know calibration of this instrument make a guess: 
 Battery Voltage is 58.3 V
LADCP WARNINGS                               
 warning instruments have no fixed ping rate 
 
 LADCP processing warnings: 
==> STEP 17 TOOK 0.4 seconds
#################### step 18: SAVE OUTPUT ############################
 save results 
