LDEO LADCP software: Version IX_10
#################### step 1: LOAD LADCP DATA #########################
LOADING CHECKPOINT checkpoints/042_0
RE-LOADING PER-CAST PARAMETERS
{Warning: Directory already exists.} 
{> In <a href="matlab: opentoline('U:\LADCP\HUD2014017_Flem\proc\set_cast_params.m',38,1)">set_cast_params at 38</a>
  In <a href="matlab: opentoline('U:\LADCP\HUD2014017_Flem\begin_processing_step.m',23,1)">begin_processing_step at 23</a>
  In <a href="matlab: opentoline('U:\LADCP\HUD2014017_Flem\process_cast.m',162,1)">process_cast at 162</a>} 
LOADRDI:
 loading down-data raw/042AD000.000
 DETECTED BEAM coordinates: rotating to EARTH coordinates
 1568 3-beam solutions calculated (5% of total)
 read 2328 ensembles with 20 bins each
 DETECTED BEAM bottom track coordinates!
 0 3-beam solutions calculated (0% of total)
 loading up-data raw/042AU000.000
 DETECTED BEAM coordinates: rotating to EARTH coordinates
 1315 3-beam solutions calculated (5% of total)
 read 2326 ensemble and 20 bins 
 WARNING WARNING WARNING WARNING WARNING WARNING WARNING WARNING 
 warning instruments have no fixed ping rate 
  down dt for common ping number:1.0009  up dt :1.0031 hours 
 find best time match of up-looking ADCP to down looking ADCP
 up instrument is different by 0 ensembles
 WARNING WARNING WARNING WARNING WARNING WARNING WARNING WARNING 
 bestlag removed 116 spikes
 try to shift timeseries by lag: 0 correlation: 0.98564
 shift ADCP timeseries by 0 ensembles
 number of joint ensembles is : 2328
 found 562 finite RDI bottom velocities
 removed 4 values because of error velocity > 0.5 m/s
 removed 30 bottom-track values because of error velocity > 0.5 m/s
 removed  33 values ( 1.42 %) because of horizontal speed > 2.5 m/s
 using whole profile since no start time was given
 multiply weight of bin 1 by 0
 Outlier discarded 2480 bins down looking
 Outlier discarded 100 bottom track
 Outlier discarded 1298 bins up looking
 found local lookup table for serial # to instid 
 FINDLOG: search near file: raw/042AD000.000
 READSERIAL_WH: parse file raw/042AD000.LOG
 serial number is : 16389
 down looking serial number is : 16389
 FINDLOG: search near file: raw/042AU000.000
 READSERIAL_WH: parse file raw/042AU000.LOG
 serial number is : 13984
   up looking serial number is : 13984
==> STEP 1 TOOK 60.3 seconds
#################### step 2: FIX LADCP-DATA PROBLEMS #################
==> STEP 2 TOOK 0.0 seconds
#################### step 3: LOAD GPS DATA ###########################
LOADNAV: load NAV time series CTD/017a042.cnv
 number of NAV scans: 2661  delta t : 0.99999 seconds
executing magdec -46.5018 48.2753 2014 7 10
 corrected for magnetic declination of -17.7 deg
==> STEP 3 TOOK 1.1 seconds
#################### step 4: GET BOTTOM-TRACK DATA ###################
GETBTRACK creates own bottom track in addition to RDI
  in: p.btrk_mode 3 and p.btrk_used 1
 using increased bottom echo amplitudes to create bottom track
 localmax2: found 1309 valid values
 found 38 bottom depth below btrk_range 50
 use 0.5 bins below maximum target strength for own bottom track velocity
 created 734 bottom distances keeping original
 removed 54 bottom track profiles W_btrk - W_ref difference > 0.05
 boutlier removed 12 bottom track velocities 
 created 571 bottom track velocities keeping original
 out: p.btrk_mode 3 and p.btrk_used 1
==> STEP 4 TOOK 0.6 seconds
#################### step 5: LOAD CTD PROFILE ########################
==> STEP 5 TOOK 0.0 seconds
#################### step 6: LOAD CTD TIME SERIES ####################
LOADCTD: load CTD time series CTD/017a042.cnv
 read 2661 CTD scans; median delta_t = 1.00 seconds
 interpolated to 2660 CTD scans; delta_t = 1.00 seconds
 90% LADCP depth  769 at 10-Jul-2014 07:41:38
 90% CTD pressure 779 at 10-Jul-2014 07:33:49
 adjusting GPS time to CTD time (+469 seconds)
 Changed Start Time : 10-Jul-2014 07:13:21  to 10-Jul-2014 07:27:00
 Changed End   Time : 10-Jul-2014 08:13:27  to 10-Jul-2014 08:07:18
 median CTD time difference 0.99999 s
 removed 0 pressure spikes
 use 1 time base for W_ctd
 CTD max depth : 856
 bestlag removed 19 spikes
 lag: 6  correlation: 0.93051
 bestlag removed 22 spikes
 lag: 6  correlation: 0.96678
 bestlag removed 17 spikes
 lag: 6  correlation: 0.91496
 bestlag removed 28 spikes
 lag: 6  correlation: 0.98824
 bestlag removed 19 spikes
 lag: 6  correlation: 0.99144
 bestlag removed 18 spikes
 lag: 6  correlation: 0.9306
 median lag 6
 most popular lag 6
 best correlated lag 6
 BESTTLAG:  lag is: 6  for which 120% of 5 lags agree
 best lag W: 6 CTD scans ~ -6 seconds  corr:0.99144
 adjust ADCP time to CTD time and shift depth record 
 made CTD profile from time series data. 
 update start pos  from:NaN°N     NaN'  NaN°E     NaN'
			to:48°N 16.3584'   46°W 30.2249'
 update end pos    from:NaN°N     NaN'  NaN°E     NaN'
			to:48°N 16.6212'   46°W 30.0852'
==> STEP 6 TOOK 1.2 seconds
#################### step 7: FIND SURFACE & SEA BED ##################
GETDPTHI: Depth from vertical velocity inverse method
 starting run 1 to get LADCP depth
 take soundspeed from CTD profile 
 correct velocities for sound speed 
 use CTD time series depth, will not do depth inversion 
 LADCP minus CTD depth mean: 3.4687  std: 5.4748
 maximum depth from int W is :856
 should be                   :856
  bottom found at 863 +/- 0 m
 correct bin length for sound speed
 removing 1878 values below bottom
==> STEP 7 TOOK 1.1 seconds
#################### step 8: APPLY PITCH/ROLL CORRECTIONS ############
==> STEP 8 TOOK 0.0 seconds
#################### step 9: EDIT DATA ###############################
 bin masking               : set 2126 weights to NaN
 side-lobe contamination   : set 1473 weights to NaN
==> STEP 9 TOOK 0.3 seconds
#################### step 10: FORM SUPER ENSEMBLES ###################
PREPINV: prepare data for inversion, form Super-Ensembles
 average profiles over (p.avdz) 9.8583 meter
 reduce weight for larger tilts 0.5 at 10 degree
 mean compass offset based on velocity is 0.7434 deg
 mean compass offset based on tilt is -0.18025 deg
 rot up2down use mean up/down compass
 will not correct for sound speed twice
 remove reference velocity and average ensembles 
 Outlier discarded 111 bins down looking
 Outlier discarded 124 bins up looking
 found 1 bottom track std==0 set to 0.1 m/s
 found 25 finite bottom track ensembles
 discarded 1 bottom tracks velocities because of wstd  > 0.17766
 set 8 weight values to nan  because super ensemble std =0 
 set 18 values to minimum super ensemble std 0.036697
 reduced ensemble size is 138
==> STEP 10 TOOK 3.4 seconds
#################### step 11: REMOVE SUPER-ENSEMBLE OUTLIERS #########
==> STEP 11 TOOK 0.8 seconds
#################### step 12: RE-FORM SUPER ENSEMBLES ################
 mean compass offset based on tilt is -0.18025 deg
 remove first guess ocean velocity from raw data
 adjusted for velocity offset in up and down looking ADCP
 remove first guess ocean velocity from raw data
 rot up2down use mean up/down compass
 rotated earlier, use difference 
 will not correct for sound speed twice
 remove reference velocity and average ensembles 
 Outlier discarded 108 bins down looking
 Outlier discarded 126 bins up looking
 found 1 bottom track std==0 set to 0.1 m/s
 found 25 finite bottom track ensembles
 discarded 1 bottom tracks velocities because of wstd  > 0.17766
 set 8 weight values to nan  because super ensemble std =0 
 set 23 values to minimum super ensemble std 0.036697
 reduced ensemble size is 138
==> STEP 12 TOOK 4.0 seconds
#################### step 13: (RE-)LOAD SADCP DATA ###################
LOADSADCP: load SADCP data file SADCP/SADCP_hud2014017.mat
 found 2 SADCP profiles 
==> STEP 13 TOOK 0.2 seconds
#################### step 14: CALCULATE INVERSE SOLUTION #############
GETINV:  compute best velocity profile
 Barotropic velocity error 0.024814 [m/s]
 super ensemble velocity error 0.023692 [m/s]
 set velocity error to:0.034173 [m/s]
 vertical resolution (ps.dz) is 9.7906 [m]
 use super ensemble std based weights normalized by 0.034173 m/s 
 preaveraged GPS ships vel 1 times 
 remove 692 constaints below minimum weight 
 smooth Ocean velocity profile
 found 2 ill constrained elements will smooth 
 smooth CTD velocity profile
 no smoothness constraint applied 
 bottom inversion 
 24 bottom track ctd-vel weights of about : 1.4128
 weight for bottom track is (ps.botfac) 1
 mean sadcp weight : 0.93835
 weight for SADCP vel is (ps.sadcpfac) 1
 lainbaro: 21% of profile have no useful data 
 normalized barotropic constrain weight: 0.15495
 mean individual ctd velocity weight : 6.5094
 ready for inversion  length of  d:   4044
           (CTD vel)  length of A1:    138
         (ocean vel)  length of A2:     87
Moore-Penrose inverse
 solve only down trace
 smooth Ocean velocity profile
 found 2 ill constrained elements will smooth 
 smooth CTD velocity profile
 no smoothness constraint applied 
Moore-Penrose inverse w/o errors
 solve only up trace
 smooth Ocean velocity profile
 found 2 ill constrained elements will smooth 
 smooth CTD velocity profile
 found 1 ill constrained elements will smooth 
Moore-Penrose inverse w/o errors
CHECKINV all values are given in [m/s] 
 Velocity profile error:  0.032  should be about noise:  0.025
 Check bottom track rms:  0.027  should be smaller than  0.092 /  1.000
 Check SADCP        rms:  0.035  should be smaller than  0.047 /  1.000
 GPS-LADCP ship spd diff: 0.002  should be smaller than  0.025 /  1.000
 use reference layer W
CHECKBTRK: check bottom track against U_ctd solution 
 profiles within give acceptable range: 338
  U bias :-0.001 [m/s]  std: 0.052 [m/s]
  V bias :-0.010 [m/s]  std: 0.084 [m/s]
  W bias : 0.012 [m/s]  std: 0.022 [m/s]
  W slope fact :0.0055 [1/m] lower W below bottom 
  W diff :0.2734 [m/s] ping to ping w difference 
  H std :   1.0 [m]  large means bottom is rough/sloped
  Tilt mean :4.0 +/- 1.0 [^o]  
==> STEP 14 TOOK 4.7 seconds
#################### step 15: CALCULATE SHEAR SOLUTION ###############
GETSHEAR2: average shear profile over (ps.dz) 9.7906 [m]
 maximum std (stdf) 2 of data 
 minimum weight  0.1 of data 
 will use 100 % of data 
==> STEP 15 TOOK 0.2 seconds
#################### step 16: CALCULATE DIFFUSIVITY PROFILE ##########
==> STEP 16 TOOK 0.0 seconds
#################### step 17: PLOT RESULTS & SHOW WARNINGS ###########
 do not know calibration of this instrument make a guess: 
 Battery Voltage is 51.5 V
LADCP WARNINGS                               
 warning instruments have no fixed ping rate 
 
 LADCP processing warnings: 
==> STEP 17 TOOK 0.5 seconds
#################### step 18: SAVE OUTPUT ############################
 save results 
