LDEO LADCP software: Version IX_10
#################### step 1: LOAD LADCP DATA #########################
LOADING CHECKPOINT checkpoints/035_0
RE-LOADING PER-CAST PARAMETERS
{Warning: Directory already exists.} 
{> In <a href="matlab: opentoline('U:\LADCP\HUD2014017_Flem\proc\set_cast_params.m',38,1)">set_cast_params at 38</a>
  In <a href="matlab: opentoline('U:\LADCP\HUD2014017_Flem\begin_processing_step.m',23,1)">begin_processing_step at 23</a>
  In <a href="matlab: opentoline('U:\LADCP\HUD2014017_Flem\process_cast.m',162,1)">process_cast at 162</a>} 
LOADRDI:
 loading down-data raw/035AD000.000
 DETECTED BEAM coordinates: rotating to EARTH coordinates
 3131 3-beam solutions calculated (6% of total)
 read 3922 ensembles with 20 bins each
 DETECTED BEAM bottom track coordinates!
 0 3-beam solutions calculated (0% of total)
 loading up-data raw/035AU000.000
 DETECTED BEAM coordinates: rotating to EARTH coordinates
 3033 3-beam solutions calculated (6% of total)
 read 3915 ensemble and 20 bins 
 WARNING WARNING WARNING WARNING WARNING WARNING WARNING WARNING 
 warning instruments have no fixed ping rate 
  down dt for common ping number:1.6851  up dt :1.6872 hours 
 find best time match of up-looking ADCP to down looking ADCP
 up instrument is different by 0 ensembles
 WARNING WARNING WARNING WARNING WARNING WARNING WARNING WARNING 
 bestlag removed 136 spikes
 try to shift timeseries by lag: 0 correlation: 0.98733
 shift ADCP timeseries by 0 ensembles
 number of joint ensembles is : 3922
 found 958 finite RDI bottom velocities
 removed 1 values because of error velocity > 0.5 m/s
 removed 98 bottom-track values because of error velocity > 0.5 m/s
 removed  25 values ( 0.64 %) because of horizontal speed > 2.5 m/s
 using whole profile since no start time was given
 removed 5 profiles due to tilt derivative > 4 degrees
 multiply weight of bin 1 by 0
 Outlier discarded 4242 bins down looking
 Outlier discarded 108 bottom track
 Outlier discarded 2661 bins up looking
 found local lookup table for serial # to instid 
 FINDLOG: search near file: raw/035AD000.000
 READSERIAL_WH: parse file raw/035AD000.LOG
 serial number is : 16389
 down looking serial number is : 16389
 FINDLOG: search near file: raw/035AU000.000
 READSERIAL_WH: parse file raw/035AU000.LOG
 serial number is : 13984
   up looking serial number is : 13984
==> STEP 1 TOOK 120.1 seconds
#################### step 2: FIX LADCP-DATA PROBLEMS #################
==> STEP 2 TOOK 0.0 seconds
#################### step 3: LOAD GPS DATA ###########################
LOADNAV: load NAV time series CTD/017a035.cnv
 number of NAV scans: 5067  delta t : 0.99999 seconds
executing magdec -46.7198 48.4978 2014 7 9
 corrected for magnetic declination of -17.8 deg
==> STEP 3 TOOK 1.3 seconds
#################### step 4: GET BOTTOM-TRACK DATA ###################
GETBTRACK creates own bottom track in addition to RDI
  in: p.btrk_mode 3 and p.btrk_used 1
 using increased bottom echo amplitudes to create bottom track
 localmax2: found 2547 valid values
 found 50 bottom depth below btrk_range 50
 use 0.5 bins below maximum target strength for own bottom track velocity
 created 1414 bottom distances keeping original
 removed 90 bottom track profiles W_btrk - W_ref difference > 0.05
 boutlier removed 24 bottom track velocities 
 created 770 bottom track velocities keeping original
 out: p.btrk_mode 3 and p.btrk_used 1
==> STEP 4 TOOK 1.0 seconds
#################### step 5: LOAD CTD PROFILE ########################
==> STEP 5 TOOK 0.0 seconds
#################### step 6: LOAD CTD TIME SERIES ####################
LOADCTD: load CTD time series CTD/017a035.cnv
 read 5067 CTD scans; median delta_t = 1.00 seconds
 interpolated to 5066 CTD scans; delta_t = 1.00 seconds
 90% LADCP depth  2095 at 09-Jul-2014 18:41:31
 90% CTD pressure 2112 at 09-Jul-2014 18:29:01
 adjusting GPS time to CTD time (+750 seconds)
 Changed Start Time : 09-Jul-2014 17:51:00  to 09-Jul-2014 18:05:41
 Changed End   Time : 09-Jul-2014 19:32:17  to 09-Jul-2014 19:26:24
 median CTD time difference 0.99999 s
 removed 0 pressure spikes
 use 1 time base for W_ctd
 CTD max depth : 2314
 bestlag removed 22 spikes
 lag: 7  correlation: 0.93716
 bestlag removed 19 spikes
 lag: 7  correlation: 0.94073
 bestlag removed 21 spikes
 lag: 7  correlation: 0.94215
 bestlag removed 23 spikes
 lag: 7  correlation: 0.95267
 bestlag removed 20 spikes
 lag: 7  correlation: 0.98848
 bestlag removed 23 spikes
 lag: 7  correlation: 0.94344
 bestlag removed 15 spikes
 lag: 7  correlation: 0.93175
 bestlag removed 16 spikes
 lag: 7  correlation: 0.93836
 bestlag removed 16 spikes
 lag: 7  correlation: 0.92578
 bestlag removed 20 spikes
 lag: 7  correlation: 0.94176
 median lag 7
 most popular lag 7
 best correlated lag 7
 BESTTLAG:  lag is: 7  for which 111% of 9 lags agree
 best lag W: 7 CTD scans ~ -7 seconds  corr:0.98848
 adjust ADCP time to CTD time and shift depth record 
 made CTD profile from time series data. 
 update start pos  from:NaN°N     NaN'  NaN°E     NaN'
			to:48°N 29.7000'   46°W 43.6416'
 update end pos    from:NaN°N     NaN'  NaN°E     NaN'
			to:48°N 30.0432'   46°W 42.7596'
==> STEP 6 TOOK 1.9 seconds
#################### step 7: FIND SURFACE & SEA BED ##################
GETDPTHI: Depth from vertical velocity inverse method
 starting run 1 to get LADCP depth
 take soundspeed from CTD profile 
 correct velocities for sound speed 
 use CTD time series depth, will not do depth inversion 
 LADCP minus CTD depth mean: -5.1727  std: 3.2427
 maximum depth from int W is :2314
 should be                   :2314
  bottom found at 2319 +/- 1 m
 correct bin length for sound speed
 removing 1572 values below bottom
==> STEP 7 TOOK 1.5 seconds
#################### step 8: APPLY PITCH/ROLL CORRECTIONS ############
==> STEP 8 TOOK 0.0 seconds
#################### step 9: EDIT DATA ###############################
 bin masking               : set 3343 weights to NaN
 side-lobe contamination   : set 1155 weights to NaN
==> STEP 9 TOOK 0.3 seconds
#################### step 10: FORM SUPER ENSEMBLES ###################
PREPINV: prepare data for inversion, form Super-Ensembles
 average profiles over (p.avdz) 9.8886 meter
 discarded 1 bottom tracks velocities because of height above bottom < 50
 reduce weight for larger tilts 0.5 at 10 degree
 mean compass offset based on velocity is 0.68368 deg
 mean compass offset based on tilt is 0.28988 deg
 rot up2down use mean up/down compass
 will not correct for sound speed twice
 remove reference velocity and average ensembles 
 Outlier discarded 356 bins down looking
 Outlier discarded 412 bins up looking
 found 1 bottom track std==0 set to 0.1 m/s
 found 26 finite bottom track ensembles
 discarded 0 bottom tracks velocities because of wstd  > 0.1997
 set 41 weight values to nan  because super ensemble std =0 
 set 77 values to minimum super ensemble std 0.037592
 reduced ensemble size is 373
==> STEP 10 TOOK 8.1 seconds
#################### step 11: REMOVE SUPER-ENSEMBLE OUTLIERS #########
==> STEP 11 TOOK 1.0 seconds
#################### step 12: RE-FORM SUPER ENSEMBLES ################
 mean compass offset based on tilt is 0.28988 deg
 remove first guess ocean velocity from raw data
 adjusted for velocity offset in up and down looking ADCP
 remove first guess ocean velocity from raw data
 rot up2down use mean up/down compass
 rotated earlier, use difference 
 will not correct for sound speed twice
 remove reference velocity and average ensembles 
 Outlier discarded 352 bins down looking
 Outlier discarded 398 bins up looking
 found 1 bottom track std==0 set to 0.1 m/s
 found 26 finite bottom track ensembles
 discarded 0 bottom tracks velocities because of wstd  > 0.1997
 set 48 weight values to nan  because super ensemble std =0 
 set 75 values to minimum super ensemble std 0.037592
 reduced ensemble size is 373
==> STEP 12 TOOK 9.2 seconds
#################### step 13: (RE-)LOAD SADCP DATA ###################
LOADSADCP: load SADCP data file SADCP/SADCP_hud2014017.mat
 no finite SADCP data found 
==> STEP 13 TOOK 0.0 seconds
#################### step 14: CALCULATE INVERSE SOLUTION #############
GETINV:  compute best velocity profile
 Barotropic velocity error 0.012389 [m/s]
 super ensemble velocity error 0.02235 [m/s]
 set velocity error to:0.036716 [m/s]
 vertical resolution (ps.dz) is 9.8869 [m]
 use super ensemble std based weights normalized by 0.036716 m/s 
 preaveraged GPS ships vel 1 times 
 remove 733 constaints below minimum weight 
 smooth Ocean velocity profile
 found 1 ill constrained elements will smooth 
 smooth CTD velocity profile
 no smoothness constraint applied 
 bottom inversion 
 26 bottom track ctd-vel weights of about : 2.0167
 weight for bottom track is (ps.botfac) 1
 no SADCP data
 normalized barotropic constrain weight: 2.9636
 mean individual ctd velocity weight : 206.7938
 ready for inversion  length of  d:   9984
           (CTD vel)  length of A1:    373
         (ocean vel)  length of A2:    233
Moore-Penrose inverse
 solve only down trace
 smooth Ocean velocity profile
 found 1 ill constrained elements will smooth 
 smooth CTD velocity profile
 no smoothness constraint applied 
Moore-Penrose inverse w/o errors
 solve only up trace
 smooth Ocean velocity profile
 found 2 ill constrained elements will smooth 
 smooth CTD velocity profile
 found 1 ill constrained elements will smooth 
Moore-Penrose inverse w/o errors
CHECKINV all values are given in [m/s] 
 Velocity profile error:  0.034  should be about noise:  0.025
 Check bottom track rms:  0.016  should be smaller than  0.064 /  1.000
 GPS-LADCP ship spd diff: 0.000  should be smaller than  0.012 /  1.000
 use reference layer W
CHECKBTRK: check bottom track against U_ctd solution 
 profiles within give acceptable range: 320
  U bias :-0.001 [m/s]  std: 0.045 [m/s]
  V bias : 0.004 [m/s]  std: 0.042 [m/s]
  W bias : 0.005 [m/s]  std: 0.029 [m/s]
  W slope fact :0.0053 [1/m] lower W below bottom 
  W diff :0.2923 [m/s] ping to ping w difference 
  H std :   2.1 [m]  large means bottom is rough/sloped
  Tilt mean :1.8 +/- 0.9 [^o]  
==> STEP 14 TOOK 5.6 seconds
#################### step 15: CALCULATE SHEAR SOLUTION ###############
GETSHEAR2: average shear profile over (ps.dz) 9.8869 [m]
 maximum std (stdf) 2 of data 
 minimum weight  0.1 of data 
 will use 100 % of data 
 increased error because of shear - inverse difference
==> STEP 15 TOOK 0.4 seconds
#################### step 16: CALCULATE DIFFUSIVITY PROFILE ##########
==> STEP 16 TOOK 0.0 seconds
#################### step 17: PLOT RESULTS & SHOW WARNINGS ###########
 do not know calibration of this instrument make a guess: 
 Battery Voltage is 51.5 V
LADCP WARNINGS                               
 warning instruments have no fixed ping rate 
 
 LADCP processing warnings: 
==> STEP 17 TOOK 0.5 seconds
#################### step 18: SAVE OUTPUT ############################
 save results 
