LDEO LADCP software: Version IX_10
#################### step 1: LOAD LADCP DATA #########################
LOADING CHECKPOINT checkpoints/037_0
RE-LOADING PER-CAST PARAMETERS
{Warning: Directory already exists.} 
{> In <a href="matlab: opentoline('U:\LADCP\HUD2014017_Flem\proc\set_cast_params.m',38,1)">set_cast_params at 38</a>
  In <a href="matlab: opentoline('U:\LADCP\HUD2014017_Flem\begin_processing_step.m',23,1)">begin_processing_step at 23</a>
  In <a href="matlab: opentoline('U:\LADCP\HUD2014017_Flem\process_cast.m',162,1)">process_cast at 162</a>} 
LOADRDI:
 loading down-data raw/037AD000.000
 DETECTED BEAM coordinates: rotating to EARTH coordinates
 2923 3-beam solutions calculated (6% of total)
 read 3849 ensembles with 20 bins each
 DETECTED BEAM bottom track coordinates!
 0 3-beam solutions calculated (0% of total)
 loading up-data raw/037AU000.000
 DETECTED BEAM coordinates: rotating to EARTH coordinates
 3077 3-beam solutions calculated (7% of total)
 read 3848 ensemble and 20 bins 
 WARNING WARNING WARNING WARNING WARNING WARNING WARNING WARNING 
 warning instruments have no fixed ping rate 
  down dt for common ping number:1.6562  up dt :1.6584 hours 
 find best time match of up-looking ADCP to down looking ADCP
 up instrument is different by 0 ensembles
 WARNING WARNING WARNING WARNING WARNING WARNING WARNING WARNING 
 bestlag removed 135 spikes
 try to shift timeseries by lag: 0 correlation: 0.98402
 shift ADCP timeseries by 0 ensembles
 number of joint ensembles is : 3849
 found 867 finite RDI bottom velocities
 removed 3 values because of error velocity > 0.5 m/s
 removed 94 bottom-track values because of error velocity > 0.5 m/s
 removed  42 values ( 1.09 %) because of horizontal speed > 2.5 m/s
 using whole profile since no start time was given
 removed 6 profiles due to tilt derivative > 4 degrees
 multiply weight of bin 1 by 0
 Outlier discarded 3797 bins down looking
 Outlier discarded 108 bottom track
 Outlier discarded 2217 bins up looking
 found local lookup table for serial # to instid 
 FINDLOG: search near file: raw/037AD000.000
 READSERIAL_WH: parse file raw/037AD000.LOG
 serial number is : 16389
 down looking serial number is : 16389
 FINDLOG: search near file: raw/037AU000.000
 READSERIAL_WH: parse file raw/037AU000.LOG
 serial number is : 13984
   up looking serial number is : 13984
==> STEP 1 TOOK 99.2 seconds
#################### step 2: FIX LADCP-DATA PROBLEMS #################
==> STEP 2 TOOK 0.0 seconds
#################### step 3: LOAD GPS DATA ###########################
LOADNAV: load NAV time series CTD/017a037.cnv
 number of NAV scans: 4792  delta t : 0.99999 seconds
executing magdec -46.6207 48.3929 2014 7 9
 corrected for magnetic declination of -17.8 deg
==> STEP 3 TOOK 1.5 seconds
#################### step 4: GET BOTTOM-TRACK DATA ###################
GETBTRACK creates own bottom track in addition to RDI
  in: p.btrk_mode 3 and p.btrk_used 1
 using increased bottom echo amplitudes to create bottom track
 localmax2: found 2364 valid values
 found 42 bottom depth below btrk_range 50
 use 0.5 bins below maximum target strength for own bottom track velocity
 created 1167 bottom distances keeping original
 removed 92 bottom track profiles W_btrk - W_ref difference > 0.05
 boutlier removed 16 bottom track velocities 
 created 674 bottom track velocities keeping original
 out: p.btrk_mode 3 and p.btrk_used 1
==> STEP 4 TOOK 0.8 seconds
#################### step 5: LOAD CTD PROFILE ########################
==> STEP 5 TOOK 0.0 seconds
#################### step 6: LOAD CTD TIME SERIES ####################
LOADCTD: load CTD time series CTD/017a037.cnv
 read 4792 CTD scans; median delta_t = 1.00 seconds
 interpolated to 4791 CTD scans; delta_t = 1.00 seconds
 90% LADCP depth  1628 at 09-Jul-2014 22:45:02
 90% CTD pressure 1666 at 09-Jul-2014 22:31:38
 adjusting GPS time to CTD time (+804 seconds)
 Changed Start Time : 09-Jul-2014 21:55:11  to 09-Jul-2014 22:13:06
 Changed End   Time : 09-Jul-2014 23:34:35  to 09-Jul-2014 23:29:38
 median CTD time difference 0.99999 s
 removed 0 pressure spikes
 use 1 time base for W_ctd
 CTD max depth : 1828
 bestlag removed 18 spikes
 lag: 2  correlation: 0.95058
 bestlag removed 18 spikes
 lag: 2  correlation: 0.93854
 bestlag removed 14 spikes
 lag: 2  correlation: 0.94924
 bestlag removed 15 spikes
 lag: 2  correlation: 0.97815
 bestlag removed 26 spikes
 lag: 2  correlation: 0.98319
 bestlag removed 16 spikes
 lag: 2  correlation: 0.94413
 bestlag removed 23 spikes
 lag: 2  correlation: 0.95699
 bestlag removed 15 spikes
 lag: 2  correlation: 0.96913
 bestlag removed 19 spikes
 lag: 2  correlation: 0.93053
 median lag 2
 most popular lag 2
 best correlated lag 2
 BESTTLAG:  lag is: 2  for which 113% of 8 lags agree
 best lag W: 2 CTD scans ~ -2 seconds  corr:0.98319
 adjust ADCP time to CTD time and shift depth record 
 made CTD profile from time series data. 
 update start pos  from:NaN°N     NaN'  NaN°E     NaN'
			to:48°N 23.5308'   46°W 37.7652'
 update end pos    from:NaN°N     NaN'  NaN°E     NaN'
			to:48°N 23.6532'   46°W 36.8148'
==> STEP 6 TOOK 1.6 seconds
#################### step 7: FIND SURFACE & SEA BED ##################
GETDPTHI: Depth from vertical velocity inverse method
 starting run 1 to get LADCP depth
 take soundspeed from CTD profile 
 correct velocities for sound speed 
 use CTD time series depth, will not do depth inversion 
 LADCP minus CTD depth mean: -3.786  std: 2.8452
 maximum depth from int W is :1828
 should be                   :1828
  bottom found at 1832 +/- 0 m
 correct bin length for sound speed
 removing 2645 values below bottom
==> STEP 7 TOOK 1.4 seconds
#################### step 8: APPLY PITCH/ROLL CORRECTIONS ############
==> STEP 8 TOOK 0.0 seconds
#################### step 9: EDIT DATA ###############################
 bin masking               : set 3945 weights to NaN
 side-lobe contamination   : set 1437 weights to NaN
==> STEP 9 TOOK 0.3 seconds
#################### step 10: FORM SUPER ENSEMBLES ###################
PREPINV: prepare data for inversion, form Super-Ensembles
 average profiles over (p.avdz) 9.7186 meter
 discarded 1 bottom tracks velocities because of height above bottom < 50
 reduce weight for larger tilts 0.5 at 10 degree
 mean compass offset based on velocity is 0.3514 deg
 mean compass offset based on tilt is -0.41188 deg
 rot up2down use mean up/down compass
 will not correct for sound speed twice
 remove reference velocity and average ensembles 
 Outlier discarded 274 bins down looking
 Outlier discarded 305 bins up looking
 found 1 bottom track std==0 set to 0.1 m/s
 found 26 finite bottom track ensembles
 discarded 2 bottom tracks velocities because of wstd  > 0.19547
 set 48 weight values to nan  because super ensemble std =0 
 set 115 values to minimum super ensemble std 0.039565
 reduced ensemble size is 300
==> STEP 10 TOOK 6.6 seconds
#################### step 11: REMOVE SUPER-ENSEMBLE OUTLIERS #########
==> STEP 11 TOOK 0.9 seconds
#################### step 12: RE-FORM SUPER ENSEMBLES ################
 mean compass offset based on tilt is -0.41188 deg
 remove first guess ocean velocity from raw data
 adjusted for velocity offset in up and down looking ADCP
 remove first guess ocean velocity from raw data
 rot up2down use mean up/down compass
 rotated earlier, use difference 
 will not correct for sound speed twice
 remove reference velocity and average ensembles 
 Outlier discarded 270 bins down looking
 Outlier discarded 300 bins up looking
 found 1 bottom track std==0 set to 0.1 m/s
 found 26 finite bottom track ensembles
 discarded 2 bottom tracks velocities because of wstd  > 0.19547
 set 50 weight values to nan  because super ensemble std =0 
 set 123 values to minimum super ensemble std 0.039565
 reduced ensemble size is 300
==> STEP 12 TOOK 7.7 seconds
#################### step 13: (RE-)LOAD SADCP DATA ###################
LOADSADCP: load SADCP data file SADCP/SADCP_hud2014017.mat
 no finite SADCP data found 
==> STEP 13 TOOK 0.0 seconds
#################### step 14: CALCULATE INVERSE SOLUTION #############
GETINV:  compute best velocity profile
 Barotropic velocity error 0.013066 [m/s]
 super ensemble velocity error 0.024738 [m/s]
 set velocity error to:0.038314 [m/s]
 vertical resolution (ps.dz) is 9.6352 [m]
 use super ensemble std based weights normalized by 0.038314 m/s 
 preaveraged GPS ships vel 2 times 
 remove 718 constaints below minimum weight 
 smooth Ocean velocity profile
 found 2 ill constrained elements will smooth 
 smooth CTD velocity profile
 no smoothness constraint applied 
 bottom inversion 
 24 bottom track ctd-vel weights of about : 2.3021
 weight for bottom track is (ps.botfac) 1
 no SADCP data
 lainbaro: 10% of profile have no useful data 
 normalized barotropic constrain weight: 1.1967
 mean individual ctd velocity weight : 76.7827
 ready for inversion  length of  d:   8007
           (CTD vel)  length of A1:    300
         (ocean vel)  length of A2:    189
Moore-Penrose inverse
 solve only down trace
 smooth Ocean velocity profile
 found 2 ill constrained elements will smooth 
 smooth CTD velocity profile
 no smoothness constraint applied 
Moore-Penrose inverse w/o errors
 solve only up trace
 smooth Ocean velocity profile
 found 3 ill constrained elements will smooth 
 smooth CTD velocity profile
 found 1 ill constrained elements will smooth 
Moore-Penrose inverse w/o errors
CHECKINV all values are given in [m/s] 
 Velocity profile error:  0.036  should be about noise:  0.027
 Check bottom track rms:  0.017  should be smaller than  0.068 /  1.000
 GPS-LADCP ship spd diff: 0.005  should be smaller than  0.013 /  1.000
 use reference layer W
CHECKBTRK: check bottom track against U_ctd solution 
 profiles within give acceptable range: 328
  U bias :-0.001 [m/s]  std: 0.043 [m/s]
  V bias :-0.004 [m/s]  std: 0.050 [m/s]
  W bias : 0.017 [m/s]  std: 0.023 [m/s]
  W slope fact :0.0061 [1/m] lower W below bottom 
  W diff :0.2438 [m/s] ping to ping w difference 
  H std :   1.0 [m]  large means bottom is rough/sloped
  Tilt mean :1.7 +/- 0.5 [^o]  
==> STEP 14 TOOK 5.7 seconds
#################### step 15: CALCULATE SHEAR SOLUTION ###############
GETSHEAR2: average shear profile over (ps.dz) 9.6352 [m]
 maximum std (stdf) 2 of data 
 minimum weight  0.1 of data 
 will use 100 % of data 
==> STEP 15 TOOK 0.3 seconds
#################### step 16: CALCULATE DIFFUSIVITY PROFILE ##########
==> STEP 16 TOOK 0.0 seconds
#################### step 17: PLOT RESULTS & SHOW WARNINGS ###########
 do not know calibration of this instrument make a guess: 
 Battery Voltage is 51.5 V
LADCP WARNINGS                               
 warning instruments have no fixed ping rate 
 
 LADCP processing warnings: 
==> STEP 17 TOOK 0.4 seconds
#################### step 18: SAVE OUTPUT ############################
 save results 
