LDEO LADCP software: Version IX_10
#################### step 1: LOAD LADCP DATA #########################
LOADING CHECKPOINT checkpoints/025_0
RE-LOADING PER-CAST PARAMETERS
[Warning: Directory already exists.] 
[> In <a href="matlab: opentoline('U:\LADCP\HUD2014017_Flem\proc\set_cast_params.m',38,1)">set_cast_params at 38</a>
  In <a href="matlab: opentoline('U:\LADCP\HUD2014017_Flem\begin_processing_step.m',23,1)">begin_processing_step at 23</a>
  In <a href="matlab: opentoline('U:\LADCP\HUD2014017_Flem\process_cast.m',162,1)">process_cast at 162</a>] 
LOADRDI:
 loading down-data raw/025AD000.000
 DETECTED BEAM coordinates: rotating to EARTH coordinates
 3666 3-beam solutions calculated (7% of total)
 read 5584 ensembles with 20 bins each
 DETECTED BEAM bottom track coordinates!
 0 3-beam solutions calculated (0% of total)
 loading up-data raw/025AU000.000
 DETECTED BEAM coordinates: rotating to EARTH coordinates
 3456 3-beam solutions calculated (6% of total)
 read 5582 ensemble and 20 bins 
 WARNING WARNING WARNING WARNING WARNING WARNING WARNING WARNING 
 warning instruments have no fixed ping rate 
  down dt for common ping number:2.4028  up dt :2.4049 hours 
 find best time match of up-looking ADCP to down looking ADCP
 up instrument is different by 0 ensembles
 WARNING WARNING WARNING WARNING WARNING WARNING WARNING WARNING 
 bestlag removed 159 spikes
 try to shift timeseries by lag: 1 correlation: 0.99319
 shift ADCP timeseries by 1 ensembles
 number of joint ensembles is : 5583
 found 1052 finite RDI bottom velocities
 removed 2 values because of error velocity > 0.5 m/s
 removed 116 bottom-track values because of error velocity > 0.5 m/s
 removed  35 values ( 0.63 %) because of horizontal speed > 2.5 m/s
 **  found  19 ( 0.34 %) horizontal velocities > 2.5 m/s in middle hour of cast
** WARNING  check maximum velocity setting on CMD-file   ** 
 using whole profile since no start time was given
 removed 9 profiles due to tilt derivative > 4 degrees
 multiply weight of bin 1 by 0
 Outlier discarded 5851 bins down looking
 Outlier discarded 128 bottom track
 Outlier discarded 2813 bins up looking
 found local lookup table for serial # to instid 
 FINDLOG: search near file: raw/025AD000.000
 READSERIAL_WH: parse file raw/025AD000.LOG
 serial number is : 16389
 down looking serial number is : 16389
 FINDLOG: search near file: raw/025AU000.000
 READSERIAL_WH: parse file raw/025AU000.LOG
 serial number is : 13984
   up looking serial number is : 13984
==> STEP 1 TOOK 159.7 seconds
#################### step 2: FIX LADCP-DATA PROBLEMS #################
==> STEP 2 TOOK 0.0 seconds
#################### step 3: LOAD GPS DATA ###########################
LOADNAV: load NAV time series CTD/017a025.cnv
 number of NAV scans: 5614  delta t : 0.99999 seconds
executing magdec -45.8729 48.9779 2014 7 6
 corrected for magnetic declination of -17.8 deg
==> STEP 3 TOOK 2.2 seconds
#################### step 4: GET BOTTOM-TRACK DATA ###################
GETBTRACK creates own bottom track in addition to RDI
  in: p.btrk_mode 3 and p.btrk_used 1
 using increased bottom echo amplitudes to create bottom track
 localmax2: found 2754 valid values
 found 64 bottom depth below btrk_range 50
 use 0.5 bins below maximum target strength for own bottom track velocity
 created 1552 bottom distances keeping original
 removed 97 bottom track profiles W_btrk - W_ref difference > 0.05
 boutlier removed 24 bottom track velocities 
 created 762 bottom track velocities keeping original
 out: p.btrk_mode 3 and p.btrk_used 1
==> STEP 4 TOOK 1.2 seconds
#################### step 5: LOAD CTD PROFILE ########################
==> STEP 5 TOOK 0.0 seconds
#################### step 6: LOAD CTD TIME SERIES ####################
LOADCTD: load CTD time series CTD/017a025.cnv
 read 5614 CTD scans; median delta_t = 1.00 seconds
 interpolated to 5613 CTD scans; delta_t = 1.00 seconds
 90% LADCP depth  2283 at 06-Jul-2014 19:47:00
 90% CTD pressure 2315 at 06-Jul-2014 19:07:03
 adjusting GPS time to CTD time (+2396 seconds)
 Changed Start Time : 06-Jul-2014 18:21:03  to 06-Jul-2014 19:07:12
 Changed End   Time : 06-Jul-2014 20:45:15  to 06-Jul-2014 20:36:46
 median CTD time difference 0.99999 s
 removed 0 pressure spikes
 use 1 time base for W_ctd
 CTD max depth : 2535
 bestlag removed 11 spikes
 lag: 10  correlation: 0.94477
 bestlag removed 39 spikes
 lag: 10  correlation: 0.95915
 bestlag removed 18 spikes
 lag: 10  correlation: 0.93706
 bestlag removed 17 spikes
 lag: 10  correlation: 0.95591
 bestlag removed 32 spikes
 lag: 10  correlation: 0.97698
 bestlag removed 19 spikes
 lag: 10  correlation: 0.96225
 bestlag removed 20 spikes
 lag: 10  correlation: 0.94491
 bestlag removed 15 spikes
 lag: 10  correlation: 0.9396
 bestlag removed 37 spikes
 lag: 10  correlation: 0.95875
 bestlag removed 19 spikes
 lag: 10  correlation: 0.93368
 bestlag removed 37 spikes
 lag: 10  correlation: 0.95308
 median lag 10
 most popular lag 10
 best correlated lag 10
 BESTTLAG:  lag is: 10  for which 110% of 10 lags agree
 best lag W: 10 CTD scans ~ -10 seconds  corr:0.97698
 adjust ADCP time to CTD time and shift depth record 
 made CTD profile from time series data. 
 update start pos  from:NaN°N     NaN'  NaN°E     NaN'
			to:48°N 58.4580'   45°W 52.3932'
 update end pos    from:NaN°N     NaN'  NaN°E     NaN'
			to:48°N 58.9800'   45°W 52.2948'
==> STEP 6 TOOK 2.3 seconds
#################### step 7: FIND SURFACE & SEA BED ##################
GETDPTHI: Depth from vertical velocity inverse method
 starting run 1 to get LADCP depth
 take soundspeed from CTD profile 
 correct velocities for sound speed 
 use CTD time series depth, will not do depth inversion 
 LADCP minus CTD depth mean: -4.7695  std: 5.3567
 maximum depth from int W is :2535
 should be                   :2535
  bottom found at 2542 +/- 0 m
 correct bin length for sound speed
 removing 1433 values below bottom
==> STEP 7 TOOK 2.1 seconds
#################### step 8: APPLY PITCH/ROLL CORRECTIONS ############
==> STEP 8 TOOK 0.0 seconds
#################### step 9: EDIT DATA ###############################
 bin masking               : set 3690 weights to NaN
 side-lobe contamination   : set 1227 weights to NaN
==> STEP 9 TOOK 0.3 seconds
#################### step 10: FORM SUPER ENSEMBLES ###################
PREPINV: prepare data for inversion, form Super-Ensembles
 average profiles over (p.avdz) 9.8803 meter
 discarded 2 bottom tracks velocities because of height above bottom < 50
 reduce weight for larger tilts 0.5 at 10 degree
 mean compass offset based on velocity is 0.12404 deg
 mean compass offset based on tilt is 0.31444 deg
 rot up2down use mean up/down compass
 will not correct for sound speed twice
 remove reference velocity and average ensembles 
 Outlier discarded 337 bins down looking
 Outlier discarded 398 bins up looking
 found 0 bottom track std==0 set to 0.1 m/s
 found 26 finite bottom track ensembles
 discarded 0 bottom tracks velocities because of wstd  > 0.16954
 set 52 weight values to nan  because super ensemble std =0 
 set 69 values to minimum super ensemble std 0.036628
 reduced ensemble size is 413
==> STEP 10 TOOK 13.5 seconds
#################### step 11: REMOVE SUPER-ENSEMBLE OUTLIERS #########
==> STEP 11 TOOK 2.2 seconds
#################### step 12: RE-FORM SUPER ENSEMBLES ################
 mean compass offset based on tilt is 0.31444 deg
 remove first guess ocean velocity from raw data
 adjusted for velocity offset in up and down looking ADCP
 remove first guess ocean velocity from raw data
 rot up2down use mean up/down compass
 rotated earlier, use difference 
 will not correct for sound speed twice
 remove reference velocity and average ensembles 
 Outlier discarded 335 bins down looking
 Outlier discarded 389 bins up looking
 found 0 bottom track std==0 set to 0.1 m/s
 found 26 finite bottom track ensembles
 discarded 0 bottom tracks velocities because of wstd  > 0.16954
 set 58 weight values to nan  because super ensemble std =0 
 set 66 values to minimum super ensemble std 0.036628
 reduced ensemble size is 413
==> STEP 12 TOOK 11.2 seconds
#################### step 13: (RE-)LOAD SADCP DATA ###################
LOADSADCP: load SADCP data file SADCP/SADCP_hud2014017.mat
 found 6 SADCP profiles 
==> STEP 13 TOOK 0.3 seconds
#################### step 14: CALCULATE INVERSE SOLUTION #############
GETINV:  compute best velocity profile
 Barotropic velocity error 0.011165 [m/s]
 super ensemble velocity error 0.020373 [m/s]
 set velocity error to:0.036539 [m/s]
 vertical resolution (ps.dz) is 9.8809 [m]
 use super ensemble std based weights normalized by 0.036539 m/s 
 preaveraged GPS ships vel 1 times 
 remove 718 constaints below minimum weight 
 smooth Ocean velocity profile
 found 3 ill constrained elements will smooth 
 smooth CTD velocity profile
 no smoothness constraint applied 
 bottom inversion 
 26 bottom track ctd-vel weights of about : 1.2194
 weight for bottom track is (ps.botfac) 1
 mean sadcp weight : 1.0047
 weight for SADCP vel is (ps.sadcpfac) 1
 lainbaro: 3% of profile have no useful data 
 normalized barotropic constrain weight: 2.7132
 mean individual ctd velocity weight : 193.29
 ready for inversion  length of  d:  10884
           (CTD vel)  length of A1:    413
         (ocean vel)  length of A2:    256
Moore-Penrose inverse
 solve only down trace
 smooth Ocean velocity profile
 found 3 ill constrained elements will smooth 
 smooth CTD velocity profile
 no smoothness constraint applied 
Moore-Penrose inverse w/o errors
 solve only up trace
 smooth Ocean velocity profile
 found 2 ill constrained elements will smooth 
 smooth CTD velocity profile
 no smoothness constraint applied 
Moore-Penrose inverse w/o errors
CHECKINV all values are given in [m/s] 
 Velocity profile error:  0.035  should be about noise:  0.026
 Check bottom track rms:  0.025  should be smaller than  0.086 /  1.000
 Check SADCP        rms:  0.015  should be smaller than  0.038 /  1.000
 GPS-LADCP ship spd diff: 0.003  should be smaller than  0.011 /  1.000
 use reference layer W
CHECKBTRK: check bottom track against U_ctd solution 
 profiles within give acceptable range: 349
  U bias : 0.001 [m/s]  std: 0.076 [m/s]
  V bias :-0.001 [m/s]  std: 0.046 [m/s]
  W bias : 0.011 [m/s]  std: 0.021 [m/s]
  W slope fact :0.0069 [1/m] lower W below bottom 
  W diff :0.2365 [m/s] ping to ping w difference 
  H std :   2.2 [m]  large means bottom is rough/sloped
  Tilt mean :3.2 +/- 1.0 [^o]  
==> STEP 14 TOOK 6.1 seconds
#################### step 15: CALCULATE SHEAR SOLUTION ###############
GETSHEAR2: average shear profile over (ps.dz) 9.8809 [m]
 maximum std (stdf) 2 of data 
 minimum weight  0.1 of data 
 will use 100 % of data 
 increased error because of shear - inverse difference
==> STEP 15 TOOK 0.6 seconds
#################### step 16: CALCULATE DIFFUSIVITY PROFILE ##########
==> STEP 16 TOOK 0.0 seconds
#################### step 17: PLOT RESULTS & SHOW WARNINGS ###########
 do not know calibration of this instrument make a guess: 
 Battery Voltage is 52 V
LADCP WARNINGS                               
 warning instruments have no fixed ping rate 
 
 LADCP processing warnings: 
==> STEP 17 TOOK 0.6 seconds
#################### step 18: SAVE OUTPUT ############################
 save results 
