LDEO LADCP software: Version IX_10
#################### step 1: LOAD LADCP DATA #########################
LOADING CHECKPOINT checkpoints/029_0
RE-LOADING PER-CAST PARAMETERS
[Warning: Directory already exists.] 
[> In <a href="matlab: opentoline('U:\LADCP\HUD2013021_Flem_softwareUPDATE\proc\set_cast_params.m',38,1)">set_cast_params at 38</a>
  In <a href="matlab: opentoline('U:\LADCP\HUD2013021_Flem_softwareUPDATE\begin_processing_step.m',23,1)">begin_processing_step at 23</a>
  In <a href="matlab: opentoline('U:\LADCP\HUD2013021_Flem_softwareUPDATE\process_cast.m',162,1)">process_cast at 162</a>] 
LOADRDI:
 loading down-data raw/029AD000.000
 read 2405 ensembles with 20 bins each
 loading up-data raw/029AU000.000
 read 2409 ensemble and 20 bins 
 WARNING WARNING WARNING WARNING WARNING WARNING WARNING WARNING 
 warning instruments have no fixed ping rate 
  down dt for common ping number:1.0349  up dt :1.0384 hours 
 find best time match of up-looking ADCP to down looking ADCP
 up instrument is different by 1 ensembles
 WARNING WARNING WARNING WARNING WARNING WARNING WARNING WARNING 
 bestlag removed 81 spikes
 try to shift timeseries by lag: 0 correlation: 0.98038
 shift ADCP timeseries by 0 ensembles
 number of joint ensembles is : 2405
 found 345 finite RDI bottom velocities
 removed 1189 values because of error velocity > 0.5 m/s
 removed 24 bottom-track values because of error velocity > 0.5 m/s
 removed  22 values ( 0.91 %) because of horizontal speed > 2.5 m/s
 **  found  13 ( 0.54 %) horizontal velocities > 2.5 m/s in middle hour of cast
** WARNING  check maximum velocity setting on CMD-file   ** 
 using whole profile since no start time was given
 removed 43 profiles due to tilt derivative > 4 degrees
 multiply weight of bin 1 by 0
 Outlier discarded 2200 bins down looking
 Outlier discarded 24 bottom track
 Outlier discarded 1184 bins up looking
 found local lookup table for serial # to instid 
 FINDLOG: search near file: raw/029AD000.000
 READSERIAL_WH: parse file raw/029AD000.LOG
 serial number is : 16389
 down looking serial number is : 16389
 FINDLOG: search near file: raw/029AU000.000
 READSERIAL_WH: parse file raw/029AU000.LOG
 serial number is : 13984
   up looking serial number is : 13984
==> STEP 1 TOOK 67.4 seconds
#################### step 2: FIX LADCP-DATA PROBLEMS #################
==> STEP 2 TOOK 0.0 seconds
#################### step 3: LOAD GPS DATA ###########################
LOADNAV: load NAV time series CTD/021a029.cnv
 number of NAV scans: 2312  delta t : 0.99999 seconds
executing magdec -46.1527 47.9755 2013 7 3
 corrected for magnetic declination of -17.7 deg
==> STEP 3 TOOK 2.7 seconds
#################### step 4: GET BOTTOM-TRACK DATA ###################
GETBTRACK creates own bottom track in addition to RDI
  in: p.btrk_mode 3 and p.btrk_used 1
 using increased bottom echo amplitudes to create bottom track
 localmax2: found 1195 valid values
 found 49 bottom depth below btrk_range 50
 use 0.5 bins below maximum target strength for own bottom track velocity
 created 622 bottom distances keeping original
 removed 54 bottom track profiles W_btrk - W_ref difference > 0.05
 boutlier removed 7 bottom track velocities 
 created 422 bottom track velocities keeping original
 out: p.btrk_mode 3 and p.btrk_used 1
==> STEP 4 TOOK 0.6 seconds
#################### step 5: LOAD CTD PROFILE ########################
==> STEP 5 TOOK 0.0 seconds
#################### step 6: LOAD CTD TIME SERIES ####################
LOADCTD: load CTD time series CTD/021a029.cnv
 read 2312 CTD scans; median delta_t = 1.00 seconds
 interpolated to 2311 CTD scans; delta_t = 1.00 seconds
 90% LADCP depth  956 at 03-Jul-2013 02:39:38
 90% CTD pressure 970 at 03-Jul-2013 02:28:00
 adjusting GPS time to CTD time (+698 seconds)
 Changed Start Time : 03-Jul-2013 02:02:25  to 03-Jul-2013 02:23:47
 Changed End   Time : 03-Jul-2013 03:04:31  to 03-Jul-2013 02:58:47
 median CTD time difference 0.99999 s
 removed 0 pressure spikes
 use 1 time base for W_ctd
 CTD max depth : 1066
 bestlag removed 13 spikes
 lag: 0  correlation: 0.94213
 bestlag removed 22 spikes
 lag: 0  correlation: 0.9595
 bestlag removed 17 spikes
 lag: 0  correlation: 0.97411
 bestlag removed 19 spikes
 lag: 0  correlation: 0.9645
 bestlag removed 16 spikes
 lag: 0  correlation: 0.94527
 median lag 0
 most popular lag 0
 best correlated lag 0
 BESTTLAG:  lag is: 0  for which 125% of 4 lags agree
 best lag W: 0 CTD scans ~ 0 seconds  corr:0.97411
 adjust ADCP time to CTD time and shift depth record 
 made CTD profile from time series data. 
 update start pos  from:NaN°N     NaN'  NaN°E     NaN'
			to:47°N 58.5337'   46°W  9.2034'
 update end pos    from:NaN°N     NaN'  NaN°E     NaN'
			to:47°N 58.5300'   46°W  9.1807'
==> STEP 6 TOOK 4.4 seconds
#################### step 7: FIND SURFACE & SEA BED ##################
GETDPTHI: Depth from vertical velocity inverse method
 starting run 1 to get LADCP depth
 take soundspeed from CTD profile 
 correct velocities for sound speed 
 use CTD time series depth, will not do depth inversion 
 LADCP minus CTD depth mean: -1.5038  std: 2.246
 maximum depth from int W is :1066
 should be                   :1066
  bottom found at 1073 +/- 1 m
 correct bin length for sound speed
 removing 506 values below bottom
==> STEP 7 TOOK 1.4 seconds
#################### step 8: APPLY PITCH/ROLL CORRECTIONS ############
==> STEP 8 TOOK 0.0 seconds
#################### step 9: EDIT DATA ###############################
 bin masking               : set 2321 weights to NaN
 side-lobe contamination   : set 847 weights to NaN
 spike filter              : set 8 weights to NaN
==> STEP 9 TOOK 0.3 seconds
#################### step 10: FORM SUPER ENSEMBLES ###################
PREPINV: prepare data for inversion, form Super-Ensembles
 average profiles over (p.avdz) 9.808 meter
 reduce weight for larger tilts 0.5 at 10 degree
 mean compass offset based on velocity is -1.285 deg
 mean compass offset based on tilt is -1.5001 deg
 rot up2down use mean up/down compass
 will not correct for sound speed twice
 remove reference velocity and average ensembles 
 Outlier discarded 173 bins down looking
 Outlier discarded 210 bins up looking
 found 1 bottom track std==0 set to 0.1 m/s
 found 25 finite bottom track ensembles
 discarded 0 bottom tracks velocities because of wstd  > 0.27242
 set 22 weight values to nan  because super ensemble std =0 
 set 69 values to minimum super ensemble std 0.048257
 reduced ensemble size is 171
==> STEP 10 TOOK 4.1 seconds
#################### step 11: REMOVE SUPER-ENSEMBLE OUTLIERS #########
==> STEP 11 TOOK 5.6 seconds
#################### step 12: RE-FORM SUPER ENSEMBLES ################
 mean compass offset based on tilt is -1.5001 deg
 remove first guess ocean velocity from raw data
 adjusted for velocity offset in up and down looking ADCP
 remove first guess ocean velocity from raw data
 rot up2down use mean up/down compass
 rotated earlier, use difference 
 will not correct for sound speed twice
 remove reference velocity and average ensembles 
 Outlier discarded 169 bins down looking
 Outlier discarded 206 bins up looking
 found 1 bottom track std==0 set to 0.1 m/s
 found 25 finite bottom track ensembles
 discarded 0 bottom tracks velocities because of wstd  > 0.27242
 set 23 weight values to nan  because super ensemble std =0 
 set 67 values to minimum super ensemble std 0.048257
 reduced ensemble size is 171
==> STEP 12 TOOK 4.5 seconds
#################### step 13: (RE-)LOAD SADCP DATA ###################
LOADSADCP: load SADCP data file SADCP/SADCP_hud2013021.mat
 found 2 SADCP profiles 
==> STEP 13 TOOK 0.2 seconds
#################### step 14: CALCULATE INVERSE SOLUTION #############
GETINV:  compute best velocity profile
 Barotropic velocity error 0.028571 [m/s]
 super ensemble velocity error 0.028441 [m/s]
 set velocity error to:0.039287 [m/s]
 vertical resolution (ps.dz) is 9.8086 [m]
 use super ensemble std based weights normalized by 0.039287 m/s 
 preaveraged GPS ships vel 1 times 
 remove 708 constaints below minimum weight 
 smooth Ocean velocity profile
 found 2 ill constrained elements will smooth 
 smooth CTD velocity profile
 no smoothness constraint applied 
 bottom inversion 
 25 bottom track ctd-vel weights of about : 1.926
 weight for bottom track is (ps.botfac) 1
 mean sadcp weight : 0.95219
 weight for SADCP vel is (ps.sadcpfac) 1
 normalized barotropic constrain weight: 1.375
 mean individual ctd velocity weight : 59.9597
 ready for inversion  length of  d:   4701
           (CTD vel)  length of A1:    171
         (ocean vel)  length of A2:    108
Moore-Penrose inverse
 solve only down trace
 smooth Ocean velocity profile
 found 2 ill constrained elements will smooth 
 smooth CTD velocity profile
 no smoothness constraint applied 
Moore-Penrose inverse w/o errors
 solve only up trace
 smooth Ocean velocity profile
 found 2 ill constrained elements will smooth 
 smooth CTD velocity profile
 found 1 ill constrained elements will smooth 
Moore-Penrose inverse w/o errors
CHECKINV all values are given in [m/s] 
 Velocity profile error:  0.038  should be about noise:  0.028
 Check bottom track rms:  0.015  should be smaller than  0.074 /  1.000
 Check SADCP        rms:  0.032  should be smaller than  0.058 /  1.000
 GPS-LADCP ship spd diff: 0.004  should be smaller than  0.029 /  1.000
 use reference layer W
CHECKBTRK: check bottom track against U_ctd solution 
 profiles within give acceptable range: 304
  U bias :-0.002 [m/s]  std: 0.053 [m/s]
  V bias : 0.009 [m/s]  std: 0.047 [m/s]
  W bias : 0.010 [m/s]  std: 0.025 [m/s]
  W slope fact :0.0082 [1/m] lower W below bottom 
  W diff :0.4376 [m/s] ping to ping w difference 
  H std :   1.1 [m]  large means bottom is rough/sloped
  Tilt mean :2.5 +/- 1.1 [^o]  
==> STEP 14 TOOK 4.7 seconds
#################### step 15: CALCULATE SHEAR SOLUTION ###############
GETSHEAR2: average shear profile over (ps.dz) 9.8086 [m]
 maximum std (stdf) 2 of data 
 minimum weight  0.1 of data 
 will use 100 % of data 
==> STEP 15 TOOK 0.2 seconds
#################### step 16: CALCULATE DIFFUSIVITY PROFILE ##########
==> STEP 16 TOOK 0.0 seconds
#################### step 17: PLOT RESULTS & SHOW WARNINGS ###########
 do not know calibration of this instrument make a guess: 
 Battery Voltage is 52.7 V
LADCP WARNINGS                               
 warning instruments have no fixed ping rate 
 
 LADCP processing warnings: 
==> STEP 17 TOOK 0.6 seconds
#################### step 18: SAVE OUTPUT ############################
 save results 
