LDEO LADCP software: Version IX_10
#################### step 1: LOAD LADCP DATA #########################
LOADING CHECKPOINT checkpoints/048_0
RE-LOADING PER-CAST PARAMETERS
{Warning: Directory already exists.} 
{> In <a href="matlab: opentoline('U:\LADCP\HUD2014017_Flem\proc\set_cast_params.m',38,1)">set_cast_params at 38</a>
  In <a href="matlab: opentoline('U:\LADCP\HUD2014017_Flem\begin_processing_step.m',23,1)">begin_processing_step at 23</a>
  In <a href="matlab: opentoline('U:\LADCP\HUD2014017_Flem\process_cast.m',162,1)">process_cast at 162</a>} 
LOADRDI:
 loading down-data raw/048AD000.000
 DETECTED BEAM coordinates: rotating to EARTH coordinates
 712 3-beam solutions calculated (6% of total)
 read 1397 ensembles with 20 bins each
 DETECTED BEAM bottom track coordinates!
 0 3-beam solutions calculated (0% of total)
 loading up-data raw/048AU000.000
 DETECTED BEAM coordinates: rotating to EARTH coordinates
 607 3-beam solutions calculated (6% of total)
 read 1394 ensemble and 20 bins 
 WARNING WARNING WARNING WARNING WARNING WARNING WARNING WARNING 
 warning instruments have no fixed ping rate 
  down dt for common ping number:0.59969  up dt :0.60187 hours 
 find best time match of up-looking ADCP to down looking ADCP
 up instrument is different by 0 ensembles
 WARNING WARNING WARNING WARNING WARNING WARNING WARNING WARNING 
 bestlag removed 75 spikes
 try to shift timeseries by lag: 1 correlation: 0.99419
 shift ADCP timeseries by 1 ensembles
 number of joint ensembles is : 1396
 found 434 finite RDI bottom velocities
 removed 2 values because of error velocity > 0.5 m/s
 removed 19 bottom-track values because of error velocity > 0.5 m/s
 using whole profile since no start time was given
 multiply weight of bin 1 by 0
 Outlier discarded 1354 bins down looking
 Outlier discarded 52 bottom track
 Outlier discarded 652 bins up looking
 found local lookup table for serial # to instid 
 FINDLOG: search near file: raw/048AD000.000
 READSERIAL_WH: parse file raw/048AD000.LOG
 serial number is : 16389
 down looking serial number is : 16389
 FINDLOG: search near file: raw/048AU000.000
 READSERIAL_WH: parse file raw/048AU000.LOG
 serial number is : 13984
   up looking serial number is : 13984
==> STEP 1 TOOK 36.5 seconds
#################### step 2: FIX LADCP-DATA PROBLEMS #################
==> STEP 2 TOOK 0.0 seconds
#################### step 3: LOAD GPS DATA ###########################
LOADNAV: load NAV time series CTD/017a048.cnv
 number of NAV scans: 1222  delta t : 0.99999 seconds
executing magdec -47.2805 47.0778 2014 7 11
 corrected for magnetic declination of -17.5 deg
==> STEP 3 TOOK 1.0 seconds
#################### step 4: GET BOTTOM-TRACK DATA ###################
GETBTRACK creates own bottom track in addition to RDI
  in: p.btrk_mode 3 and p.btrk_used 1
 using increased bottom echo amplitudes to create bottom track
 localmax2: found 602 valid values
 found 32 bottom depth below btrk_range 50
 use 0.5 bins below maximum target strength for own bottom track velocity
 created 333 bottom distances keeping original
 removed 30 bottom track profiles W_btrk - W_ref difference > 0.05
 boutlier removed 4 bottom track velocities 
 created 248 bottom track velocities keeping original
 out: p.btrk_mode 3 and p.btrk_used 1
==> STEP 4 TOOK 0.3 seconds
#################### step 5: LOAD CTD PROFILE ########################
==> STEP 5 TOOK 0.0 seconds
#################### step 6: LOAD CTD TIME SERIES ####################
LOADCTD: load CTD time series CTD/017a048.cnv
 read 1222 CTD scans; median delta_t = 1.00 seconds
 interpolated to 1221 CTD scans; delta_t = 1.00 seconds
 90% LADCP depth  373 at 11-Jul-2014 07:40:08
 90% CTD pressure 374 at 11-Jul-2014 07:30:21
 adjusting GPS time to CTD time (+586 seconds)
 Changed Start Time : 11-Jul-2014 07:17:56  to 11-Jul-2014 07:32:29
 Changed End   Time : 11-Jul-2014 07:53:58  to 11-Jul-2014 07:49:36
 median CTD time difference 0.99999 s
 removed 0 pressure spikes
 use 1 time base for W_ctd
 CTD max depth : 412
 bestlag removed 14 spikes
 lag: 1  correlation: 0.97832
 lag: 1  correlation: 0.99818
 bestlag removed 22 spikes
 lag: 1  correlation: 0.99486
 bestlag removed 14 spikes
 lag: 1  correlation: 0.98751
 median lag 1
 most popular lag 1
 best correlated lag 1
 BESTTLAG:  lag is: 1  for which 133% of 3 lags agree
 best lag W: 1 CTD scans ~ -1 seconds  corr:0.99818
 adjust ADCP time to CTD time and shift depth record 
 made CTD profile from time series data. 
 update start pos  from:NaN°N     NaN'  NaN°E     NaN'
			to:47°N  4.6992'   47°W 16.8756'
 update end pos    from:NaN°N     NaN'  NaN°E     NaN'
			to:47°N  4.6416'   47°W 16.8000'
==> STEP 6 TOOK 0.9 seconds
#################### step 7: FIND SURFACE & SEA BED ##################
GETDPTHI: Depth from vertical velocity inverse method
 starting run 1 to get LADCP depth
 take soundspeed from CTD profile 
 correct velocities for sound speed 
 use CTD time series depth, will not do depth inversion 
 LADCP minus CTD depth mean: 0.031821  std: 1.0197
 maximum depth from int W is :412
 should be                   :412
  bottom found at 417 +/- 0 m
 correct bin length for sound speed
 removing 824 values below bottom
==> STEP 7 TOOK 1.0 seconds
#################### step 8: APPLY PITCH/ROLL CORRECTIONS ############
==> STEP 8 TOOK 0.0 seconds
#################### step 9: EDIT DATA ###############################
 bin masking               : set 1020 weights to NaN
 side-lobe contamination   : set 1428 weights to NaN
==> STEP 9 TOOK 0.3 seconds
#################### step 10: FORM SUPER ENSEMBLES ###################
PREPINV: prepare data for inversion, form Super-Ensembles
 average profiles over (p.avdz) 9.869 meter
 discarded 1 bottom tracks velocities because of height above bottom < 50
 reduce weight for larger tilts 0.5 at 10 degree
 mean compass offset based on velocity is 0.50382 deg
 mean compass offset based on tilt is -0.22663 deg
 rot up2down use mean up/down compass
 will not correct for sound speed twice
 remove reference velocity and average ensembles 
 Outlier discarded 34 bins down looking
 Outlier discarded 44 bins up looking
 found 1 bottom track std==0 set to 0.1 m/s
 found 25 finite bottom track ensembles
 discarded 2 bottom tracks velocities because of wstd  > 0.09194
 set 9 weight values to nan  because super ensemble std =0 
 set 7 values to minimum super ensemble std 0.034761
 reduced ensemble size is 67
==> STEP 10 TOOK 1.7 seconds
#################### step 11: REMOVE SUPER-ENSEMBLE OUTLIERS #########
==> STEP 11 TOOK 0.7 seconds
#################### step 12: RE-FORM SUPER ENSEMBLES ################
 mean compass offset based on tilt is -0.22663 deg
 remove first guess ocean velocity from raw data
 adjusted for velocity offset in up and down looking ADCP
 remove first guess ocean velocity from raw data
 rot up2down use mean up/down compass
 rotated earlier, use difference 
 will not correct for sound speed twice
 remove reference velocity and average ensembles 
 Outlier discarded 33 bins down looking
 Outlier discarded 45 bins up looking
 found 1 bottom track std==0 set to 0.1 m/s
 found 25 finite bottom track ensembles
 discarded 2 bottom tracks velocities because of wstd  > 0.09194
 set 9 weight values to nan  because super ensemble std =0 
 set 8 values to minimum super ensemble std 0.034761
 reduced ensemble size is 67
==> STEP 12 TOOK 1.9 seconds
#################### step 13: (RE-)LOAD SADCP DATA ###################
LOADSADCP: load SADCP data file SADCP/SADCP_hud2014017.mat
 found 1 SADCP profiles 
==> STEP 13 TOOK 0.2 seconds
#################### step 14: CALCULATE INVERSE SOLUTION #############
GETINV:  compute best velocity profile
 Barotropic velocity error 0.058423 [m/s]
 super ensemble velocity error 0.015575 [m/s]
 set velocity error to:0.042766 [m/s]
 vertical resolution (ps.dz) is 9.8223 [m]
 use super ensemble std based weights normalized by 0.042766 m/s 
 preaveraged GPS ships vel 1 times 
 remove 715 constaints below minimum weight 
 smooth Ocean velocity profile
 found 2 ill constrained elements will smooth 
 smooth CTD velocity profile
 no smoothness constraint applied 
 bottom inversion 
 23 bottom track ctd-vel weights of about : 3.2504
 weight for bottom track is (ps.botfac) 1
 mean sadcp weight : 0.42766
 weight for SADCP vel is (ps.sadcpfac) 1
 normalized barotropic constrain weight: 0.732
 mean individual ctd velocity weight : 22.2372
 ready for inversion  length of  d:   1483
           (CTD vel)  length of A1:     67
         (ocean vel)  length of A2:     41
Moore-Penrose inverse
 solve only down trace
 smooth Ocean velocity profile
 found 1 ill constrained elements will smooth 
 smooth CTD velocity profile
 no smoothness constraint applied 
Moore-Penrose inverse w/o errors
 solve only up trace
 smooth Ocean velocity profile
 found 2 ill constrained elements will smooth 
 smooth CTD velocity profile
 no smoothness constraint applied 
Moore-Penrose inverse w/o errors
CHECKINV all values are given in [m/s] 
 Velocity profile error:  0.043  should be about noise:  0.024
 Check bottom track rms:  0.009  should be smaller than  0.055 /  1.000
 Check SADCP        rms:  0.033  should be smaller than  0.100 /  1.000
 GPS-LADCP ship spd diff: 0.003  should be smaller than  0.058 /  1.000
 use reference layer W
CHECKBTRK: check bottom track against U_ctd solution 
 profiles within give acceptable range: 364
  U bias :-0.007 [m/s]  std: 0.043 [m/s]
  V bias :-0.008 [m/s]  std: 0.047 [m/s]
  W bias : 0.012 [m/s]  std: 0.014 [m/s]
  W slope fact :0.0054 [1/m] lower W below bottom 
  W diff :0.1316 [m/s] ping to ping w difference 
  H std :   0.8 [m]  large means bottom is rough/sloped
  Tilt mean :2.1 +/- 1.0 [^o]  
==> STEP 14 TOOK 4.8 seconds
#################### step 15: CALCULATE SHEAR SOLUTION ###############
GETSHEAR2: average shear profile over (ps.dz) 9.8223 [m]
 maximum std (stdf) 2 of data 
 minimum weight  0.1 of data 
 will use 100 % of data 
 increased error because of shear - inverse difference
==> STEP 15 TOOK 0.1 seconds
#################### step 16: CALCULATE DIFFUSIVITY PROFILE ##########
==> STEP 16 TOOK 0.0 seconds
#################### step 17: PLOT RESULTS & SHOW WARNINGS ###########
 do not know calibration of this instrument make a guess: 
 Battery Voltage is 54.4 V
LADCP WARNINGS                               
 warning instruments have no fixed ping rate 
 
 LADCP processing warnings: 
==> STEP 17 TOOK 0.4 seconds
#################### step 18: SAVE OUTPUT ############################
 save results 
