LDEO LADCP software: Version IX_10
#################### step 1: LOAD LADCP DATA #########################
LOADING CHECKPOINT checkpoints/056_0
RE-LOADING PER-CAST PARAMETERS
[Warning: Directory already exists.] 
[> In <a href="matlab: opentoline('U:\LADCP\HUD2013021_Flem_softwareUPDATE\proc\set_cast_params.m',38,1)">set_cast_params at 38</a>
  In <a href="matlab: opentoline('U:\Ladcp\HUD2013021_Flem_softwareUPDATE\begin_processing_step.m',23,1)">begin_processing_step at 23</a>
  In <a href="matlab: opentoline('U:\Ladcp\HUD2013021_Flem_softwareUPDATE\process_cast.m',162,1)">process_cast at 162</a>] 
LOADRDI:
 loading down-data raw/056AD000.000
 read 1832 ensembles with 20 bins each
 loading up-data raw/056AU000.000
 read 1836 ensemble and 20 bins 
 WARNING WARNING WARNING WARNING WARNING WARNING WARNING WARNING 
 warning instruments have no fixed ping rate 
  down dt for common ping number:0.78826  up dt :0.79179 hours 
 find best time match of up-looking ADCP to down looking ADCP
 up instrument is different by 1 ensembles
 WARNING WARNING WARNING WARNING WARNING WARNING WARNING WARNING 
 bestlag removed 98 spikes
 try to shift timeseries by lag: 0 correlation: 0.99376
 shift ADCP timeseries by 0 ensembles
 number of joint ensembles is : 1832
 found 305 finite RDI bottom velocities
 removed 663 values because of error velocity > 0.5 m/s
 removed 14 bottom-track values because of error velocity > 0.5 m/s
 removed  19 values ( 1.04 %) because of horizontal speed > 2.5 m/s
 using whole profile since no start time was given
 removed 1 suspect non pinging? (low velocity gradient) ensembles from up-looker
 multiply weight of bin 1 by 0
 Outlier discarded 1341 bins down looking
 Outlier discarded 44 bottom track
 Outlier discarded 1132 bins up looking
 found local lookup table for serial # to instid 
 FINDLOG: search near file: raw/056AD000.000
 READSERIAL_WH: parse file raw/056AD000.LOG
 serial number is : 16389
 down looking serial number is : 16389
 FINDLOG: search near file: raw/056AU000.000
 READSERIAL_WH: parse file raw/056AU000.LOG
 serial number is : 13984
   up looking serial number is : 13984
==> STEP 1 TOOK 45.8 seconds
#################### step 2: FIX LADCP-DATA PROBLEMS #################
==> STEP 2 TOOK 0.0 seconds
#################### step 3: LOAD GPS DATA ###########################
LOADNAV: load NAV time series CTD/021a056.cnv
 number of NAV scans: 2394  delta t : 0.99999 seconds
executing magdec -45.4603 48.602 2013 7 5
 corrected for magnetic declination of -17.8 deg
==> STEP 3 TOOK 0.9 seconds
#################### step 4: GET BOTTOM-TRACK DATA ###################
GETBTRACK creates own bottom track in addition to RDI
  in: p.btrk_mode 3 and p.btrk_used 1
 using increased bottom echo amplitudes to create bottom track
 localmax2: found 1246 valid values
 found 37 bottom depth below btrk_range 50
 use 0.5 bins below maximum target strength for own bottom track velocity
 created 703 bottom distances keeping original
 removed 39 bottom track profiles W_btrk - W_ref difference > 0.05
 boutlier removed 11 bottom track velocities 
 created 555 bottom track velocities keeping original
 out: p.btrk_mode 3 and p.btrk_used 1
==> STEP 4 TOOK 0.5 seconds
#################### step 5: LOAD CTD PROFILE ########################
==> STEP 5 TOOK 0.0 seconds
#################### step 6: LOAD CTD TIME SERIES ####################
LOADCTD: load CTD time series CTD/021a056.cnv
 read 2394 CTD scans; median delta_t = 1.00 seconds
 interpolated to 2393 CTD scans; delta_t = 1.00 seconds
 90% LADCP depth  929 at 05-Jul-2013 09:37:01
 90% CTD pressure 929 at 05-Jul-2013 09:34:25
 adjusting GPS time to CTD time (+155 seconds)
 Changed Start Time : 05-Jul-2013 09:11:45  to 05-Jul-2013 09:20:12
 Changed End   Time : 05-Jul-2013 09:59:03  to 05-Jul-2013 09:55:22
 median CTD time difference 0.99999 s
 removed 0 pressure spikes
 use 1 time base for W_ctd
 CTD max depth : 1021
 bestlag removed 23 spikes
 lag: 1  correlation: 0.9594
 bestlag removed 17 spikes
 lag: 1  correlation: 0.93386
 bestlag removed 13 spikes
 lag: 1  correlation: 0.99445
 bestlag removed 19 spikes
 lag: 1  correlation: 0.93732
 bestlag removed 28 spikes
 lag: 1  correlation: 0.96318
 median lag 1
 most popular lag 1
 best correlated lag 1
 BESTTLAG:  lag is: 1  for which 125% of 4 lags agree
 best lag W: 1 CTD scans ~ -1 seconds  corr:0.99445
 adjust ADCP time to CTD time and shift depth record 
 made CTD profile from time series data. 
 update start pos  from:NaN°N     NaN'  NaN°E     NaN'
			to:48°N 36.1080'   45°W 27.7393'
 update end pos    from:NaN°N     NaN'  NaN°E     NaN'
			to:48°N 36.0816'   45°W 27.5724'
==> STEP 6 TOOK 1.1 seconds
#################### step 7: FIND SURFACE & SEA BED ##################
GETDPTHI: Depth from vertical velocity inverse method
 starting run 1 to get LADCP depth
 take soundspeed from CTD profile 
 correct velocities for sound speed 
 use CTD time series depth, will not do depth inversion 
 LADCP minus CTD depth mean: 0.058943  std: 0.89985
 maximum depth from int W is :1021
 should be                   :1021
  bottom found at 1025 +/- 0 m
 correct bin length for sound speed
 removing 243 values below bottom
==> STEP 7 TOOK 1.1 seconds
#################### step 8: APPLY PITCH/ROLL CORRECTIONS ############
==> STEP 8 TOOK 0.0 seconds
#################### step 9: EDIT DATA ###############################
 bin masking               : set 2459 weights to NaN
 side-lobe contamination   : set 1007 weights to NaN
 spike filter              : set 8 weights to NaN
==> STEP 9 TOOK 0.2 seconds
#################### step 10: FORM SUPER ENSEMBLES ###################
PREPINV: prepare data for inversion, form Super-Ensembles
 average profiles over (p.avdz) 9.8303 meter
 reduce weight for larger tilts 0.5 at 10 degree
 mean compass offset based on velocity is -1.0534 deg
 mean compass offset based on tilt is -1.0233 deg
 rot up2down use mean up/down compass
 will not correct for sound speed twice
 remove reference velocity and average ensembles 
 Outlier discarded 156 bins down looking
 Outlier discarded 160 bins up looking
 found 2 bottom track std==0 set to 0.1 m/s
 found 26 finite bottom track ensembles
 discarded 0 bottom tracks velocities because of wstd  > 0.1354
 set 17 weight values to nan  because super ensemble std =0 
 set 44 values to minimum super ensemble std 0.040733
 reduced ensemble size is 163
==> STEP 10 TOOK 3.8 seconds
#################### step 11: REMOVE SUPER-ENSEMBLE OUTLIERS #########
==> STEP 11 TOOK 0.7 seconds
#################### step 12: RE-FORM SUPER ENSEMBLES ################
 mean compass offset based on tilt is -1.0233 deg
 remove first guess ocean velocity from raw data
 adjusted for velocity offset in up and down looking ADCP
 remove first guess ocean velocity from raw data
 rot up2down use mean up/down compass
 rotated earlier, use difference 
 will not correct for sound speed twice
 remove reference velocity and average ensembles 
 Outlier discarded 154 bins down looking
 Outlier discarded 157 bins up looking
 found 2 bottom track std==0 set to 0.1 m/s
 found 26 finite bottom track ensembles
 discarded 0 bottom tracks velocities because of wstd  > 0.1354
 set 18 weight values to nan  because super ensemble std =0 
 set 35 values to minimum super ensemble std 0.040733
 reduced ensemble size is 163
==> STEP 12 TOOK 4.5 seconds
#################### step 13: (RE-)LOAD SADCP DATA ###################
LOADSADCP: load SADCP data file SADCP/SADCP_hud2013021.mat
 found 2 SADCP profiles 
==> STEP 13 TOOK 0.2 seconds
#################### step 14: CALCULATE INVERSE SOLUTION #############
GETINV:  compute best velocity profile
 Barotropic velocity error 0.028436 [m/s]
 super ensemble velocity error 0.020034 [m/s]
 set velocity error to:0.036138 [m/s]
 vertical resolution (ps.dz) is 9.8303 [m]
 use super ensemble std based weights normalized by 0.036138 m/s 
 preaveraged GPS ships vel 1 times 
 remove 682 constaints below minimum weight 
 smooth Ocean velocity profile
 found 2 ill constrained elements will smooth 
 smooth CTD velocity profile
 no smoothness constraint applied 
 bottom inversion 
 26 bottom track ctd-vel weights of about : 1.9999
 weight for bottom track is (ps.botfac) 1
 mean sadcp weight : 1.2341
 weight for SADCP vel is (ps.sadcpfac) 1
 normalized barotropic constrain weight: 1.2709
 mean individual ctd velocity weight : 58.2134
 ready for inversion  length of  d:   4557
           (CTD vel)  length of A1:    163
         (ocean vel)  length of A2:    102
Moore-Penrose inverse
 solve only down trace
 smooth Ocean velocity profile
 found 1 ill constrained elements will smooth 
 smooth CTD velocity profile
 no smoothness constraint applied 
Moore-Penrose inverse w/o errors
 solve only up trace
 smooth Ocean velocity profile
 found 2 ill constrained elements will smooth 
 smooth CTD velocity profile
 found 1 ill constrained elements will smooth 
Moore-Penrose inverse w/o errors
CHECKINV all values are given in [m/s] 
 Velocity profile error:  0.036  should be about noise:  0.026
 Check bottom track rms:  0.016  should be smaller than  0.066 /  1.000
 Check SADCP        rms:  0.023  should be smaller than  0.041 /  1.000
 GPS-LADCP ship spd diff: 0.002  should be smaller than  0.028 /  1.000
 use reference layer W
CHECKBTRK: check bottom track against U_ctd solution 
 profiles within give acceptable range: 320
  U bias : 0.002 [m/s]  std: 0.039 [m/s]
  V bias : 0.001 [m/s]  std: 0.043 [m/s]
  W bias : 0.011 [m/s]  std: 0.018 [m/s]
  W slope fact :0.0064 [1/m] lower W below bottom 
  W diff :0.1955 [m/s] ping to ping w difference 
  H std :   1.1 [m]  large means bottom is rough/sloped
  Tilt mean :2.3 +/- 0.7 [^o]  
==> STEP 14 TOOK 4.3 seconds
#################### step 15: CALCULATE SHEAR SOLUTION ###############
GETSHEAR2: average shear profile over (ps.dz) 9.8303 [m]
 maximum std (stdf) 2 of data 
 minimum weight  0.1 of data 
 will use 100 % of data 
==> STEP 15 TOOK 0.2 seconds
#################### step 16: CALCULATE DIFFUSIVITY PROFILE ##########
==> STEP 16 TOOK 0.0 seconds
#################### step 17: PLOT RESULTS & SHOW WARNINGS ###########
 do not know calibration of this instrument make a guess: 
 Battery Voltage is 50 V
LADCP WARNINGS                               
 warning instruments have no fixed ping rate 
 
 LADCP processing warnings: 
==> STEP 17 TOOK 0.4 seconds
#################### step 18: SAVE OUTPUT ############################
 save results 
