LDEO LADCP software: Version IX_10
#################### step 1: LOAD LADCP DATA #########################
LOADING CHECKPOINT checkpoints/035_0
RE-LOADING PER-CAST PARAMETERS
[Warning: Directory already exists.] 
[> In <a href="matlab: opentoline('U:\LADCP\HUD2013021_Flem_softwareUPDATE\proc\set_cast_params.m',38,1)">set_cast_params at 38</a>
  In <a href="matlab: opentoline('U:\LADCP\HUD2013021_Flem_softwareUPDATE\begin_processing_step.m',23,1)">begin_processing_step at 23</a>
  In <a href="matlab: opentoline('U:\LADCP\HUD2013021_Flem_softwareUPDATE\process_cast.m',162,1)">process_cast at 162</a>] 
LOADRDI:
 loading down-data raw/035AD000.000
 read 2133 ensembles with 20 bins each
 loading up-data raw/035AU000.000
 read 2053 ensemble and 20 bins 
 WARNING WARNING WARNING WARNING WARNING WARNING WARNING WARNING 
 warning instruments have no fixed ping rate 
  down dt for common ping number:0.88344  up dt :0.88698 hours 
 find best time match of up-looking ADCP to down looking ADCP
 up instrument is different by 0 ensembles
 WARNING WARNING WARNING WARNING WARNING WARNING WARNING WARNING 
 bestlag removed 68 spikes
 try to shift timeseries by lag: 0 correlation: 0.98045
 shift ADCP timeseries by 0 ensembles
 number of joint ensembles is : 2133
 found 499 finite RDI bottom velocities
 removed 1089 values because of error velocity > 0.5 m/s
 removed 20 bottom-track values because of error velocity > 0.5 m/s
 removed  15 values ( 0.70 %) because of horizontal speed > 2.5 m/s
 using whole profile since no start time was given
 removed 3 profiles due to tilt derivative > 4 degrees
 multiply weight of bin 1 by 0
 Outlier discarded 1591 bins down looking
 Outlier discarded 37 bottom track
 Outlier discarded 1110 bins up looking
 found local lookup table for serial # to instid 
 FINDLOG: search near file: raw/035AD000.000
 READSERIAL_WH: parse file raw/035AD000.LOG
 serial number is : 16389
 down looking serial number is : 16389
 FINDLOG: search near file: raw/035AU000.000
 READSERIAL_WH: parse file raw/035AU000.LOG
 serial number is : 13984
   up looking serial number is : 13984
==> STEP 1 TOOK 65.1 seconds
#################### step 2: FIX LADCP-DATA PROBLEMS #################
==> STEP 2 TOOK 0.4 seconds
#################### step 3: LOAD GPS DATA ###########################
LOADNAV: load NAV time series CTD/021a035.cnv
 number of NAV scans: 2593  delta t : 0.99999 seconds
executing magdec -46.5025 48.2685 2013 7 3
 corrected for magnetic declination of -17.9 deg
==> STEP 3 TOOK 6.3 seconds
#################### step 4: GET BOTTOM-TRACK DATA ###################
GETBTRACK creates own bottom track in addition to RDI
  in: p.btrk_mode 3 and p.btrk_used 1
 using increased bottom echo amplitudes to create bottom track
 localmax2: found 1204 valid values
 found 42 bottom depth below btrk_range 50
 use 0.5 bins below maximum target strength for own bottom track velocity
 created 662 bottom distances keeping original
 removed 47 bottom track profiles W_btrk - W_ref difference > 0.05
 boutlier removed 23 bottom track velocities 
 created 469 bottom track velocities keeping original
 out: p.btrk_mode 3 and p.btrk_used 1
==> STEP 4 TOOK 1.2 seconds
#################### step 5: LOAD CTD PROFILE ########################
==> STEP 5 TOOK 0.0 seconds
#################### step 6: LOAD CTD TIME SERIES ####################
LOADCTD: load CTD time series CTD/021a035.cnv
 read 2593 CTD scans; median delta_t = 1.00 seconds
 interpolated to 2592 CTD scans; delta_t = 1.00 seconds
 90% LADCP depth  783 at 03-Jul-2013 15:58:54
 90% CTD pressure 779 at 03-Jul-2013 15:57:06
 adjusting GPS time to CTD time (+108 seconds)
 Changed Start Time : 03-Jul-2013 15:34:39  to 03-Jul-2013 15:44:28
 Changed End   Time : 03-Jul-2013 16:29:44  to 03-Jul-2013 16:21:53
 median CTD time difference 0.99999 s
 removed 0 pressure spikes
 use 1 time base for W_ctd
 CTD max depth : 857
 bestlag removed 16 spikes
 lag: 1  correlation: 0.95229
 bestlag removed 18 spikes
 lag: 1  correlation: 0.92858
 bestlag removed 19 spikes
 lag: 1  correlation: 0.96111
 bestlag removed 13 spikes
 lag: 1  correlation: 0.97848
 bestlag removed 16 spikes
 lag: 1  correlation: 0.97762
 bestlag removed 16 spikes
 lag: 1  correlation: 0.95238
 median lag 1
 most popular lag 1
 best correlated lag 1
 BESTTLAG:  lag is: 1  for which 120% of 5 lags agree
 best lag W: 1 CTD scans ~ -1 seconds  corr:0.97848
 adjust ADCP time to CTD time and shift depth record 
 made CTD profile from time series data. 
 update start pos  from:NaN°N     NaN'  NaN°E     NaN'
			to:48°N 16.2480'   46°W 30.2004'
 update end pos    from:NaN°N     NaN'  NaN°E     NaN'
			to:48°N 15.9732'   46°W 30.0828'
==> STEP 6 TOOK 1.9 seconds
#################### step 7: FIND SURFACE & SEA BED ##################
GETDPTHI: Depth from vertical velocity inverse method
 starting run 1 to get LADCP depth
 take soundspeed from CTD profile 
 correct velocities for sound speed 
 use CTD time series depth, will not do depth inversion 
 LADCP minus CTD depth mean: -0.82943  std: 3.4045
 maximum depth from int W is :857
 should be                   :857
  bottom found at 860 +/- 0 m
 correct bin length for sound speed
 removing 591 values below bottom
==> STEP 7 TOOK 1.2 seconds
#################### step 8: APPLY PITCH/ROLL CORRECTIONS ############
==> STEP 8 TOOK 0.0 seconds
#################### step 9: EDIT DATA ###############################
 bin masking               : set 2403 weights to NaN
 side-lobe contamination   : set 1364 weights to NaN
 spike filter              : set 20 weights to NaN
==> STEP 9 TOOK 0.3 seconds
#################### step 10: FORM SUPER ENSEMBLES ###################
PREPINV: prepare data for inversion, form Super-Ensembles
 average profiles over (p.avdz) 9.8078 meter
 discarded 1 bottom tracks velocities because of height above bottom < 50
 reduce weight for larger tilts 0.5 at 10 degree
 mean compass offset based on velocity is -0.85005 deg
 mean compass offset based on tilt is -1.2013 deg
 rot up2down use mean up/down compass
 will not correct for sound speed twice
 remove reference velocity and average ensembles 
 Outlier discarded 123 bins down looking
 Outlier discarded 127 bins up looking
 found 0 bottom track std==0 set to 0.1 m/s
 found 26 finite bottom track ensembles
 discarded 0 bottom tracks velocities because of wstd  > 0.21482
 set 17 weight values to nan  because super ensemble std =0 
 set 18 values to minimum super ensemble std 0.040733
 reduced ensemble size is 138
==> STEP 10 TOOK 3.4 seconds
#################### step 11: REMOVE SUPER-ENSEMBLE OUTLIERS #########
==> STEP 11 TOOK 1.3 seconds
#################### step 12: RE-FORM SUPER ENSEMBLES ################
 mean compass offset based on tilt is -1.2013 deg
 remove first guess ocean velocity from raw data
 adjusted for velocity offset in up and down looking ADCP
 remove first guess ocean velocity from raw data
 rot up2down use mean up/down compass
 rotated earlier, use difference 
 will not correct for sound speed twice
 remove reference velocity and average ensembles 
 Outlier discarded 130 bins down looking
 Outlier discarded 123 bins up looking
 found 0 bottom track std==0 set to 0.1 m/s
 found 26 finite bottom track ensembles
 discarded 0 bottom tracks velocities because of wstd  > 0.21482
 set 17 weight values to nan  because super ensemble std =0 
 set 17 values to minimum super ensemble std 0.040733
 reduced ensemble size is 138
==> STEP 12 TOOK 3.8 seconds
#################### step 13: (RE-)LOAD SADCP DATA ###################
LOADSADCP: load SADCP data file SADCP/SADCP_hud2013021.mat
 found 3 SADCP profiles 
==> STEP 13 TOOK 0.2 seconds
#################### step 14: CALCULATE INVERSE SOLUTION #############
GETINV:  compute best velocity profile
 Barotropic velocity error 0.026726 [m/s]
 super ensemble velocity error 0.018984 [m/s]
 set velocity error to:0.034926 [m/s]
 vertical resolution (ps.dz) is 9.7894 [m]
 use super ensemble std based weights normalized by 0.034926 m/s 
 preaveraged GPS ships vel 1 times 
 remove 726 constaints below minimum weight 
 smooth Ocean velocity profile
 found 1 ill constrained elements will smooth 
 smooth CTD velocity profile
 no smoothness constraint applied 
 bottom inversion 
 26 bottom track ctd-vel weights of about : 1.5565
 weight for bottom track is (ps.botfac) 1
 mean sadcp weight : 0.81513
 weight for SADCP vel is (ps.sadcpfac) 1
 lainbaro: 7% of profile have no useful data 
 normalized barotropic constrain weight: 0.74504
 mean individual ctd velocity weight : 27.6622
 ready for inversion  length of  d:   3491
           (CTD vel)  length of A1:    138
         (ocean vel)  length of A2:     86
Moore-Penrose inverse
 solve only down trace
 smooth Ocean velocity profile
 found 2 ill constrained elements will smooth 
 smooth CTD velocity profile
 no smoothness constraint applied 
Moore-Penrose inverse w/o errors
 solve only up trace
 smooth Ocean velocity profile
 found 1 ill constrained elements will smooth 
 smooth CTD velocity profile
 no smoothness constraint applied 
Moore-Penrose inverse w/o errors
CHECKINV all values are given in [m/s] 
 Velocity profile error:  0.034  should be about noise:  0.026
 Check bottom track rms:  0.021  should be smaller than  0.085 /  1.000
 Check SADCP        rms:  0.036  should be smaller than  0.052 /  1.000
 GPS-LADCP ship spd diff: 0.002  should be smaller than  0.027 /  1.000
 use reference layer W
CHECKBTRK: check bottom track against U_ctd solution 
 profiles within give acceptable range: 454
  U bias : 0.005 [m/s]  std: 0.047 [m/s]
  V bias :-0.001 [m/s]  std: 0.078 [m/s]
  W bias : 0.012 [m/s]  std: 0.024 [m/s]
  W slope fact :0.0094 [1/m] lower W below bottom 
  W diff :0.3322 [m/s] ping to ping w difference 
  H std :   0.8 [m]  large means bottom is rough/sloped
  Tilt mean :2.7 +/- 1.1 [^o]  
==> STEP 14 TOOK 4.9 seconds
#################### step 15: CALCULATE SHEAR SOLUTION ###############
GETSHEAR2: average shear profile over (ps.dz) 9.7894 [m]
 maximum std (stdf) 2 of data 
 minimum weight  0.1 of data 
 will use 100 % of data 
==> STEP 15 TOOK 0.2 seconds
#################### step 16: CALCULATE DIFFUSIVITY PROFILE ##########
==> STEP 16 TOOK 0.0 seconds
#################### step 17: PLOT RESULTS & SHOW WARNINGS ###########
 do not know calibration of this instrument make a guess: 
 Battery Voltage is 49.8 V
LADCP WARNINGS                               
 warning instruments have no fixed ping rate 
 
 LADCP processing warnings: 
==> STEP 17 TOOK 1.3 seconds
#################### step 18: SAVE OUTPUT ############################
 save results 
