LDEO LADCP software: Version IX_10
#################### step 1: LOAD LADCP DATA #########################
LOADING CHECKPOINT checkpoints/031_0
RE-LOADING PER-CAST PARAMETERS
{Warning: Directory already exists.} 
{> In <a href="matlab: opentoline('U:\LADCP\HUD2014017_Flem\proc\set_cast_params.m',38,1)">set_cast_params at 38</a>
  In <a href="matlab: opentoline('U:\LADCP\HUD2014017_Flem\begin_processing_step.m',23,1)">begin_processing_step at 23</a>
  In <a href="matlab: opentoline('U:\LADCP\HUD2014017_Flem\process_cast.m',162,1)">process_cast at 162</a>} 
LOADRDI:
 loading down-data raw/031AD000.000
 DETECTED BEAM coordinates: rotating to EARTH coordinates
 1257 3-beam solutions calculated (5% of total)
 read 2005 ensembles with 20 bins each
 DETECTED BEAM bottom track coordinates!
 0 3-beam solutions calculated (0% of total)
 loading up-data raw/031AU000.000
 DETECTED BEAM coordinates: rotating to EARTH coordinates
 1306 3-beam solutions calculated (5% of total)
 read 2004 ensemble and 20 bins 
 WARNING WARNING WARNING WARNING WARNING WARNING WARNING WARNING 
 warning instruments have no fixed ping rate 
  down dt for common ping number:0.86231  up dt :0.86448 hours 
 find best time match of up-looking ADCP to down looking ADCP
 up instrument is different by 0 ensembles
 WARNING WARNING WARNING WARNING WARNING WARNING WARNING WARNING 
 bestlag removed 92 spikes
 try to shift timeseries by lag: 0 correlation: 0.98719
 shift ADCP timeseries by 0 ensembles
 number of joint ensembles is : 2005
 found 525 finite RDI bottom velocities
 removed 4 values because of error velocity > 0.5 m/s
 removed 28 bottom-track values because of error velocity > 0.5 m/s
 removed  10 values ( 0.50 %) because of horizontal speed > 2.5 m/s
 using whole profile since no start time was given
 multiply weight of bin 1 by 0
 Outlier discarded 2297 bins down looking
 Outlier discarded 36 bottom track
 Outlier discarded 1429 bins up looking
 found local lookup table for serial # to instid 
 FINDLOG: search near file: raw/031AD000.000
 READSERIAL_WH: parse file raw/031AD000.LOG
 serial number is : 16389
 down looking serial number is : 16389
 FINDLOG: search near file: raw/031AU000.000
 READSERIAL_WH: parse file raw/031AU000.LOG
 serial number is : 13984
   up looking serial number is : 13984
==> STEP 1 TOOK 58.3 seconds
#################### step 2: FIX LADCP-DATA PROBLEMS #################
==> STEP 2 TOOK 0.0 seconds
#################### step 3: LOAD GPS DATA ###########################
LOADNAV: load NAV time series CTD/017a031.cnv
 number of NAV scans: 2563  delta t : 0.99999 seconds
executing magdec -45.5878 48.703 2014 7 7
 corrected for magnetic declination of -17.6 deg
==> STEP 3 TOOK 1.2 seconds
#################### step 4: GET BOTTOM-TRACK DATA ###################
GETBTRACK creates own bottom track in addition to RDI
  in: p.btrk_mode 3 and p.btrk_used 1
 using increased bottom echo amplitudes to create bottom track
 localmax2: found 1275 valid values
 found 44 bottom depth below btrk_range 50
 use 0.5 bins below maximum target strength for own bottom track velocity
 created 564 bottom distances keeping original
 removed 45 bottom track profiles W_btrk - W_ref difference > 0.05
 boutlier removed 32 bottom track velocities 
 created 391 bottom track velocities keeping original
 out: p.btrk_mode 3 and p.btrk_used 1
==> STEP 4 TOOK 0.5 seconds
#################### step 5: LOAD CTD PROFILE ########################
==> STEP 5 TOOK 0.0 seconds
#################### step 6: LOAD CTD TIME SERIES ####################
LOADCTD: load CTD time series CTD/017a031.cnv
 read 2563 CTD scans; median delta_t = 1.00 seconds
 interpolated to 2562 CTD scans; delta_t = 1.00 seconds
 90% LADCP depth  994 at 07-Jul-2014 08:04:19
 90% CTD pressure 1006 at 07-Jul-2014 07:59:28
 adjusting GPS time to CTD time (+290 seconds)
 Changed Start Time : 07-Jul-2014 07:38:23  to 07-Jul-2014 07:46:38
 Changed End   Time : 07-Jul-2014 08:30:09  to 07-Jul-2014 08:26:07
 median CTD time difference 0.99999 s
 removed 0 pressure spikes
 use 1 time base for W_ctd
 CTD max depth : 1106
 bestlag removed 23 spikes
 lag: 2  correlation: 0.95935
 bestlag removed 25 spikes
 lag: 2  correlation: 0.95908
 bestlag removed 17 spikes
 lag: 2  correlation: 0.98741
 bestlag removed 21 spikes
 lag: 2  correlation: 0.95834
 bestlag removed 16 spikes
 lag: 2  correlation: 0.96018
 bestlag removed 23 spikes
 lag: 2  correlation: 0.95933
 median lag 2
 most popular lag 2
 best correlated lag 2
 BESTTLAG:  lag is: 2  for which 120% of 5 lags agree
 best lag W: 2 CTD scans ~ -2 seconds  corr:0.98741
 adjust ADCP time to CTD time and shift depth record 
 made CTD profile from time series data. 
 update start pos  from:NaN°N     NaN'  NaN°E     NaN'
			to:48°N 42.1356'   45°W 35.3280'
 update end pos    from:NaN°N     NaN'  NaN°E     NaN'
			to:48°N 42.2112'   45°W 35.1744'
==> STEP 6 TOOK 1.2 seconds
#################### step 7: FIND SURFACE & SEA BED ##################
GETDPTHI: Depth from vertical velocity inverse method
 starting run 1 to get LADCP depth
 take soundspeed from CTD profile 
 correct velocities for sound speed 
 use CTD time series depth, will not do depth inversion 
 LADCP minus CTD depth mean: -1.1209  std: 1.5256
 maximum depth from int W is :1106
 should be                   :1106
  bottom found at 1111 +/- 1 m
 correct bin length for sound speed
 removing 881 values below bottom
==> STEP 7 TOOK 1.3 seconds
#################### step 8: APPLY PITCH/ROLL CORRECTIONS ############
==> STEP 8 TOOK 0.0 seconds
#################### step 9: EDIT DATA ###############################
 bin masking               : set 2015 weights to NaN
 side-lobe contamination   : set 1218 weights to NaN
==> STEP 9 TOOK 0.3 seconds
#################### step 10: FORM SUPER ENSEMBLES ###################
PREPINV: prepare data for inversion, form Super-Ensembles
 average profiles over (p.avdz) 9.8673 meter
 discarded 2 bottom tracks velocities because of height above bottom < 50
 reduce weight for larger tilts 0.5 at 10 degree
 mean compass offset based on velocity is 0.49968 deg
 mean compass offset based on tilt is 0.063813 deg
 rot up2down use mean up/down compass
 will not correct for sound speed twice
 remove reference velocity and average ensembles 
 Outlier discarded 167 bins down looking
 Outlier discarded 181 bins up looking
 found 2 bottom track std==0 set to 0.1 m/s
 found 26 finite bottom track ensembles
 discarded 2 bottom tracks velocities because of wstd  > 0.24025
 set 28 weight values to nan  because super ensemble std =0 
 set 62 values to minimum super ensemble std 0.037263
 reduced ensemble size is 177
==> STEP 10 TOOK 4.2 seconds
#################### step 11: REMOVE SUPER-ENSEMBLE OUTLIERS #########
==> STEP 11 TOOK 0.9 seconds
#################### step 12: RE-FORM SUPER ENSEMBLES ################
 mean compass offset based on tilt is 0.063813 deg
 remove first guess ocean velocity from raw data
 adjusted for velocity offset in up and down looking ADCP
 remove first guess ocean velocity from raw data
 rot up2down use mean up/down compass
 rotated earlier, use difference 
 will not correct for sound speed twice
 remove reference velocity and average ensembles 
 Outlier discarded 167 bins down looking
 Outlier discarded 180 bins up looking
 found 2 bottom track std==0 set to 0.1 m/s
 found 26 finite bottom track ensembles
 discarded 2 bottom tracks velocities because of wstd  > 0.24025
 set 29 weight values to nan  because super ensemble std =0 
 set 54 values to minimum super ensemble std 0.037263
 reduced ensemble size is 177
==> STEP 12 TOOK 4.8 seconds
#################### step 13: (RE-)LOAD SADCP DATA ###################
LOADSADCP: load SADCP data file SADCP/SADCP_hud2014017.mat
 found 2 SADCP profiles 
==> STEP 13 TOOK 0.2 seconds
#################### step 14: CALCULATE INVERSE SOLUTION #############
GETINV:  compute best velocity profile
 Barotropic velocity error 0.025327 [m/s]
 super ensemble velocity error 0.01996 [m/s]
 set velocity error to:0.031259 [m/s]
 vertical resolution (ps.dz) is 9.7363 [m]
 use super ensemble std based weights normalized by 0.031259 m/s 
 preaveraged GPS ships vel 1 times 
 remove 684 constaints below minimum weight 
 smooth Ocean velocity profile
 found 2 ill constrained elements will smooth 
 smooth CTD velocity profile
 no smoothness constraint applied 
 bottom inversion 
 24 bottom track ctd-vel weights of about : 2.0324
 weight for bottom track is (ps.botfac) 1
 mean sadcp weight : 1.2243
 weight for SADCP vel is (ps.sadcpfac) 1
 normalized barotropic constrain weight: 1.2342
 mean individual ctd velocity weight : 57.9394
 ready for inversion  length of  d:   5028
           (CTD vel)  length of A1:    176
         (ocean vel)  length of A2:    112
Moore-Penrose inverse
 solve only down trace
 smooth Ocean velocity profile
 found 1 ill constrained elements will smooth 
 smooth CTD velocity profile
 no smoothness constraint applied 
Moore-Penrose inverse w/o errors
 solve only up trace
 smooth Ocean velocity profile
 found 2 ill constrained elements will smooth 
 smooth CTD velocity profile
 no smoothness constraint applied 
Moore-Penrose inverse w/o errors
CHECKINV all values are given in [m/s] 
 Velocity profile error:  0.029  should be about noise:  0.022
 Check bottom track rms:  0.016  should be smaller than  0.060 /  1.000
 Check SADCP        rms:  0.022  should be smaller than  0.039 /  1.000
 GPS-LADCP ship spd diff: 0.003  should be smaller than  0.025 /  1.000
 use reference layer W
CHECKBTRK: check bottom track against U_ctd solution 
 profiles within give acceptable range: 325
  U bias :-0.003 [m/s]  std: 0.040 [m/s]
  V bias : 0.002 [m/s]  std: 0.036 [m/s]
  W bias : 0.009 [m/s]  std: 0.025 [m/s]
  W slope fact :0.0104 [1/m] lower W below bottom 
  W diff :0.3104 [m/s] ping to ping w difference 
  H std :   1.1 [m]  large means bottom is rough/sloped
  Tilt mean :1.5 +/- 0.9 [^o]  
==> STEP 14 TOOK 5.0 seconds
#################### step 15: CALCULATE SHEAR SOLUTION ###############
GETSHEAR2: average shear profile over (ps.dz) 9.7363 [m]
 maximum std (stdf) 2 of data 
 minimum weight  0.1 of data 
 will use 100 % of data 
==> STEP 15 TOOK 0.2 seconds
#################### step 16: CALCULATE DIFFUSIVITY PROFILE ##########
==> STEP 16 TOOK 0.0 seconds
#################### step 17: PLOT RESULTS & SHOW WARNINGS ###########
 do not know calibration of this instrument make a guess: 
 Battery Voltage is 51.6 V
LADCP WARNINGS                               
 warning instruments have no fixed ping rate 
 
 LADCP processing warnings: 
==> STEP 17 TOOK 0.5 seconds
#################### step 18: SAVE OUTPUT ############################
 save results 
