LDEO LADCP software: Version IX_10
#################### step 1: LOAD LADCP DATA #########################
LOADING CHECKPOINT checkpoints/042_0
RE-LOADING PER-CAST PARAMETERS
[Warning: Directory already exists.] 
[> In <a href="matlab: opentoline('U:\LADCP\HUD2013021_Flem_softwareUPDATE\proc\set_cast_params.m',38,1)">set_cast_params at 38</a>
  In <a href="matlab: opentoline('U:\Ladcp\HUD2013021_Flem_softwareUPDATE\begin_processing_step.m',23,1)">begin_processing_step at 23</a>
  In <a href="matlab: opentoline('U:\Ladcp\HUD2013021_Flem_softwareUPDATE\process_cast.m',162,1)">process_cast at 162</a>] 
LOADRDI:
 loading down-data raw/042AD000.000
 read 2016 ensembles with 20 bins each
 loading up-data raw/042AU000.000
 read 2019 ensemble and 20 bins 
 WARNING WARNING WARNING WARNING WARNING WARNING WARNING WARNING 
 warning instruments have no fixed ping rate 
  down dt for common ping number:0.86745  up dt :0.87099 hours 
 find best time match of up-looking ADCP to down looking ADCP
 up instrument is different by 1 ensembles
 WARNING WARNING WARNING WARNING WARNING WARNING WARNING WARNING 
 bestlag removed 92 spikes
 try to shift timeseries by lag: 0 correlation: 0.99284
 shift ADCP timeseries by 0 ensembles
 number of joint ensembles is : 2016
 found 383 finite RDI bottom velocities
 removed 776 values because of error velocity > 0.5 m/s
 removed 21 bottom-track values because of error velocity > 0.5 m/s
 removed  14 values ( 0.69 %) because of horizontal speed > 2.5 m/s
 using whole profile since no start time was given
 multiply weight of bin 1 by 0
 Outlier discarded 1706 bins down looking
 Outlier discarded 20 bottom track
 Outlier discarded 1135 bins up looking
 found local lookup table for serial # to instid 
 FINDLOG: search near file: raw/042AD000.000
 READSERIAL_WH: parse file raw/042AD000.LOG
 serial number is : 16389
 down looking serial number is : 16389
 FINDLOG: search near file: raw/042AU000.000
 READSERIAL_WH: parse file raw/042AU000.LOG
 serial number is : 13984
   up looking serial number is : 13984
==> STEP 1 TOOK 64.4 seconds
#################### step 2: FIX LADCP-DATA PROBLEMS #################
==> STEP 2 TOOK 0.0 seconds
#################### step 3: LOAD GPS DATA ###########################
LOADNAV: load NAV time series CTD/021a042.cnv
 number of NAV scans: 2236  delta t : 0.99999 seconds
executing magdec -46.3503 48.3361 2013 7 4
 corrected for magnetic declination of -17.9 deg
==> STEP 3 TOOK 1.7 seconds
#################### step 4: GET BOTTOM-TRACK DATA ###################
GETBTRACK creates own bottom track in addition to RDI
  in: p.btrk_mode 3 and p.btrk_used 1
 using increased bottom echo amplitudes to create bottom track
 localmax2: found 1110 valid values
 found 46 bottom depth below btrk_range 50
 use 0.5 bins below maximum target strength for own bottom track velocity
 created 617 bottom distances keeping original
 removed 46 bottom track profiles W_btrk - W_ref difference > 0.05
 boutlier removed 16 bottom track velocities 
 created 430 bottom track velocities keeping original
 out: p.btrk_mode 3 and p.btrk_used 1
==> STEP 4 TOOK 0.5 seconds
#################### step 5: LOAD CTD PROFILE ########################
==> STEP 5 TOOK 0.0 seconds
#################### step 6: LOAD CTD TIME SERIES ####################
LOADCTD: load CTD time series CTD/021a042.cnv
 read 2236 CTD scans; median delta_t = 1.00 seconds
 interpolated to 2235 CTD scans; delta_t = 1.00 seconds
 90% LADCP depth  851 at 04-Jul-2013 04:46:21
 90% CTD pressure 839 at 04-Jul-2013 04:41:36
 adjusting GPS time to CTD time (+285 seconds)
 Changed Start Time : 04-Jul-2013 04:18:46  to 04-Jul-2013 04:32:19
 Changed End   Time : 04-Jul-2013 05:10:49  to 04-Jul-2013 05:06:42
 median CTD time difference 0.99999 s
 removed 0 pressure spikes
 use 1 time base for W_ctd
 CTD max depth : 922
 bestlag removed 17 spikes
 lag: 5  correlation: 0.94366
 bestlag removed 23 spikes
 lag: 5  correlation: 0.96806
 bestlag removed 23 spikes
 lag: 5  correlation: 0.98694
 bestlag removed 22 spikes
 lag: 5  correlation: 0.98451
 bestlag removed 15 spikes
 lag: 5  correlation: 0.93469
 median lag 5
 most popular lag 5
 best correlated lag 5
 BESTTLAG:  lag is: 5  for which 125% of 4 lags agree
 best lag W: 5 CTD scans ~ -5 seconds  corr:0.98694
 adjust ADCP time to CTD time and shift depth record 
 made CTD profile from time series data. 
 update start pos  from:NaN°N     NaN'  NaN°E     NaN'
			to:48°N 20.1852'   46°W 21.0636'
 update end pos    from:NaN°N     NaN'  NaN°E     NaN'
			to:48°N 20.1816'   46°W 20.9808'
==> STEP 6 TOOK 1.3 seconds
#################### step 7: FIND SURFACE & SEA BED ##################
GETDPTHI: Depth from vertical velocity inverse method
 starting run 1 to get LADCP depth
 take soundspeed from CTD profile 
 correct velocities for sound speed 
 use CTD time series depth, will not do depth inversion 
 LADCP minus CTD depth mean: -2.44  std: 2.2906
 maximum depth from int W is :922
 should be                   :922
  bottom found at 931 +/- 0 m
 correct bin length for sound speed
 removing 626 values below bottom
==> STEP 7 TOOK 1.2 seconds
#################### step 8: APPLY PITCH/ROLL CORRECTIONS ############
==> STEP 8 TOOK 0.0 seconds
#################### step 9: EDIT DATA ###############################
 bin masking               : set 2432 weights to NaN
 side-lobe contamination   : set 1299 weights to NaN
 spike filter              : set 19 weights to NaN
==> STEP 9 TOOK 0.3 seconds
#################### step 10: FORM SUPER ENSEMBLES ###################
PREPINV: prepare data for inversion, form Super-Ensembles
 average profiles over (p.avdz) 9.8158 meter
 discarded 1 bottom tracks velocities because of height above bottom < 50
 reduce weight for larger tilts 0.5 at 10 degree
 mean compass offset based on velocity is -1.2926 deg
 mean compass offset based on tilt is -2.0564 deg
 rot up2down use mean up/down compass
 will not correct for sound speed twice
 remove reference velocity and average ensembles 
 Outlier discarded 108 bins down looking
 Outlier discarded 124 bins up looking
 found 0 bottom track std==0 set to 0.1 m/s
 found 26 finite bottom track ensembles
 discarded 4 bottom tracks velocities because of wstd  > 0.11971
 set 30 weight values to nan  because super ensemble std =0 
 set 99 values to minimum super ensemble std 0.045669
 reduced ensemble size is 148
==> STEP 10 TOOK 3.6 seconds
#################### step 11: REMOVE SUPER-ENSEMBLE OUTLIERS #########
==> STEP 11 TOOK 0.9 seconds
#################### step 12: RE-FORM SUPER ENSEMBLES ################
 mean compass offset based on tilt is -2.0564 deg
 remove first guess ocean velocity from raw data
 adjusted for velocity offset in up and down looking ADCP
 remove first guess ocean velocity from raw data
 rot up2down use mean up/down compass
 rotated earlier, use difference 
 will not correct for sound speed twice
 remove reference velocity and average ensembles 
 Outlier discarded 109 bins down looking
 Outlier discarded 120 bins up looking
 found 0 bottom track std==0 set to 0.1 m/s
 found 26 finite bottom track ensembles
 discarded 4 bottom tracks velocities because of wstd  > 0.11971
 set 29 weight values to nan  because super ensemble std =0 
 set 116 values to minimum super ensemble std 0.045669
 reduced ensemble size is 148
==> STEP 12 TOOK 4.1 seconds
#################### step 13: (RE-)LOAD SADCP DATA ###################
LOADSADCP: load SADCP data file SADCP/SADCP_hud2013021.mat
 found 2 SADCP profiles 
==> STEP 13 TOOK 0.2 seconds
#################### step 14: CALCULATE INVERSE SOLUTION #############
GETINV:  compute best velocity profile
 Barotropic velocity error 0.029084 [m/s]
 super ensemble velocity error 0.024462 [m/s]
 set velocity error to:0.039139 [m/s]
 vertical resolution (ps.dz) is 9.7976 [m]
 use super ensemble std based weights normalized by 0.039139 m/s 
 preaveraged GPS ships vel 1 times 
 remove 703 constaints below minimum weight 
 smooth Ocean velocity profile
 found 2 ill constrained elements will smooth 
 smooth CTD velocity profile
 no smoothness constraint applied 
 bottom inversion 
 22 bottom track ctd-vel weights of about : 2.6529
 weight for bottom track is (ps.botfac) 1
 mean sadcp weight : 0.99559
 weight for SADCP vel is (ps.sadcpfac) 1
 normalized barotropic constrain weight: 1.3457
 mean individual ctd velocity weight : 58.1389
 ready for inversion  length of  d:   3947
           (CTD vel)  length of A1:    148
         (ocean vel)  length of A2:     94
Moore-Penrose inverse
 solve only down trace
 smooth Ocean velocity profile
 found 2 ill constrained elements will smooth 
 smooth CTD velocity profile
 no smoothness constraint applied 
Moore-Penrose inverse w/o errors
 solve only up trace
 smooth Ocean velocity profile
 found 2 ill constrained elements will smooth 
 smooth CTD velocity profile
 found 1 ill constrained elements will smooth 
Moore-Penrose inverse w/o errors
CHECKINV all values are given in [m/s] 
 Velocity profile error:  0.038  should be about noise:  0.028
 Check bottom track rms:  0.011  should be smaller than  0.061 /  1.000
 Check SADCP        rms:  0.030  should be smaller than  0.052 /  1.000
 GPS-LADCP ship spd diff: 0.002  should be smaller than  0.029 /  1.000
 use reference layer W
CHECKBTRK: check bottom track against U_ctd solution 
 profiles within give acceptable range: 382
  U bias :-0.002 [m/s]  std: 0.048 [m/s]
  V bias :-0.001 [m/s]  std: 0.047 [m/s]
  W bias : 0.010 [m/s]  std: 0.018 [m/s]
  W slope fact :0.0078 [1/m] lower W below bottom 
  W diff :0.2047 [m/s] ping to ping w difference 
  H std :   0.7 [m]  large means bottom is rough/sloped
  Tilt mean :2.1 +/- 0.9 [^o]  
==> STEP 14 TOOK 4.6 seconds
#################### step 15: CALCULATE SHEAR SOLUTION ###############
GETSHEAR2: average shear profile over (ps.dz) 9.7976 [m]
 maximum std (stdf) 2 of data 
 minimum weight  0.1 of data 
 will use 100 % of data 
==> STEP 15 TOOK 0.2 seconds
#################### step 16: CALCULATE DIFFUSIVITY PROFILE ##########
==> STEP 16 TOOK 0.0 seconds
#################### step 17: PLOT RESULTS & SHOW WARNINGS ###########
 do not know calibration of this instrument make a guess: 
 Battery Voltage is 50.6 V
LADCP WARNINGS                               
 warning instruments have no fixed ping rate 
 
 LADCP processing warnings: 
==> STEP 17 TOOK 0.5 seconds
#################### step 18: SAVE OUTPUT ############################
 save results 
