LDEO LADCP software: Version IX_10
#################### step 1: LOAD LADCP DATA #########################
LOADING CHECKPOINT checkpoints/018_0
RE-LOADING PER-CAST PARAMETERS
[Warning: Directory already exists.] 
[> In <a href="matlab: opentoline('U:\LADCP\HUD2013021_Flem_softwareUPDATE\proc\set_cast_params.m',38,1)">set_cast_params at 38</a>
  In <a href="matlab: opentoline('U:\LADCP\HUD2013021_Flem_softwareUPDATE\begin_processing_step.m',23,1)">begin_processing_step at 23</a>
  In <a href="matlab: opentoline('U:\LADCP\HUD2013021_Flem_softwareUPDATE\process_cast.m',162,1)">process_cast at 162</a>] 
LOADRDI:
 loading down-data raw/018AD000.000
 read 1929 ensembles with 20 bins each
 loading up-data raw/018AU000.000
 read 1932 ensemble and 20 bins 
 WARNING WARNING WARNING WARNING WARNING WARNING WARNING WARNING 
 warning instruments have no fixed ping rate 
  down dt for common ping number:0.83001  up dt :0.83354 hours 
 find best time match of up-looking ADCP to down looking ADCP
 up instrument is different by 1 ensembles
 WARNING WARNING WARNING WARNING WARNING WARNING WARNING WARNING 
 bestlag removed 87 spikes
 try to shift timeseries by lag: 0 correlation: 0.99023
 shift ADCP timeseries by 0 ensembles
 number of joint ensembles is : 1929
 found 292 finite RDI bottom velocities
 removed 1206 values because of error velocity > 0.5 m/s
 removed 19 bottom-track values because of error velocity > 0.5 m/s
 removed  55 values ( 2.85 %) because of horizontal speed > 2.5 m/s
 using whole profile since no start time was given
 removed 5 profiles due to tilt derivative > 4 degrees
 multiply weight of bin 1 by 0
 Outlier discarded 1623 bins down looking
 Outlier discarded 24 bottom track
 Outlier discarded 1300 bins up looking
 found local lookup table for serial # to instid 
 FINDLOG: search near file: raw/018AD000.000
 READSERIAL_WH: parse file raw/018AD000.LOG
 serial number is : 16389
 down looking serial number is : 16389
 FINDLOG: search near file: raw/018AU000.000
 READSERIAL_WH: parse file raw/018AU000.LOG
 serial number is : 13984
   up looking serial number is : 13984
==> STEP 1 TOOK 49.3 seconds
#################### step 2: FIX LADCP-DATA PROBLEMS #################
==> STEP 2 TOOK 0.0 seconds
#################### step 3: LOAD GPS DATA ###########################
LOADNAV: load NAV time series CTD/021a018.cnv
 number of NAV scans: 2354  delta t : 0.99999 seconds
executing magdec -46.7412 47.002 2013 7 2
 corrected for magnetic declination of -17.6 deg
==> STEP 3 TOOK 1.4 seconds
#################### step 4: GET BOTTOM-TRACK DATA ###################
GETBTRACK creates own bottom track in addition to RDI
  in: p.btrk_mode 3 and p.btrk_used 1
 using increased bottom echo amplitudes to create bottom track
 localmax2: found 1258 valid values
 found 39 bottom depth below btrk_range 50
 use 0.5 bins below maximum target strength for own bottom track velocity
 created 634 bottom distances keeping original
 removed 59 bottom track profiles W_btrk - W_ref difference > 0.05
 boutlier removed 27 bottom track velocities 
 created 443 bottom track velocities keeping original
 out: p.btrk_mode 3 and p.btrk_used 1
==> STEP 4 TOOK 0.5 seconds
#################### step 5: LOAD CTD PROFILE ########################
==> STEP 5 TOOK 0.0 seconds
#################### step 6: LOAD CTD TIME SERIES ####################
LOADCTD: load CTD time series CTD/021a018.cnv
 read 2354 CTD scans; median delta_t = 1.00 seconds
 interpolated to 2353 CTD scans; delta_t = 1.00 seconds
 90% LADCP depth  1020 at 02-Jul-2013 04:07:07
 90% CTD pressure 1034 at 02-Jul-2013 04:05:28
 adjusting GPS time to CTD time (+99 seconds)
 Changed Start Time : 02-Jul-2013 03:41:36  to 02-Jul-2013 03:50:46
 Changed End   Time : 02-Jul-2013 04:31:24  to 02-Jul-2013 04:27:42
 median CTD time difference 0.99999 s
 removed 0 pressure spikes
 use 1 time base for W_ctd
 CTD max depth : 1136
 bestlag removed 23 spikes
 lag: -1  correlation: 0.96008
 bestlag removed 22 spikes
 lag: -1  correlation: 0.94874
 bestlag removed 25 spikes
 lag: -1  correlation: 0.96744
 bestlag removed 18 spikes
 lag: -1  correlation: 0.94623
 bestlag removed 21 spikes
 lag: -1  correlation: 0.95582
 bestlag removed 15 spikes
 acceleration lag: -1  correlation: 0.77188
 bestlag removed 115 spikes
 all data lag: -1  correlation: 0.99624
 median lag -1
 most popular lag -1
 best correlated lag -1
 BESTTLAG:  lag is: -1  for which 175% of 4 lags agree
 best lag W: -1 CTD scans ~ 1 seconds  corr:0.99624
 adjust ADCP time to CTD time and shift depth record 
 made CTD profile from time series data. 
 update start pos  from:NaN°N     NaN'  NaN°E     NaN'
			to:47°N  0.0504'   46°W 44.5020'
 update end pos    from:NaN°N     NaN'  NaN°E     NaN'
			to:47°N  0.2052'   46°W 44.4996'
==> STEP 6 TOOK 1.4 seconds
#################### step 7: FIND SURFACE & SEA BED ##################
GETDPTHI: Depth from vertical velocity inverse method
 starting run 1 to get LADCP depth
 take soundspeed from CTD profile 
 correct velocities for sound speed 
 use CTD time series depth, will not do depth inversion 
 LADCP minus CTD depth mean: -1.4333  std: 2.6271
 maximum depth from int W is :1136
 should be                   :1136
  bottom found at 1144 +/- 0 m
 correct bin length for sound speed
 removing 241 values below bottom
==> STEP 7 TOOK 1.1 seconds
#################### step 8: APPLY PITCH/ROLL CORRECTIONS ############
==> STEP 8 TOOK 0.0 seconds
#################### step 9: EDIT DATA ###############################
 bin masking               : set 2426 weights to NaN
 side-lobe contamination   : set 978 weights to NaN
 spike filter              : set 12 weights to NaN
==> STEP 9 TOOK 0.3 seconds
#################### step 10: FORM SUPER ENSEMBLES ###################
PREPINV: prepare data for inversion, form Super-Ensembles
 average profiles over (p.avdz) 9.8082 meter
 discarded 1 bottom tracks velocities because of height above bottom < 50
 reduce weight for larger tilts 0.5 at 10 degree
 mean compass offset based on velocity is -1.243 deg
 mean compass offset based on tilt is -1.118 deg
 rot up2down use mean up/down compass
 will not correct for sound speed twice
 remove reference velocity and average ensembles 
 Outlier discarded 167 bins down looking
 Outlier discarded 228 bins up looking
 found 2 bottom track std==0 set to 0.1 m/s
 found 26 finite bottom track ensembles
 discarded 2 bottom tracks velocities because of wstd  > 0.17897
 set 26 weight values to nan  because super ensemble std =0 
 set 45 values to minimum super ensemble std 0.044852
 reduced ensemble size is 184
==> STEP 10 TOOK 4.3 seconds
#################### step 11: REMOVE SUPER-ENSEMBLE OUTLIERS #########
==> STEP 11 TOOK 1.0 seconds
#################### step 12: RE-FORM SUPER ENSEMBLES ################
 mean compass offset based on tilt is -1.118 deg
 remove first guess ocean velocity from raw data
 adjusted for velocity offset in up and down looking ADCP
 remove first guess ocean velocity from raw data
 rot up2down use mean up/down compass
 rotated earlier, use difference 
 will not correct for sound speed twice
 remove reference velocity and average ensembles 
 Outlier discarded 167 bins down looking
 Outlier discarded 225 bins up looking
 found 2 bottom track std==0 set to 0.1 m/s
 found 26 finite bottom track ensembles
 discarded 2 bottom tracks velocities because of wstd  > 0.17897
 set 25 weight values to nan  because super ensemble std =0 
 set 44 values to minimum super ensemble std 0.044852
 reduced ensemble size is 184
==> STEP 12 TOOK 4.9 seconds
#################### step 13: (RE-)LOAD SADCP DATA ###################
LOADSADCP: load SADCP data file SADCP/SADCP_hud2013021.mat
 found 2 SADCP profiles 
==> STEP 13 TOOK 0.2 seconds
#################### step 14: CALCULATE INVERSE SOLUTION #############
GETINV:  compute best velocity profile
 Barotropic velocity error 0.027076 [m/s]
 super ensemble velocity error 0.021575 [m/s]
 set velocity error to:0.037607 [m/s]
 vertical resolution (ps.dz) is 9.8098 [m]
 use super ensemble std based weights normalized by 0.037607 m/s 
 preaveraged GPS ships vel 1 times 
 remove 687 constaints below minimum weight 
 smooth Ocean velocity profile
 found 1 ill constrained elements will smooth 
 smooth CTD velocity profile
 no smoothness constraint applied 
 bottom inversion 
 24 bottom track ctd-vel weights of about : 1.6961
 weight for bottom track is (ps.botfac) 1
 mean sadcp weight : 2.1827
 weight for SADCP vel is (ps.sadcpfac) 1
 normalized barotropic constrain weight: 1.389
 mean individual ctd velocity weight : 65.7773
 ready for inversion  length of  d:   5227
           (CTD vel)  length of A1:    184
         (ocean vel)  length of A2:    115
Moore-Penrose inverse
 solve only down trace
 smooth Ocean velocity profile
 found 1 ill constrained elements will smooth 
 smooth CTD velocity profile
 no smoothness constraint applied 
Moore-Penrose inverse w/o errors
 solve only up trace
 smooth Ocean velocity profile
 found 3 ill constrained elements will smooth 
 smooth CTD velocity profile
 found 1 ill constrained elements will smooth 
Moore-Penrose inverse w/o errors
CHECKINV all values are given in [m/s] 
 Velocity profile error:  0.037  should be about noise:  0.027
 Check bottom track rms:  0.023  should be smaller than  0.077 /  1.000
 Check SADCP        rms:  0.015  should be smaller than  0.021 /  1.000
 GPS-LADCP ship spd diff: 0.001  should be smaller than  0.027 /  1.000
 use reference layer W
CHECKBTRK: check bottom track against U_ctd solution 
 profiles within give acceptable range: 301
  U bias :-0.004 [m/s]  std: 0.043 [m/s]
  V bias :-0.006 [m/s]  std: 0.054 [m/s]
  W bias : 0.008 [m/s]  std: 0.023 [m/s]
  W slope fact :0.0034 [1/m] lower W below bottom 
  W diff :0.2367 [m/s] ping to ping w difference 
  H std :   0.7 [m]  large means bottom is rough/sloped
  Tilt mean :2.8 +/- 1.2 [^o]  
==> STEP 14 TOOK 5.7 seconds
#################### step 15: CALCULATE SHEAR SOLUTION ###############
GETSHEAR2: average shear profile over (ps.dz) 9.8098 [m]
 maximum std (stdf) 2 of data 
 minimum weight  0.1 of data 
 will use 100 % of data 
==> STEP 15 TOOK 0.2 seconds
#################### step 16: CALCULATE DIFFUSIVITY PROFILE ##########
==> STEP 16 TOOK 0.0 seconds
#################### step 17: PLOT RESULTS & SHOW WARNINGS ###########
 do not know calibration of this instrument make a guess: 
 Battery Voltage is 50 V
LADCP WARNINGS                               
 warning instruments have no fixed ping rate 
 
 LADCP processing warnings: 
==> STEP 17 TOOK 0.4 seconds
#################### step 18: SAVE OUTPUT ############################
 save results 
